{"$message_type":"diagnostic","message":"file not found for module `schema`","code":{"code":"E0583","explanation":"A file wasn't found for an out-of-line module.\n\nErroneous code example:\n\n```compile_fail,E0583\nmod file_that_doesnt_exist; // error: file not found for module\n\nfn main() {}\n```\n\nPlease be sure that a file corresponding to the module exists. If you\nwant to use a module named `file_that_doesnt_exist`, you need to have a file\nnamed `file_that_doesnt_exist.rs` or `file_that_doesnt_exist/mod.rs` in the\nsame directory.\n"},"level":"error","spans":[{"file_name":"src/lib.rs","byte_start":2350,"byte_end":2361,"line_start":64,"line_end":64,"column_start":1,"column_end":12,"is_primary":true,"text":[{"text":"mod schema;","highlight_start":1,"highlight_end":12}],"label":null,"suggested_replacement":null,"suggestion_applicability":null,"expansion":null}],"children":[{"message":"to create the module `schema`, create file \"src/schema.rs\" or \"src/schema/mod.rs\"","code":null,"level":"help","spans":[],"children":[],"rendered":null},{"message":"if there is a `mod schema` elsewhere in the crate already, import it with `use crate::...` instead","code":null,"level":"note","spans":[],"children":[],"rendered":null}],"rendered":"\u001b[0m\u001b[1m\u001b[38;5;9merror[E0583]\u001b[0m\u001b[0m\u001b[1m: file not found for module `schema`\u001b[0m\n\u001b[0m  \u001b[0m\u001b[0m\u001b[1m\u001b[38;5;12m--> \u001b[0m\u001b[0msrc/lib.rs:64:1\u001b[0m\n\u001b[0m   \u001b[0m\u001b[0m\u001b[1m\u001b[38;5;12m|\u001b[0m\n\u001b[0m\u001b[1m\u001b[38;5;12m64\u001b[0m\u001b[0m \u001b[0m\u001b[0m\u001b[1m\u001b[38;5;12m|\u001b[0m\u001b[0m \u001b[0m\u001b[0mmod schema;\u001b[0m\n\u001b[0m   \u001b[0m\u001b[0m\u001b[1m\u001b[38;5;12m|\u001b[0m\u001b[0m \u001b[0m\u001b[0m\u001b[1m\u001b[38;5;9m^^^^^^^^^^^\u001b[0m\n\u001b[0m   \u001b[0m\u001b[0m\u001b[1m\u001b[38;5;12m|\u001b[0m\n\u001b[0m   \u001b[0m\u001b[0m\u001b[1m\u001b[38;5;12m= \u001b[0m\u001b[0m\u001b[1mhelp\u001b[0m\u001b[0m: to create the module `schema`, create file \"src/schema.rs\" or \"src/schema/mod.rs\"\u001b[0m\n\u001b[0m   \u001b[0m\u001b[0m\u001b[1m\u001b[38;5;12m= \u001b[0m\u001b[0m\u001b[1mnote\u001b[0m\u001b[0m: if there is a `mod schema` elsewhere in the crate already, import it with `use crate::...` instead\u001b[0m\n\n"}
{"$message_type":"diagnostic","message":"unresolved import `clickhouse::Options`","code":{"code":"E0432","explanation":"An import was unresolved.\n\nErroneous code example:\n\n```compile_fail,E0432\nuse something::Foo; // error: unresolved import `something::Foo`.\n```\n\nIn Rust 2015, paths in `use` statements are relative to the crate root. To\nimport items relative to the current and parent modules, use the `self::` and\n`super::` prefixes, respectively.\n\nIn Rust 2018 or later, paths in `use` statements are relative to the current\nmodule unless they begin with the name of a crate or a literal `crate::`, in\nwhich case they start from the crate root. As in Rust 2015 code, the `self::`\nand `super::` prefixes refer to the current and parent modules respectively.\n\nAlso verify that you didn't misspell the import name and that the import exists\nin the module from where you tried to import it. Example:\n\n```\nuse self::something::Foo; // Ok.\n\nmod something {\n    pub struct Foo;\n}\n# fn main() {}\n```\n\nIf you tried to use a module from an external crate and are using Rust 2015,\nyou may have missed the `extern crate` declaration (which is usually placed in\nthe crate root):\n\n```edition2015\nextern crate core; // Required to use the `core` crate in Rust 2015.\n\nuse core::any;\n# fn main() {}\n```\n\nSince Rust 2018 the `extern crate` declaration is not required and\nyou can instead just `use` it:\n\n```edition2018\nuse core::any; // No extern crate required in Rust 2018.\n# fn main() {}\n```\n"},"level":"error","spans":[{"file_name":"src/exporter.rs","byte_start":228,"byte_end":235,"line_start":6,"line_end":6,"column_start":26,"column_end":33,"is_primary":true,"text":[{"text":"use clickhouse::{Client, Options}; // Use correct crate name","highlight_start":26,"highlight_end":33}],"label":"no `Options` in the root","suggested_replacement":null,"suggestion_applicability":null,"expansion":null}],"children":[],"rendered":"\u001b[0m\u001b[1m\u001b[38;5;9merror[E0432]\u001b[0m\u001b[0m\u001b[1m: unresolved import `clickhouse::Options`\u001b[0m\n\u001b[0m \u001b[0m\u001b[0m\u001b[1m\u001b[38;5;12m--> \u001b[0m\u001b[0msrc/exporter.rs:6:26\u001b[0m\n\u001b[0m  \u001b[0m\u001b[0m\u001b[1m\u001b[38;5;12m|\u001b[0m\n\u001b[0m\u001b[1m\u001b[38;5;12m6\u001b[0m\u001b[0m \u001b[0m\u001b[0m\u001b[1m\u001b[38;5;12m|\u001b[0m\u001b[0m \u001b[0m\u001b[0muse clickhouse::{Client, Options}; // Use correct crate name\u001b[0m\n\u001b[0m  \u001b[0m\u001b[0m\u001b[1m\u001b[38;5;12m|\u001b[0m\u001b[0m                          \u001b[0m\u001b[0m\u001b[1m\u001b[38;5;9m^^^^^^^\u001b[0m\u001b[0m \u001b[0m\u001b[0m\u001b[1m\u001b[38;5;9mno `Options` in the root\u001b[0m\n\n"}
{"$message_type":"diagnostic","message":"unresolved import `opentelemetry::trace::StatusCode`","code":{"code":"E0432","explanation":"An import was unresolved.\n\nErroneous code example:\n\n```compile_fail,E0432\nuse something::Foo; // error: unresolved import `something::Foo`.\n```\n\nIn Rust 2015, paths in `use` statements are relative to the crate root. To\nimport items relative to the current and parent modules, use the `self::` and\n`super::` prefixes, respectively.\n\nIn Rust 2018 or later, paths in `use` statements are relative to the current\nmodule unless they begin with the name of a crate or a literal `crate::`, in\nwhich case they start from the crate root. As in Rust 2015 code, the `self::`\nand `super::` prefixes refer to the current and parent modules respectively.\n\nAlso verify that you didn't misspell the import name and that the import exists\nin the module from where you tried to import it. Example:\n\n```\nuse self::something::Foo; // Ok.\n\nmod something {\n    pub struct Foo;\n}\n# fn main() {}\n```\n\nIf you tried to use a module from an external crate and are using Rust 2015,\nyou may have missed the `extern crate` declaration (which is usually placed in\nthe crate root):\n\n```edition2015\nextern crate core; // Required to use the `core` crate in Rust 2015.\n\nuse core::any;\n# fn main() {}\n```\n\nSince Rust 2018 the `extern crate` declaration is not required and\nyou can instead just `use` it:\n\n```edition2018\nuse core::any; // No extern crate required in Rust 2018.\n# fn main() {}\n```\n"},"level":"error","spans":[{"file_name":"src/model.rs","byte_start":76,"byte_end":86,"line_start":2,"line_end":2,"column_start":38,"column_end":48,"is_primary":true,"text":[{"text":"use opentelemetry::trace::{SpanKind, StatusCode};","highlight_start":38,"highlight_end":48}],"label":"no `StatusCode` in `trace`","suggested_replacement":null,"suggestion_applicability":null,"expansion":null}],"children":[],"rendered":"\u001b[0m\u001b[1m\u001b[38;5;9merror[E0432]\u001b[0m\u001b[0m\u001b[1m: unresolved import `opentelemetry::trace::StatusCode`\u001b[0m\n\u001b[0m \u001b[0m\u001b[0m\u001b[1m\u001b[38;5;12m--> \u001b[0m\u001b[0msrc/model.rs:2:38\u001b[0m\n\u001b[0m  \u001b[0m\u001b[0m\u001b[1m\u001b[38;5;12m|\u001b[0m\n\u001b[0m\u001b[1m\u001b[38;5;12m2\u001b[0m\u001b[0m \u001b[0m\u001b[0m\u001b[1m\u001b[38;5;12m|\u001b[0m\u001b[0m \u001b[0m\u001b[0muse opentelemetry::trace::{SpanKind, StatusCode};\u001b[0m\n\u001b[0m  \u001b[0m\u001b[0m\u001b[1m\u001b[38;5;12m|\u001b[0m\u001b[0m                                      \u001b[0m\u001b[0m\u001b[1m\u001b[38;5;9m^^^^^^^^^^\u001b[0m\u001b[0m \u001b[0m\u001b[0m\u001b[1m\u001b[38;5;9mno `StatusCode` in `trace`\u001b[0m\n\n"}
{"$message_type":"diagnostic","message":"failed to resolve: could not find `Row` in `clickhouse`","code":{"code":"E0433","explanation":"An undeclared crate, module, or type was used.\n\nErroneous code example:\n\n```compile_fail,E0433\nlet map = HashMap::new();\n// error: failed to resolve: use of undeclared type `HashMap`\n```\n\nPlease verify you didn't misspell the type/module's name or that you didn't\nforget to import it:\n\n```\nuse std::collections::HashMap; // HashMap has been imported.\nlet map: HashMap<u32, u32> = HashMap::new(); // So it can be used!\n```\n\nIf you've expected to use a crate name:\n\n```compile_fail\nuse ferris_wheel::BigO;\n// error: failed to resolve: use of undeclared module or unlinked crate\n```\n\nMake sure the crate has been added as a dependency in `Cargo.toml`.\n\nTo use a module from your current crate, add the `crate::` prefix to the path.\n"},"level":"error","spans":[{"file_name":"src/model.rs","byte_start":2016,"byte_end":2019,"line_start":56,"line_end":56,"column_start":22,"column_end":25,"is_primary":true,"text":[{"text":"#[derive(clickhouse::Row, Serialize, Debug, Clone)]","highlight_start":22,"highlight_end":25}],"label":"could not find `Row` in `clickhouse`","suggested_replacement":null,"suggestion_applicability":null,"expansion":null}],"children":[],"rendered":"\u001b[0m\u001b[1m\u001b[38;5;9merror[E0433]\u001b[0m\u001b[0m\u001b[1m: failed to resolve: could not find `Row` in `clickhouse`\u001b[0m\n\u001b[0m  \u001b[0m\u001b[0m\u001b[1m\u001b[38;5;12m--> \u001b[0m\u001b[0msrc/model.rs:56:22\u001b[0m\n\u001b[0m   \u001b[0m\u001b[0m\u001b[1m\u001b[38;5;12m|\u001b[0m\n\u001b[0m\u001b[1m\u001b[38;5;12m56\u001b[0m\u001b[0m \u001b[0m\u001b[0m\u001b[1m\u001b[38;5;12m|\u001b[0m\u001b[0m \u001b[0m\u001b[0m#[derive(clickhouse::Row, Serialize, Debug, Clone)]\u001b[0m\n\u001b[0m   \u001b[0m\u001b[0m\u001b[1m\u001b[38;5;12m|\u001b[0m\u001b[0m                      \u001b[0m\u001b[0m\u001b[1m\u001b[38;5;9m^^^\u001b[0m\u001b[0m \u001b[0m\u001b[0m\u001b[1m\u001b[38;5;9mcould not find `Row` in `clickhouse`\u001b[0m\n\n"}
{"$message_type":"diagnostic","message":"failed to resolve: could not find `Row` in `clickhouse`","code":{"code":"E0433","explanation":"An undeclared crate, module, or type was used.\n\nErroneous code example:\n\n```compile_fail,E0433\nlet map = HashMap::new();\n// error: failed to resolve: use of undeclared type `HashMap`\n```\n\nPlease verify you didn't misspell the type/module's name or that you didn't\nforget to import it:\n\n```\nuse std::collections::HashMap; // HashMap has been imported.\nlet map: HashMap<u32, u32> = HashMap::new(); // So it can be used!\n```\n\nIf you've expected to use a crate name:\n\n```compile_fail\nuse ferris_wheel::BigO;\n// error: failed to resolve: use of undeclared module or unlinked crate\n```\n\nMake sure the crate has been added as a dependency in `Cargo.toml`.\n\nTo use a module from your current crate, add the `crate::` prefix to the path.\n"},"level":"error","spans":[{"file_name":"src/model.rs","byte_start":3263,"byte_end":3266,"line_start":94,"line_end":94,"column_start":22,"column_end":25,"is_primary":true,"text":[{"text":"#[derive(clickhouse::Row, Serialize, Debug, Clone)]","highlight_start":22,"highlight_end":25}],"label":"could not find `Row` in `clickhouse`","suggested_replacement":null,"suggestion_applicability":null,"expansion":null}],"children":[],"rendered":"\u001b[0m\u001b[1m\u001b[38;5;9merror[E0433]\u001b[0m\u001b[0m\u001b[1m: failed to resolve: could not find `Row` in `clickhouse`\u001b[0m\n\u001b[0m  \u001b[0m\u001b[0m\u001b[1m\u001b[38;5;12m--> \u001b[0m\u001b[0msrc/model.rs:94:22\u001b[0m\n\u001b[0m   \u001b[0m\u001b[0m\u001b[1m\u001b[38;5;12m|\u001b[0m\n\u001b[0m\u001b[1m\u001b[38;5;12m94\u001b[0m\u001b[0m \u001b[0m\u001b[0m\u001b[1m\u001b[38;5;12m|\u001b[0m\u001b[0m \u001b[0m\u001b[0m#[derive(clickhouse::Row, Serialize, Debug, Clone)]\u001b[0m\n\u001b[0m   \u001b[0m\u001b[0m\u001b[1m\u001b[38;5;12m|\u001b[0m\u001b[0m                      \u001b[0m\u001b[0m\u001b[1m\u001b[38;5;9m^^^\u001b[0m\u001b[0m \u001b[0m\u001b[0m\u001b[1m\u001b[38;5;9mcould not find `Row` in `clickhouse`\u001b[0m\n\n"}
{"$message_type":"diagnostic","message":"failed to resolve: could not find `Row` in `clickhouse`","code":{"code":"E0433","explanation":"An undeclared crate, module, or type was used.\n\nErroneous code example:\n\n```compile_fail,E0433\nlet map = HashMap::new();\n// error: failed to resolve: use of undeclared type `HashMap`\n```\n\nPlease verify you didn't misspell the type/module's name or that you didn't\nforget to import it:\n\n```\nuse std::collections::HashMap; // HashMap has been imported.\nlet map: HashMap<u32, u32> = HashMap::new(); // So it can be used!\n```\n\nIf you've expected to use a crate name:\n\n```compile_fail\nuse ferris_wheel::BigO;\n// error: failed to resolve: use of undeclared module or unlinked crate\n```\n\nMake sure the crate has been added as a dependency in `Cargo.toml`.\n\nTo use a module from your current crate, add the `crate::` prefix to the path.\n"},"level":"error","spans":[{"file_name":"src/model.rs","byte_start":3537,"byte_end":3540,"line_start":104,"line_end":104,"column_start":22,"column_end":25,"is_primary":true,"text":[{"text":"#[derive(clickhouse::Row, Serialize, Debug, Clone)]","highlight_start":22,"highlight_end":25}],"label":"could not find `Row` in `clickhouse`","suggested_replacement":null,"suggestion_applicability":null,"expansion":null}],"children":[],"rendered":"\u001b[0m\u001b[1m\u001b[38;5;9merror[E0433]\u001b[0m\u001b[0m\u001b[1m: failed to resolve: could not find `Row` in `clickhouse`\u001b[0m\n\u001b[0m   \u001b[0m\u001b[0m\u001b[1m\u001b[38;5;12m--> \u001b[0m\u001b[0msrc/model.rs:104:22\u001b[0m\n\u001b[0m    \u001b[0m\u001b[0m\u001b[1m\u001b[38;5;12m|\u001b[0m\n\u001b[0m\u001b[1m\u001b[38;5;12m104\u001b[0m\u001b[0m \u001b[0m\u001b[0m\u001b[1m\u001b[38;5;12m|\u001b[0m\u001b[0m \u001b[0m\u001b[0m#[derive(clickhouse::Row, Serialize, Debug, Clone)]\u001b[0m\n\u001b[0m    \u001b[0m\u001b[0m\u001b[1m\u001b[38;5;12m|\u001b[0m\u001b[0m                      \u001b[0m\u001b[0m\u001b[1m\u001b[38;5;9m^^^\u001b[0m\u001b[0m \u001b[0m\u001b[0m\u001b[1m\u001b[38;5;9mcould not find `Row` in `clickhouse`\u001b[0m\n\n"}
{"$message_type":"diagnostic","message":"failed to resolve: could not find `Row` in `clickhouse`","code":{"code":"E0433","explanation":"An undeclared crate, module, or type was used.\n\nErroneous code example:\n\n```compile_fail,E0433\nlet map = HashMap::new();\n// error: failed to resolve: use of undeclared type `HashMap`\n```\n\nPlease verify you didn't misspell the type/module's name or that you didn't\nforget to import it:\n\n```\nuse std::collections::HashMap; // HashMap has been imported.\nlet map: HashMap<u32, u32> = HashMap::new(); // So it can be used!\n```\n\nIf you've expected to use a crate name:\n\n```compile_fail\nuse ferris_wheel::BigO;\n// error: failed to resolve: use of undeclared module or unlinked crate\n```\n\nMake sure the crate has been added as a dependency in `Cargo.toml`.\n\nTo use a module from your current crate, add the `crate::` prefix to the path.\n"},"level":"error","spans":[{"file_name":"src/model.rs","byte_start":3866,"byte_end":3869,"line_start":116,"line_end":116,"column_start":22,"column_end":25,"is_primary":true,"text":[{"text":"#[derive(clickhouse::Row, Serialize, Debug, Clone)]","highlight_start":22,"highlight_end":25}],"label":"could not find `Row` in `clickhouse`","suggested_replacement":null,"suggestion_applicability":null,"expansion":null}],"children":[],"rendered":"\u001b[0m\u001b[1m\u001b[38;5;9merror[E0433]\u001b[0m\u001b[0m\u001b[1m: failed to resolve: could not find `Row` in `clickhouse`\u001b[0m\n\u001b[0m   \u001b[0m\u001b[0m\u001b[1m\u001b[38;5;12m--> \u001b[0m\u001b[0msrc/model.rs:116:22\u001b[0m\n\u001b[0m    \u001b[0m\u001b[0m\u001b[1m\u001b[38;5;12m|\u001b[0m\n\u001b[0m\u001b[1m\u001b[38;5;12m116\u001b[0m\u001b[0m \u001b[0m\u001b[0m\u001b[1m\u001b[38;5;12m|\u001b[0m\u001b[0m \u001b[0m\u001b[0m#[derive(clickhouse::Row, Serialize, Debug, Clone)]\u001b[0m\n\u001b[0m    \u001b[0m\u001b[0m\u001b[1m\u001b[38;5;12m|\u001b[0m\u001b[0m                      \u001b[0m\u001b[0m\u001b[1m\u001b[38;5;9m^^^\u001b[0m\u001b[0m \u001b[0m\u001b[0m\u001b[1m\u001b[38;5;9mcould not find `Row` in `clickhouse`\u001b[0m\n\n"}
{"$message_type":"diagnostic","message":"failed to resolve: use of unresolved module or unlinked crate `opentelemetry_semantic_conventions`","code":{"code":"E0433","explanation":"An undeclared crate, module, or type was used.\n\nErroneous code example:\n\n```compile_fail,E0433\nlet map = HashMap::new();\n// error: failed to resolve: use of undeclared type `HashMap`\n```\n\nPlease verify you didn't misspell the type/module's name or that you didn't\nforget to import it:\n\n```\nuse std::collections::HashMap; // HashMap has been imported.\nlet map: HashMap<u32, u32> = HashMap::new(); // So it can be used!\n```\n\nIf you've expected to use a crate name:\n\n```compile_fail\nuse ferris_wheel::BigO;\n// error: failed to resolve: use of undeclared module or unlinked crate\n```\n\nMake sure the crate has been added as a dependency in `Cargo.toml`.\n\nTo use a module from your current crate, add the `crate::` prefix to the path.\n"},"level":"error","spans":[{"file_name":"src/model.rs","byte_start":7729,"byte_end":7763,"line_start":221,"line_end":221,"column_start":33,"column_end":67,"is_primary":true,"text":[{"text":"        .filter(|ev| ev.name == opentelemetry_semantic_conventions::trace::EXCEPTION_EVENT_NAME)","highlight_start":33,"highlight_end":67}],"label":"use of unresolved module or unlinked crate `opentelemetry_semantic_conventions`","suggested_replacement":null,"suggestion_applicability":null,"expansion":null}],"children":[{"message":"if you wanted to use a crate named `opentelemetry_semantic_conventions`, use `cargo add opentelemetry_semantic_conventions` to add it to your `Cargo.toml`","code":null,"level":"help","spans":[],"children":[],"rendered":null}],"rendered":"\u001b[0m\u001b[1m\u001b[38;5;9merror[E0433]\u001b[0m\u001b[0m\u001b[1m: failed to resolve: use of unresolved module or unlinked crate `opentelemetry_semantic_conventions`\u001b[0m\n\u001b[0m   \u001b[0m\u001b[0m\u001b[1m\u001b[38;5;12m--> \u001b[0m\u001b[0msrc/model.rs:221:33\u001b[0m\n\u001b[0m    \u001b[0m\u001b[0m\u001b[1m\u001b[38;5;12m|\u001b[0m\n\u001b[0m\u001b[1m\u001b[38;5;12m221\u001b[0m\u001b[0m \u001b[0m\u001b[0m\u001b[1m\u001b[38;5;12m|\u001b[0m\u001b[0m \u001b[0m\u001b[0m        .filter(|ev| ev.name == opentelemetry_semantic_conventions::trace::EXCEPTION_EVENT_NAME)\u001b[0m\n\u001b[0m    \u001b[0m\u001b[0m\u001b[1m\u001b[38;5;12m|\u001b[0m\u001b[0m                                 \u001b[0m\u001b[0m\u001b[1m\u001b[38;5;9m^^^^^^^^^^^^^^^^^^^^^^^^^^^^^^^^^^\u001b[0m\u001b[0m \u001b[0m\u001b[0m\u001b[1m\u001b[38;5;9muse of unresolved module or unlinked crate `opentelemetry_semantic_conventions`\u001b[0m\n\u001b[0m    \u001b[0m\u001b[0m\u001b[1m\u001b[38;5;12m|\u001b[0m\n\u001b[0m    \u001b[0m\u001b[0m\u001b[1m\u001b[38;5;12m= \u001b[0m\u001b[0m\u001b[1mhelp\u001b[0m\u001b[0m: if you wanted to use a crate named `opentelemetry_semantic_conventions`, use `cargo add opentelemetry_semantic_conventions` to add it to your `Cargo.toml`\u001b[0m\n\n"}
{"$message_type":"diagnostic","message":"failed to resolve: use of unresolved module or unlinked crate `opentelemetry_semantic_conventions`","code":{"code":"E0433","explanation":"An undeclared crate, module, or type was used.\n\nErroneous code example:\n\n```compile_fail,E0433\nlet map = HashMap::new();\n// error: failed to resolve: use of undeclared type `HashMap`\n```\n\nPlease verify you didn't misspell the type/module's name or that you didn't\nforget to import it:\n\n```\nuse std::collections::HashMap; // HashMap has been imported.\nlet map: HashMap<u32, u32> = HashMap::new(); // So it can be used!\n```\n\nIf you've expected to use a crate name:\n\n```compile_fail\nuse ferris_wheel::BigO;\n// error: failed to resolve: use of undeclared module or unlinked crate\n```\n\nMake sure the crate has been added as a dependency in `Cargo.toml`.\n\nTo use a module from your current crate, add the `crate::` prefix to the path.\n"},"level":"error","spans":[{"file_name":"src/model.rs","byte_start":8282,"byte_end":8316,"line_start":233,"line_end":233,"column_start":21,"column_end":55,"is_primary":true,"text":[{"text":"                    opentelemetry_semantic_conventions::trace::EXCEPTION_TYPE => error_kind = v,","highlight_start":21,"highlight_end":55}],"label":"use of unresolved module or unlinked crate `opentelemetry_semantic_conventions`","suggested_replacement":null,"suggestion_applicability":null,"expansion":null}],"children":[{"message":"if you wanted to use a crate named `opentelemetry_semantic_conventions`, use `cargo add opentelemetry_semantic_conventions` to add it to your `Cargo.toml`","code":null,"level":"help","spans":[],"children":[],"rendered":null}],"rendered":"\u001b[0m\u001b[1m\u001b[38;5;9merror[E0433]\u001b[0m\u001b[0m\u001b[1m: failed to resolve: use of unresolved module or unlinked crate `opentelemetry_semantic_conventions`\u001b[0m\n\u001b[0m   \u001b[0m\u001b[0m\u001b[1m\u001b[38;5;12m--> \u001b[0m\u001b[0msrc/model.rs:233:21\u001b[0m\n\u001b[0m    \u001b[0m\u001b[0m\u001b[1m\u001b[38;5;12m|\u001b[0m\n\u001b[0m\u001b[1m\u001b[38;5;12m233\u001b[0m\u001b[0m \u001b[0m\u001b[0m\u001b[1m\u001b[38;5;12m|\u001b[0m\u001b[0m \u001b[0m\u001b[0m                    opentelemetry_semantic_conventions::trace::EXCEPTION_TYPE => error_kind = v,\u001b[0m\n\u001b[0m    \u001b[0m\u001b[0m\u001b[1m\u001b[38;5;12m|\u001b[0m\u001b[0m                     \u001b[0m\u001b[0m\u001b[1m\u001b[38;5;9m^^^^^^^^^^^^^^^^^^^^^^^^^^^^^^^^^^\u001b[0m\u001b[0m \u001b[0m\u001b[0m\u001b[1m\u001b[38;5;9muse of unresolved module or unlinked crate `opentelemetry_semantic_conventions`\u001b[0m\n\u001b[0m    \u001b[0m\u001b[0m\u001b[1m\u001b[38;5;12m|\u001b[0m\n\u001b[0m    \u001b[0m\u001b[0m\u001b[1m\u001b[38;5;12m= \u001b[0m\u001b[0m\u001b[1mhelp\u001b[0m\u001b[0m: if you wanted to use a crate named `opentelemetry_semantic_conventions`, use `cargo add opentelemetry_semantic_conventions` to add it to your `Cargo.toml`\u001b[0m\n\n"}
{"$message_type":"diagnostic","message":"failed to resolve: use of unresolved module or unlinked crate `opentelemetry_semantic_conventions`","code":{"code":"E0433","explanation":"An undeclared crate, module, or type was used.\n\nErroneous code example:\n\n```compile_fail,E0433\nlet map = HashMap::new();\n// error: failed to resolve: use of undeclared type `HashMap`\n```\n\nPlease verify you didn't misspell the type/module's name or that you didn't\nforget to import it:\n\n```\nuse std::collections::HashMap; // HashMap has been imported.\nlet map: HashMap<u32, u32> = HashMap::new(); // So it can be used!\n```\n\nIf you've expected to use a crate name:\n\n```compile_fail\nuse ferris_wheel::BigO;\n// error: failed to resolve: use of undeclared module or unlinked crate\n```\n\nMake sure the crate has been added as a dependency in `Cargo.toml`.\n\nTo use a module from your current crate, add the `crate::` prefix to the path.\n"},"level":"error","spans":[{"file_name":"src/model.rs","byte_start":8379,"byte_end":8413,"line_start":234,"line_end":234,"column_start":21,"column_end":55,"is_primary":true,"text":[{"text":"                    opentelemetry_semantic_conventions::trace::EXCEPTION_MESSAGE => {","highlight_start":21,"highlight_end":55}],"label":"use of unresolved module or unlinked crate `opentelemetry_semantic_conventions`","suggested_replacement":null,"suggestion_applicability":null,"expansion":null}],"children":[{"message":"if you wanted to use a crate named `opentelemetry_semantic_conventions`, use `cargo add opentelemetry_semantic_conventions` to add it to your `Cargo.toml`","code":null,"level":"help","spans":[],"children":[],"rendered":null}],"rendered":"\u001b[0m\u001b[1m\u001b[38;5;9merror[E0433]\u001b[0m\u001b[0m\u001b[1m: failed to resolve: use of unresolved module or unlinked crate `opentelemetry_semantic_conventions`\u001b[0m\n\u001b[0m   \u001b[0m\u001b[0m\u001b[1m\u001b[38;5;12m--> \u001b[0m\u001b[0msrc/model.rs:234:21\u001b[0m\n\u001b[0m    \u001b[0m\u001b[0m\u001b[1m\u001b[38;5;12m|\u001b[0m\n\u001b[0m\u001b[1m\u001b[38;5;12m234\u001b[0m\u001b[0m \u001b[0m\u001b[0m\u001b[1m\u001b[38;5;12m|\u001b[0m\u001b[0m \u001b[0m\u001b[0m                    opentelemetry_semantic_conventions::trace::EXCEPTION_MESSAGE => {\u001b[0m\n\u001b[0m    \u001b[0m\u001b[0m\u001b[1m\u001b[38;5;12m|\u001b[0m\u001b[0m                     \u001b[0m\u001b[0m\u001b[1m\u001b[38;5;9m^^^^^^^^^^^^^^^^^^^^^^^^^^^^^^^^^^\u001b[0m\u001b[0m \u001b[0m\u001b[0m\u001b[1m\u001b[38;5;9muse of unresolved module or unlinked crate `opentelemetry_semantic_conventions`\u001b[0m\n\u001b[0m    \u001b[0m\u001b[0m\u001b[1m\u001b[38;5;12m|\u001b[0m\n\u001b[0m    \u001b[0m\u001b[0m\u001b[1m\u001b[38;5;12m= \u001b[0m\u001b[0m\u001b[1mhelp\u001b[0m\u001b[0m: if you wanted to use a crate named `opentelemetry_semantic_conventions`, use `cargo add opentelemetry_semantic_conventions` to add it to your `Cargo.toml`\u001b[0m\n\n"}
{"$message_type":"diagnostic","message":"failed to resolve: use of unresolved module or unlinked crate `opentelemetry_semantic_conventions`","code":{"code":"E0433","explanation":"An undeclared crate, module, or type was used.\n\nErroneous code example:\n\n```compile_fail,E0433\nlet map = HashMap::new();\n// error: failed to resolve: use of undeclared type `HashMap`\n```\n\nPlease verify you didn't misspell the type/module's name or that you didn't\nforget to import it:\n\n```\nuse std::collections::HashMap; // HashMap has been imported.\nlet map: HashMap<u32, u32> = HashMap::new(); // So it can be used!\n```\n\nIf you've expected to use a crate name:\n\n```compile_fail\nuse ferris_wheel::BigO;\n// error: failed to resolve: use of undeclared module or unlinked crate\n```\n\nMake sure the crate has been added as a dependency in `Cargo.toml`.\n\nTo use a module from your current crate, add the `crate::` prefix to the path.\n"},"level":"error","spans":[{"file_name":"src/model.rs","byte_start":8529,"byte_end":8563,"line_start":237,"line_end":237,"column_start":21,"column_end":55,"is_primary":true,"text":[{"text":"                    opentelemetry_semantic_conventions::trace::EXCEPTION_STACKTRACE => {","highlight_start":21,"highlight_end":55}],"label":"use of unresolved module or unlinked crate `opentelemetry_semantic_conventions`","suggested_replacement":null,"suggestion_applicability":null,"expansion":null}],"children":[{"message":"if you wanted to use a crate named `opentelemetry_semantic_conventions`, use `cargo add opentelemetry_semantic_conventions` to add it to your `Cargo.toml`","code":null,"level":"help","spans":[],"children":[],"rendered":null}],"rendered":"\u001b[0m\u001b[1m\u001b[38;5;9merror[E0433]\u001b[0m\u001b[0m\u001b[1m: failed to resolve: use of unresolved module or unlinked crate `opentelemetry_semantic_conventions`\u001b[0m\n\u001b[0m   \u001b[0m\u001b[0m\u001b[1m\u001b[38;5;12m--> \u001b[0m\u001b[0msrc/model.rs:237:21\u001b[0m\n\u001b[0m    \u001b[0m\u001b[0m\u001b[1m\u001b[38;5;12m|\u001b[0m\n\u001b[0m\u001b[1m\u001b[38;5;12m237\u001b[0m\u001b[0m \u001b[0m\u001b[0m\u001b[1m\u001b[38;5;12m|\u001b[0m\u001b[0m \u001b[0m\u001b[0m                    opentelemetry_semantic_conventions::trace::EXCEPTION_STACKTRACE => {\u001b[0m\n\u001b[0m    \u001b[0m\u001b[0m\u001b[1m\u001b[38;5;12m|\u001b[0m\u001b[0m                     \u001b[0m\u001b[0m\u001b[1m\u001b[38;5;9m^^^^^^^^^^^^^^^^^^^^^^^^^^^^^^^^^^\u001b[0m\u001b[0m \u001b[0m\u001b[0m\u001b[1m\u001b[38;5;9muse of unresolved module or unlinked crate `opentelemetry_semantic_conventions`\u001b[0m\n\u001b[0m    \u001b[0m\u001b[0m\u001b[1m\u001b[38;5;12m|\u001b[0m\n\u001b[0m    \u001b[0m\u001b[0m\u001b[1m\u001b[38;5;12m= \u001b[0m\u001b[0m\u001b[1mhelp\u001b[0m\u001b[0m: if you wanted to use a crate named `opentelemetry_semantic_conventions`, use `cargo add opentelemetry_semantic_conventions` to add it to your `Cargo.toml`\u001b[0m\n\n"}
{"$message_type":"diagnostic","message":"cannot find type `ExportError` in module `opentelemetry_sdk::export::trace`","code":{"code":"E0412","explanation":"A used type name is not in scope.\n\nErroneous code examples:\n\n```compile_fail,E0412\nimpl Something {} // error: type name `Something` is not in scope\n\n// or:\n\ntrait Foo {\n    fn bar(N); // error: type name `N` is not in scope\n}\n\n// or:\n\nfn foo(x: T) {} // type name `T` is not in scope\n```\n\nTo fix this error, please verify you didn't misspell the type name, you did\ndeclare it or imported it into the scope. Examples:\n\n```\nstruct Something;\n\nimpl Something {} // ok!\n\n// or:\n\ntrait Foo {\n    type N;\n\n    fn bar(_: Self::N); // ok!\n}\n\n// or:\n\nfn foo<T>(x: T) {} // ok!\n```\n\nAnother case that causes this error is when a type is imported into a parent\nmodule. To fix this, you can follow the suggestion and use File directly or\n`use super::File;` which will import the types from the parent namespace. An\nexample that causes this error is below:\n\n```compile_fail,E0412\nuse std::fs::File;\n\nmod foo {\n    fn some_function(f: File) {}\n}\n```\n\n```\nuse std::fs::File;\n\nmod foo {\n    // either\n    use super::File;\n    // or\n    // use std::fs::File;\n    fn foo(f: File) {}\n}\n# fn main() {} // don't insert it for us; that'll break imports\n```\n"},"level":"error","spans":[{"file_name":"src/error.rs","byte_start":726,"byte_end":737,"line_start":22,"line_end":22,"column_start":74,"column_end":85,"is_primary":true,"text":[{"text":"impl From<ClickhouseExporterError> for opentelemetry_sdk::export::trace::ExportError {","highlight_start":74,"highlight_end":85}],"label":"not found in `opentelemetry_sdk::export::trace`","suggested_replacement":null,"suggestion_applicability":null,"expansion":null}],"children":[{"message":"consider importing one of these traits","code":null,"level":"help","spans":[{"file_name":"src/error.rs","byte_start":0,"byte_end":0,"line_start":1,"line_end":1,"column_start":1,"column_end":1,"is_primary":true,"text":[{"text":"use thiserror::Error;","highlight_start":1,"highlight_end":1}],"label":null,"suggested_replacement":"use opentelemetry::ExportError;\n","suggestion_applicability":"MaybeIncorrect","expansion":null},{"file_name":"src/error.rs","byte_start":0,"byte_end":0,"line_start":1,"line_end":1,"column_start":1,"column_end":1,"is_primary":true,"text":[{"text":"use thiserror::Error;","highlight_start":1,"highlight_end":1}],"label":null,"suggested_replacement":"use opentelemetry_sdk::export::ExportError;\n","suggestion_applicability":"MaybeIncorrect","expansion":null}],"children":[],"rendered":null},{"message":"if you import `ExportError`, refer to it directly","code":null,"level":"help","spans":[{"file_name":"src/error.rs","byte_start":692,"byte_end":726,"line_start":22,"line_end":22,"column_start":40,"column_end":74,"is_primary":true,"text":[{"text":"impl From<ClickhouseExporterError> for opentelemetry_sdk::export::trace::ExportError {","highlight_start":40,"highlight_end":74}],"label":null,"suggested_replacement":"","suggestion_applicability":"Unspecified","expansion":null}],"children":[],"rendered":null}],"rendered":"\u001b[0m\u001b[1m\u001b[38;5;9merror[E0412]\u001b[0m\u001b[0m\u001b[1m: cannot find type `ExportError` in module `opentelemetry_sdk::export::trace`\u001b[0m\n\u001b[0m  \u001b[0m\u001b[0m\u001b[1m\u001b[38;5;12m--> \u001b[0m\u001b[0msrc/error.rs:22:74\u001b[0m\n\u001b[0m   \u001b[0m\u001b[0m\u001b[1m\u001b[38;5;12m|\u001b[0m\n\u001b[0m\u001b[1m\u001b[38;5;12m22\u001b[0m\u001b[0m \u001b[0m\u001b[0m\u001b[1m\u001b[38;5;12m|\u001b[0m\u001b[0m \u001b[0m\u001b[0mimpl From<ClickhouseExporterError> for opentelemetry_sdk::export::trace::ExportError {\u001b[0m\n\u001b[0m   \u001b[0m\u001b[0m\u001b[1m\u001b[38;5;12m|\u001b[0m\u001b[0m                                                                          \u001b[0m\u001b[0m\u001b[1m\u001b[38;5;9m^^^^^^^^^^^\u001b[0m\u001b[0m \u001b[0m\u001b[0m\u001b[1m\u001b[38;5;9mnot found in `opentelemetry_sdk::export::trace`\u001b[0m\n\u001b[0m   \u001b[0m\u001b[0m\u001b[1m\u001b[38;5;12m|\u001b[0m\n\u001b[0m\u001b[1m\u001b[38;5;14mhelp\u001b[0m\u001b[0m: consider importing one of these traits\u001b[0m\n\u001b[0m   \u001b[0m\u001b[0m\u001b[1m\u001b[38;5;12m|\u001b[0m\n\u001b[0m\u001b[1m\u001b[38;5;12m1\u001b[0m\u001b[0m  \u001b[0m\u001b[0m\u001b[38;5;10m+ use opentelemetry::ExportError;\u001b[0m\n\u001b[0m   \u001b[0m\u001b[0m\u001b[1m\u001b[38;5;12m|\u001b[0m\n\u001b[0m\u001b[1m\u001b[38;5;12m1\u001b[0m\u001b[0m  \u001b[0m\u001b[0m\u001b[38;5;10m+ use opentelemetry_sdk::export::ExportError;\u001b[0m\n\u001b[0m   \u001b[0m\u001b[0m\u001b[1m\u001b[38;5;12m|\u001b[0m\n\u001b[0m\u001b[1m\u001b[38;5;14mhelp\u001b[0m\u001b[0m: if you import `ExportError`, refer to it directly\u001b[0m\n\u001b[0m   \u001b[0m\u001b[0m\u001b[1m\u001b[38;5;12m|\u001b[0m\n\u001b[0m\u001b[1m\u001b[38;5;12m22\u001b[0m\u001b[0m \u001b[0m\u001b[0m\u001b[38;5;9m- \u001b[0m\u001b[0mimpl From<ClickhouseExporterError> for \u001b[0m\u001b[0m\u001b[38;5;9mopentelemetry_sdk::export::trace::\u001b[0m\u001b[0mExportError {\u001b[0m\n\u001b[0m\u001b[1m\u001b[38;5;12m22\u001b[0m\u001b[0m \u001b[0m\u001b[0m\u001b[38;5;10m+ \u001b[0m\u001b[0mimpl From<ClickhouseExporterError> for ExportError {\u001b[0m\n\u001b[0m   \u001b[0m\u001b[0m\u001b[1m\u001b[38;5;12m|\u001b[0m\n\n"}
{"$message_type":"diagnostic","message":"failed to resolve: could not find `ExportError` in `trace`","code":{"code":"E0433","explanation":"An undeclared crate, module, or type was used.\n\nErroneous code example:\n\n```compile_fail,E0433\nlet map = HashMap::new();\n// error: failed to resolve: use of undeclared type `HashMap`\n```\n\nPlease verify you didn't misspell the type/module's name or that you didn't\nforget to import it:\n\n```\nuse std::collections::HashMap; // HashMap has been imported.\nlet map: HashMap<u32, u32> = HashMap::new(); // So it can be used!\n```\n\nIf you've expected to use a crate name:\n\n```compile_fail\nuse ferris_wheel::BigO;\n// error: failed to resolve: use of undeclared module or unlinked crate\n```\n\nMake sure the crate has been added as a dependency in `Cargo.toml`.\n\nTo use a module from your current crate, add the `crate::` prefix to the path.\n"},"level":"error","spans":[{"file_name":"src/error.rs","byte_start":923,"byte_end":934,"line_start":25,"line_end":25,"column_start":43,"column_end":54,"is_primary":true,"text":[{"text":"        opentelemetry_sdk::export::trace::ExportError::other(e.to_string())","highlight_start":43,"highlight_end":54}],"label":"could not find `ExportError` in `trace`","suggested_replacement":null,"suggestion_applicability":null,"expansion":null}],"children":[{"message":"consider importing one of these traits","code":null,"level":"help","spans":[{"file_name":"src/error.rs","byte_start":0,"byte_end":0,"line_start":1,"line_end":1,"column_start":1,"column_end":1,"is_primary":true,"text":[{"text":"use thiserror::Error;","highlight_start":1,"highlight_end":1}],"label":null,"suggested_replacement":"use opentelemetry::ExportError;\n","suggestion_applicability":"MaybeIncorrect","expansion":null},{"file_name":"src/error.rs","byte_start":0,"byte_end":0,"line_start":1,"line_end":1,"column_start":1,"column_end":1,"is_primary":true,"text":[{"text":"use thiserror::Error;","highlight_start":1,"highlight_end":1}],"label":null,"suggested_replacement":"use opentelemetry_sdk::export::ExportError;\n","suggestion_applicability":"MaybeIncorrect","expansion":null}],"children":[],"rendered":null},{"message":"if you import `ExportError`, refer to it directly","code":null,"level":"help","spans":[{"file_name":"src/error.rs","byte_start":889,"byte_end":923,"line_start":25,"line_end":25,"column_start":9,"column_end":43,"is_primary":true,"text":[{"text":"        opentelemetry_sdk::export::trace::ExportError::other(e.to_string())","highlight_start":9,"highlight_end":43}],"label":null,"suggested_replacement":"","suggestion_applicability":"Unspecified","expansion":null}],"children":[],"rendered":null}],"rendered":"\u001b[0m\u001b[1m\u001b[38;5;9merror[E0433]\u001b[0m\u001b[0m\u001b[1m: failed to resolve: could not find `ExportError` in `trace`\u001b[0m\n\u001b[0m  \u001b[0m\u001b[0m\u001b[1m\u001b[38;5;12m--> \u001b[0m\u001b[0msrc/error.rs:25:43\u001b[0m\n\u001b[0m   \u001b[0m\u001b[0m\u001b[1m\u001b[38;5;12m|\u001b[0m\n\u001b[0m\u001b[1m\u001b[38;5;12m25\u001b[0m\u001b[0m \u001b[0m\u001b[0m\u001b[1m\u001b[38;5;12m|\u001b[0m\u001b[0m \u001b[0m\u001b[0m        opentelemetry_sdk::export::trace::ExportError::other(e.to_string())\u001b[0m\n\u001b[0m   \u001b[0m\u001b[0m\u001b[1m\u001b[38;5;12m|\u001b[0m\u001b[0m                                           \u001b[0m\u001b[0m\u001b[1m\u001b[38;5;9m^^^^^^^^^^^\u001b[0m\u001b[0m \u001b[0m\u001b[0m\u001b[1m\u001b[38;5;9mcould not find `ExportError` in `trace`\u001b[0m\n\u001b[0m   \u001b[0m\u001b[0m\u001b[1m\u001b[38;5;12m|\u001b[0m\n\u001b[0m\u001b[1m\u001b[38;5;14mhelp\u001b[0m\u001b[0m: consider importing one of these traits\u001b[0m\n\u001b[0m   \u001b[0m\u001b[0m\u001b[1m\u001b[38;5;12m|\u001b[0m\n\u001b[0m\u001b[1m\u001b[38;5;12m1\u001b[0m\u001b[0m  \u001b[0m\u001b[0m\u001b[38;5;10m+ use opentelemetry::ExportError;\u001b[0m\n\u001b[0m   \u001b[0m\u001b[0m\u001b[1m\u001b[38;5;12m|\u001b[0m\n\u001b[0m\u001b[1m\u001b[38;5;12m1\u001b[0m\u001b[0m  \u001b[0m\u001b[0m\u001b[38;5;10m+ use opentelemetry_sdk::export::ExportError;\u001b[0m\n\u001b[0m   \u001b[0m\u001b[0m\u001b[1m\u001b[38;5;12m|\u001b[0m\n\u001b[0m\u001b[1m\u001b[38;5;14mhelp\u001b[0m\u001b[0m: if you import `ExportError`, refer to it directly\u001b[0m\n\u001b[0m   \u001b[0m\u001b[0m\u001b[1m\u001b[38;5;12m|\u001b[0m\n\u001b[0m\u001b[1m\u001b[38;5;12m25\u001b[0m\u001b[0m \u001b[0m\u001b[0m\u001b[38;5;9m- \u001b[0m\u001b[0m        \u001b[0m\u001b[0m\u001b[38;5;9mopentelemetry_sdk::export::trace::\u001b[0m\u001b[0mExportError::other(e.to_string())\u001b[0m\n\u001b[0m\u001b[1m\u001b[38;5;12m25\u001b[0m\u001b[0m \u001b[0m\u001b[0m\u001b[38;5;10m+ \u001b[0m\u001b[0m        ExportError::other(e.to_string())\u001b[0m\n\u001b[0m   \u001b[0m\u001b[0m\u001b[1m\u001b[38;5;12m|\u001b[0m\n\n"}
{"$message_type":"diagnostic","message":"failed to resolve: use of unresolved module or unlinked crate `opentelemetry_semantic_conventions`","code":{"code":"E0433","explanation":"An undeclared crate, module, or type was used.\n\nErroneous code example:\n\n```compile_fail,E0433\nlet map = HashMap::new();\n// error: failed to resolve: use of undeclared type `HashMap`\n```\n\nPlease verify you didn't misspell the type/module's name or that you didn't\nforget to import it:\n\n```\nuse std::collections::HashMap; // HashMap has been imported.\nlet map: HashMap<u32, u32> = HashMap::new(); // So it can be used!\n```\n\nIf you've expected to use a crate name:\n\n```compile_fail\nuse ferris_wheel::BigO;\n// error: failed to resolve: use of undeclared module or unlinked crate\n```\n\nMake sure the crate has been added as a dependency in `Cargo.toml`.\n\nTo use a module from your current crate, add the `crate::` prefix to the path.\n"},"level":"error","spans":[{"file_name":"src/model.rs","byte_start":5041,"byte_end":5075,"line_start":150,"line_end":150,"column_start":14,"column_end":48,"is_primary":true,"text":[{"text":"        .get(opentelemetry_semantic_conventions::resource::SERVICE_NAME.into())","highlight_start":14,"highlight_end":48}],"label":"use of unresolved module or unlinked crate `opentelemetry_semantic_conventions`","suggested_replacement":null,"suggestion_applicability":null,"expansion":null}],"children":[{"message":"if you wanted to use a crate named `opentelemetry_semantic_conventions`, use `cargo add opentelemetry_semantic_conventions` to add it to your `Cargo.toml`","code":null,"level":"help","spans":[],"children":[],"rendered":null},{"message":"consider importing this module","code":null,"level":"help","spans":[{"file_name":"src/model.rs","byte_start":0,"byte_end":0,"line_start":1,"line_end":1,"column_start":1,"column_end":1,"is_primary":true,"text":[{"text":"use chrono::{DateTime, TimeZone, Utc};","highlight_start":1,"highlight_end":1}],"label":null,"suggested_replacement":"use opentelemetry_sdk::resource;\n","suggestion_applicability":"MaybeIncorrect","expansion":null}],"children":[],"rendered":null},{"message":"if you import `resource`, refer to it directly","code":null,"level":"help","spans":[{"file_name":"src/model.rs","byte_start":5041,"byte_end":5077,"line_start":150,"line_end":150,"column_start":14,"column_end":50,"is_primary":true,"text":[{"text":"        .get(opentelemetry_semantic_conventions::resource::SERVICE_NAME.into())","highlight_start":14,"highlight_end":50}],"label":null,"suggested_replacement":"","suggestion_applicability":"Unspecified","expansion":null}],"children":[],"rendered":null}],"rendered":"\u001b[0m\u001b[1m\u001b[38;5;9merror[E0433]\u001b[0m\u001b[0m\u001b[1m: failed to resolve: use of unresolved module or unlinked crate `opentelemetry_semantic_conventions`\u001b[0m\n\u001b[0m   \u001b[0m\u001b[0m\u001b[1m\u001b[38;5;12m--> \u001b[0m\u001b[0msrc/model.rs:150:14\u001b[0m\n\u001b[0m    \u001b[0m\u001b[0m\u001b[1m\u001b[38;5;12m|\u001b[0m\n\u001b[0m\u001b[1m\u001b[38;5;12m150\u001b[0m\u001b[0m \u001b[0m\u001b[0m\u001b[1m\u001b[38;5;12m|\u001b[0m\u001b[0m \u001b[0m\u001b[0m        .get(opentelemetry_semantic_conventions::resource::SERVICE_NAME.into())\u001b[0m\n\u001b[0m    \u001b[0m\u001b[0m\u001b[1m\u001b[38;5;12m|\u001b[0m\u001b[0m              \u001b[0m\u001b[0m\u001b[1m\u001b[38;5;9m^^^^^^^^^^^^^^^^^^^^^^^^^^^^^^^^^^\u001b[0m\u001b[0m \u001b[0m\u001b[0m\u001b[1m\u001b[38;5;9muse of unresolved module or unlinked crate `opentelemetry_semantic_conventions`\u001b[0m\n\u001b[0m    \u001b[0m\u001b[0m\u001b[1m\u001b[38;5;12m|\u001b[0m\n\u001b[0m    \u001b[0m\u001b[0m\u001b[1m\u001b[38;5;12m= \u001b[0m\u001b[0m\u001b[1mhelp\u001b[0m\u001b[0m: if you wanted to use a crate named `opentelemetry_semantic_conventions`, use `cargo add opentelemetry_semantic_conventions` to add it to your `Cargo.toml`\u001b[0m\n\u001b[0m\u001b[1m\u001b[38;5;14mhelp\u001b[0m\u001b[0m: consider importing this module\u001b[0m\n\u001b[0m    \u001b[0m\u001b[0m\u001b[1m\u001b[38;5;12m|\u001b[0m\n\u001b[0m\u001b[1m\u001b[38;5;12m1\u001b[0m\u001b[0m   \u001b[0m\u001b[0m\u001b[38;5;10m+ use opentelemetry_sdk::resource;\u001b[0m\n\u001b[0m    \u001b[0m\u001b[0m\u001b[1m\u001b[38;5;12m|\u001b[0m\n\u001b[0m\u001b[1m\u001b[38;5;14mhelp\u001b[0m\u001b[0m: if you import `resource`, refer to it directly\u001b[0m\n\u001b[0m    \u001b[0m\u001b[0m\u001b[1m\u001b[38;5;12m|\u001b[0m\n\u001b[0m\u001b[1m\u001b[38;5;12m150\u001b[0m\u001b[0m \u001b[0m\u001b[0m\u001b[38;5;9m- \u001b[0m\u001b[0m        .get(\u001b[0m\u001b[0m\u001b[38;5;9mopentelemetry_semantic_conventions::\u001b[0m\u001b[0mresource::SERVICE_NAME.into())\u001b[0m\n\u001b[0m\u001b[1m\u001b[38;5;12m150\u001b[0m\u001b[0m \u001b[0m\u001b[0m\u001b[38;5;10m+ \u001b[0m\u001b[0m        .get(resource::SERVICE_NAME.into())\u001b[0m\n\u001b[0m    \u001b[0m\u001b[0m\u001b[1m\u001b[38;5;12m|\u001b[0m\n\n"}
{"$message_type":"diagnostic","message":"unused import: `opentelemetry_sdk::resource::ResourceDetector`","code":{"code":"unused_imports","explanation":null},"level":"warning","spans":[{"file_name":"src/exporter.rs","byte_start":379,"byte_end":424,"line_start":9,"line_end":9,"column_start":5,"column_end":50,"is_primary":true,"text":[{"text":"use opentelemetry_sdk::resource::ResourceDetector;","highlight_start":5,"highlight_end":50}],"label":null,"suggested_replacement":null,"suggestion_applicability":null,"expansion":null}],"children":[{"message":"`#[warn(unused_imports)]` on by default","code":null,"level":"note","spans":[],"children":[],"rendered":null},{"message":"remove the whole `use` item","code":null,"level":"help","spans":[{"file_name":"src/exporter.rs","byte_start":375,"byte_end":426,"line_start":9,"line_end":10,"column_start":1,"column_end":1,"is_primary":true,"text":[{"text":"use opentelemetry_sdk::resource::ResourceDetector;","highlight_start":1,"highlight_end":51},{"text":"use std::sync::Arc;","highlight_start":1,"highlight_end":1}],"label":null,"suggested_replacement":"","suggestion_applicability":"MachineApplicable","expansion":null}],"children":[],"rendered":null}],"rendered":"\u001b[0m\u001b[1m\u001b[33mwarning\u001b[0m\u001b[0m\u001b[1m: unused import: `opentelemetry_sdk::resource::ResourceDetector`\u001b[0m\n\u001b[0m \u001b[0m\u001b[0m\u001b[1m\u001b[38;5;12m--> \u001b[0m\u001b[0msrc/exporter.rs:9:5\u001b[0m\n\u001b[0m  \u001b[0m\u001b[0m\u001b[1m\u001b[38;5;12m|\u001b[0m\n\u001b[0m\u001b[1m\u001b[38;5;12m9\u001b[0m\u001b[0m \u001b[0m\u001b[0m\u001b[1m\u001b[38;5;12m|\u001b[0m\u001b[0m \u001b[0m\u001b[0muse opentelemetry_sdk::resource::ResourceDetector;\u001b[0m\n\u001b[0m  \u001b[0m\u001b[0m\u001b[1m\u001b[38;5;12m|\u001b[0m\u001b[0m     \u001b[0m\u001b[0m\u001b[1m\u001b[33m^^^^^^^^^^^^^^^^^^^^^^^^^^^^^^^^^^^^^^^^^^^^^\u001b[0m\n\u001b[0m  \u001b[0m\u001b[0m\u001b[1m\u001b[38;5;12m|\u001b[0m\n\u001b[0m  \u001b[0m\u001b[0m\u001b[1m\u001b[38;5;12m= \u001b[0m\u001b[0m\u001b[1mnote\u001b[0m\u001b[0m: `#[warn(unused_imports)]` on by default\u001b[0m\n\n"}
{"$message_type":"diagnostic","message":"lifetime parameters or bounds on method `export` do not match the trait declaration","code":{"code":"E0195","explanation":"The lifetime parameters of the method do not match the trait declaration.\n\nErroneous code example:\n\n```compile_fail,E0195\ntrait Trait {\n    fn bar<'a,'b:'a>(x: &'a str, y: &'b str);\n}\n\nstruct Foo;\n\nimpl Trait for Foo {\n    fn bar<'a,'b>(x: &'a str, y: &'b str) {\n    // error: lifetime parameters or bounds on method `bar`\n    // do not match the trait declaration\n    }\n}\n```\n\nThe lifetime constraint `'b` for `bar()` implementation does not match the\ntrait declaration. Ensure lifetime declarations match exactly in both trait\ndeclaration and implementation. Example:\n\n```\ntrait Trait {\n    fn t<'a,'b:'a>(x: &'a str, y: &'b str);\n}\n\nstruct Foo;\n\nimpl Trait for Foo {\n    fn t<'a,'b:'a>(x: &'a str, y: &'b str) { // ok!\n    }\n}\n```\n"},"level":"error","spans":[{"file_name":"src/exporter.rs","byte_start":3074,"byte_end":3113,"line_start":74,"line_end":74,"column_start":14,"column_end":53,"is_primary":true,"text":[{"text":"    async fn export(&mut self, batch: Vec<SpanData>) -> ExportResult {","highlight_start":14,"highlight_end":53}],"label":"lifetimes do not match method in trait","suggested_replacement":null,"suggestion_applicability":null,"expansion":null}],"children":[],"rendered":"\u001b[0m\u001b[1m\u001b[38;5;9merror[E0195]\u001b[0m\u001b[0m\u001b[1m: lifetime parameters or bounds on method `export` do not match the trait declaration\u001b[0m\n\u001b[0m  \u001b[0m\u001b[0m\u001b[1m\u001b[38;5;12m--> \u001b[0m\u001b[0msrc/exporter.rs:74:14\u001b[0m\n\u001b[0m   \u001b[0m\u001b[0m\u001b[1m\u001b[38;5;12m|\u001b[0m\n\u001b[0m\u001b[1m\u001b[38;5;12m74\u001b[0m\u001b[0m \u001b[0m\u001b[0m\u001b[1m\u001b[38;5;12m|\u001b[0m\u001b[0m \u001b[0m\u001b[0m    async fn export(&mut self, batch: Vec<SpanData>) -> ExportResult {\u001b[0m\n\u001b[0m   \u001b[0m\u001b[0m\u001b[1m\u001b[38;5;12m|\u001b[0m\u001b[0m              \u001b[0m\u001b[0m\u001b[1m\u001b[38;5;9m^^^^^^^^^^^^^^^^^^^^^^^^^^^^^^^^^^^^^^^\u001b[0m\u001b[0m \u001b[0m\u001b[0m\u001b[1m\u001b[38;5;9mlifetimes do not match method in trait\u001b[0m\n\n"}
{"$message_type":"diagnostic","message":"lifetime parameters or bounds on method `shutdown` do not match the trait declaration","code":{"code":"E0195","explanation":"The lifetime parameters of the method do not match the trait declaration.\n\nErroneous code example:\n\n```compile_fail,E0195\ntrait Trait {\n    fn bar<'a,'b:'a>(x: &'a str, y: &'b str);\n}\n\nstruct Foo;\n\nimpl Trait for Foo {\n    fn bar<'a,'b>(x: &'a str, y: &'b str) {\n    // error: lifetime parameters or bounds on method `bar`\n    // do not match the trait declaration\n    }\n}\n```\n\nThe lifetime constraint `'b` for `bar()` implementation does not match the\ntrait declaration. Ensure lifetime declarations match exactly in both trait\ndeclaration and implementation. Example:\n\n```\ntrait Trait {\n    fn t<'a,'b:'a>(x: &'a str, y: &'b str);\n}\n\nstruct Foo;\n\nimpl Trait for Foo {\n    fn t<'a,'b:'a>(x: &'a str, y: &'b str) { // ok!\n    }\n}\n```\n"},"level":"error","spans":[{"file_name":"src/exporter.rs","byte_start":6268,"byte_end":6287,"line_start":149,"line_end":149,"column_start":14,"column_end":33,"is_primary":true,"text":[{"text":"    async fn shutdown(&mut self) {","highlight_start":14,"highlight_end":33}],"label":"lifetimes do not match method in trait","suggested_replacement":null,"suggestion_applicability":null,"expansion":null}],"children":[],"rendered":"\u001b[0m\u001b[1m\u001b[38;5;9merror[E0195]\u001b[0m\u001b[0m\u001b[1m: lifetime parameters or bounds on method `shutdown` do not match the trait declaration\u001b[0m\n\u001b[0m   \u001b[0m\u001b[0m\u001b[1m\u001b[38;5;12m--> \u001b[0m\u001b[0msrc/exporter.rs:149:14\u001b[0m\n\u001b[0m    \u001b[0m\u001b[0m\u001b[1m\u001b[38;5;12m|\u001b[0m\n\u001b[0m\u001b[1m\u001b[38;5;12m149\u001b[0m\u001b[0m \u001b[0m\u001b[0m\u001b[1m\u001b[38;5;12m|\u001b[0m\u001b[0m \u001b[0m\u001b[0m    async fn shutdown(&mut self) {\u001b[0m\n\u001b[0m    \u001b[0m\u001b[0m\u001b[1m\u001b[38;5;12m|\u001b[0m\u001b[0m              \u001b[0m\u001b[0m\u001b[1m\u001b[38;5;9m^^^^^^^^^^^^^^^^^^^\u001b[0m\u001b[0m \u001b[0m\u001b[0m\u001b[1m\u001b[38;5;9mlifetimes do not match method in trait\u001b[0m\n\n"}
{"$message_type":"diagnostic","message":"no function or associated item named `connect` found for struct `clickhouse::Client` in the current scope","code":{"code":"E0599","explanation":"This error occurs when a method is used on a type which doesn't implement it:\n\nErroneous code example:\n\n```compile_fail,E0599\nstruct Mouth;\n\nlet x = Mouth;\nx.chocolate(); // error: no method named `chocolate` found for type `Mouth`\n               //        in the current scope\n```\n\nIn this case, you need to implement the `chocolate` method to fix the error:\n\n```\nstruct Mouth;\n\nimpl Mouth {\n    fn chocolate(&self) { // We implement the `chocolate` method here.\n        println!(\"Hmmm! I love chocolate!\");\n    }\n}\n\nlet x = Mouth;\nx.chocolate(); // ok!\n```\n"},"level":"error","spans":[{"file_name":"src/exporter.rs","byte_start":1800,"byte_end":1807,"line_start":41,"line_end":41,"column_start":30,"column_end":37,"is_primary":true,"text":[{"text":"        let client = Client::connect(options).await?;","highlight_start":30,"highlight_end":37}],"label":"function or associated item not found in `Client`","suggested_replacement":null,"suggestion_applicability":null,"expansion":null}],"children":[],"rendered":"\u001b[0m\u001b[1m\u001b[38;5;9merror[E0599]\u001b[0m\u001b[0m\u001b[1m: no function or associated item named `connect` found for struct `clickhouse::Client` in the current scope\u001b[0m\n\u001b[0m  \u001b[0m\u001b[0m\u001b[1m\u001b[38;5;12m--> \u001b[0m\u001b[0msrc/exporter.rs:41:30\u001b[0m\n\u001b[0m   \u001b[0m\u001b[0m\u001b[1m\u001b[38;5;12m|\u001b[0m\n\u001b[0m\u001b[1m\u001b[38;5;12m41\u001b[0m\u001b[0m \u001b[0m\u001b[0m\u001b[1m\u001b[38;5;12m|\u001b[0m\u001b[0m \u001b[0m\u001b[0m        let client = Client::connect(options).await?;\u001b[0m\n\u001b[0m   \u001b[0m\u001b[0m\u001b[1m\u001b[38;5;12m|\u001b[0m\u001b[0m                              \u001b[0m\u001b[0m\u001b[1m\u001b[38;5;9m^^^^^^^\u001b[0m\u001b[0m \u001b[0m\u001b[0m\u001b[1m\u001b[38;5;9mfunction or associated item not found in `Client`\u001b[0m\n\n"}
{"$message_type":"diagnostic","message":"`clickhouse::Client` doesn't implement `std::fmt::Debug`","code":{"code":"E0277","explanation":"You tried to use a type which doesn't implement some trait in a place which\nexpected that trait.\n\nErroneous code example:\n\n```compile_fail,E0277\n// here we declare the Foo trait with a bar method\ntrait Foo {\n    fn bar(&self);\n}\n\n// we now declare a function which takes an object implementing the Foo trait\nfn some_func<T: Foo>(foo: T) {\n    foo.bar();\n}\n\nfn main() {\n    // we now call the method with the i32 type, which doesn't implement\n    // the Foo trait\n    some_func(5i32); // error: the trait bound `i32 : Foo` is not satisfied\n}\n```\n\nIn order to fix this error, verify that the type you're using does implement\nthe trait. Example:\n\n```\ntrait Foo {\n    fn bar(&self);\n}\n\n// we implement the trait on the i32 type\nimpl Foo for i32 {\n    fn bar(&self) {}\n}\n\nfn some_func<T: Foo>(foo: T) {\n    foo.bar(); // we can now use this method since i32 implements the\n               // Foo trait\n}\n\nfn main() {\n    some_func(5i32); // ok!\n}\n```\n\nOr in a generic context, an erroneous code example would look like:\n\n```compile_fail,E0277\nfn some_func<T>(foo: T) {\n    println!(\"{:?}\", foo); // error: the trait `core::fmt::Debug` is not\n                           //        implemented for the type `T`\n}\n\nfn main() {\n    // We now call the method with the i32 type,\n    // which *does* implement the Debug trait.\n    some_func(5i32);\n}\n```\n\nNote that the error here is in the definition of the generic function. Although\nwe only call it with a parameter that does implement `Debug`, the compiler\nstill rejects the function. It must work with all possible input types. In\norder to make this example compile, we need to restrict the generic type we're\naccepting:\n\n```\nuse std::fmt;\n\n// Restrict the input type to types that implement Debug.\nfn some_func<T: fmt::Debug>(foo: T) {\n    println!(\"{:?}\", foo);\n}\n\nfn main() {\n    // Calling the method is still fine, as i32 implements Debug.\n    some_func(5i32);\n\n    // This would fail to compile now:\n    // struct WithoutDebug;\n    // some_func(WithoutDebug);\n}\n```\n\nRust only looks at the signature of the called function, as such it must\nalready specify all requirements that will be used for every type parameter.\n"},"level":"error","spans":[{"file_name":"src/exporter.rs","byte_start":572,"byte_end":586,"line_start":16,"line_end":16,"column_start":5,"column_end":19,"is_primary":true,"text":[{"text":"    client: Client,","highlight_start":5,"highlight_end":19}],"label":"`clickhouse::Client` cannot be formatted using `{:?}` because it doesn't implement `std::fmt::Debug`","suggested_replacement":null,"suggestion_applicability":null,"expansion":{"span":{"file_name":"src/exporter.rs","byte_start":528,"byte_end":533,"line_start":14,"line_end":14,"column_start":10,"column_end":15,"is_primary":false,"text":[{"text":"#[derive(Debug)]","highlight_start":10,"highlight_end":15}],"label":null,"suggested_replacement":null,"suggestion_applicability":null,"expansion":null},"macro_decl_name":"#[derive(Debug)]","def_site_span":{"file_name":"/home/user/.rustup/toolchains/stable-x86_64-unknown-linux-gnu/lib/rustlib/src/rust/library/core/src/fmt/mod.rs","byte_start":32766,"byte_end":32781,"line_start":910,"line_end":910,"column_start":5,"column_end":20,"is_primary":false,"text":[{"text":"    pub macro Debug($item:item) {","highlight_start":5,"highlight_end":20}],"label":null,"suggested_replacement":null,"suggestion_applicability":null,"expansion":null}}}],"children":[{"message":"the trait `std::fmt::Debug` is not implemented for `clickhouse::Client`","code":null,"level":"help","spans":[],"children":[],"rendered":null}],"rendered":"\u001b[0m\u001b[1m\u001b[38;5;9merror[E0277]\u001b[0m\u001b[0m\u001b[1m: `clickhouse::Client` doesn't implement `std::fmt::Debug`\u001b[0m\n\u001b[0m  \u001b[0m\u001b[0m\u001b[1m\u001b[38;5;12m--> \u001b[0m\u001b[0msrc/exporter.rs:16:5\u001b[0m\n\u001b[0m   \u001b[0m\u001b[0m\u001b[1m\u001b[38;5;12m|\u001b[0m\n\u001b[0m\u001b[1m\u001b[38;5;12m14\u001b[0m\u001b[0m \u001b[0m\u001b[0m\u001b[1m\u001b[38;5;12m|\u001b[0m\u001b[0m \u001b[0m\u001b[0m#[derive(Debug)]\u001b[0m\n\u001b[0m   \u001b[0m\u001b[0m\u001b[1m\u001b[38;5;12m|\u001b[0m\u001b[0m          \u001b[0m\u001b[0m\u001b[1m\u001b[38;5;12m-----\u001b[0m\u001b[0m \u001b[0m\u001b[0m\u001b[1m\u001b[38;5;12min this derive macro expansion\u001b[0m\n\u001b[0m\u001b[1m\u001b[38;5;12m15\u001b[0m\u001b[0m \u001b[0m\u001b[0m\u001b[1m\u001b[38;5;12m|\u001b[0m\u001b[0m \u001b[0m\u001b[0mpub struct ClickhouseExporter {\u001b[0m\n\u001b[0m\u001b[1m\u001b[38;5;12m16\u001b[0m\u001b[0m \u001b[0m\u001b[0m\u001b[1m\u001b[38;5;12m|\u001b[0m\u001b[0m \u001b[0m\u001b[0m    client: Client,\u001b[0m\n\u001b[0m   \u001b[0m\u001b[0m\u001b[1m\u001b[38;5;12m|\u001b[0m\u001b[0m     \u001b[0m\u001b[0m\u001b[1m\u001b[38;5;9m^^^^^^^^^^^^^^\u001b[0m\u001b[0m \u001b[0m\u001b[0m\u001b[1m\u001b[38;5;9m`clickhouse::Client` cannot be formatted using `{:?}` because it doesn't implement `std::fmt::Debug`\u001b[0m\n\u001b[0m   \u001b[0m\u001b[0m\u001b[1m\u001b[38;5;12m|\u001b[0m\n\u001b[0m   \u001b[0m\u001b[0m\u001b[1m\u001b[38;5;12m= \u001b[0m\u001b[0m\u001b[1mhelp\u001b[0m\u001b[0m: the trait `std::fmt::Debug` is not implemented for `clickhouse::Client`\u001b[0m\n\u001b[0m   \u001b[0m\u001b[0m\u001b[1m\u001b[38;5;12m= \u001b[0m\u001b[0m\u001b[1mnote\u001b[0m\u001b[0m: this error originates in the derive macro `Debug` (in Nightly builds, run with -Z macro-backtrace for more info)\u001b[0m\n\n"}
{"$message_type":"diagnostic","message":"mismatched types","code":{"code":"E0308","explanation":"Expected type did not match the received type.\n\nErroneous code examples:\n\n```compile_fail,E0308\nfn plus_one(x: i32) -> i32 {\n    x + 1\n}\n\nplus_one(\"Not a number\");\n//       ^^^^^^^^^^^^^^ expected `i32`, found `&str`\n\nif \"Not a bool\" {\n// ^^^^^^^^^^^^ expected `bool`, found `&str`\n}\n\nlet x: f32 = \"Not a float\";\n//     ---   ^^^^^^^^^^^^^ expected `f32`, found `&str`\n//     |\n//     expected due to this\n```\n\nThis error occurs when an expression was used in a place where the compiler\nexpected an expression of a different type. It can occur in several cases, the\nmost common being when calling a function and passing an argument which has a\ndifferent type than the matching type in the function declaration.\n"},"level":"error","spans":[{"file_name":"src/exporter.rs","byte_start":2524,"byte_end":2787,"line_start":58,"line_end":63,"column_start":17,"column_end":19,"is_primary":true,"text":[{"text":"                Arc::new(Resource::from_detectors(","highlight_start":17,"highlight_end":51},{"text":"                    Duration::from_secs(0),","highlight_start":1,"highlight_end":44},{"text":"                    vec![Box::new(","highlight_start":1,"highlight_end":35},{"text":"                        opentelemetry_sdk::resource::EnvResourceDetector::new(),","highlight_start":1,"highlight_end":81},{"text":"                    )], // Example basic detector","highlight_start":1,"highlight_end":50},{"text":"                ))","highlight_start":1,"highlight_end":19}],"label":"expected `Cow<'_, Resource>`, found `Arc<Resource>`","suggested_replacement":null,"suggestion_applicability":null,"expansion":null}],"children":[{"message":"expected enum `Cow<'_, Resource>`\n found struct `Arc<Resource>`","code":null,"level":"note","spans":[],"children":[],"rendered":null}],"rendered":"\u001b[0m\u001b[1m\u001b[38;5;9merror[E0308]\u001b[0m\u001b[0m\u001b[1m: mismatched types\u001b[0m\n\u001b[0m  \u001b[0m\u001b[0m\u001b[1m\u001b[38;5;12m--> \u001b[0m\u001b[0msrc/exporter.rs:58:17\u001b[0m\n\u001b[0m   \u001b[0m\u001b[0m\u001b[1m\u001b[38;5;12m|\u001b[0m\n\u001b[0m\u001b[1m\u001b[38;5;12m58\u001b[0m\u001b[0m \u001b[0m\u001b[0m\u001b[1m\u001b[38;5;12m|\u001b[0m\u001b[0m \u001b[0m\u001b[0m\u001b[1m\u001b[38;5;9m/\u001b[0m\u001b[0m \u001b[0m\u001b[0m                Arc::new(Resource::from_detectors(\u001b[0m\n\u001b[0m\u001b[1m\u001b[38;5;12m59\u001b[0m\u001b[0m \u001b[0m\u001b[0m\u001b[1m\u001b[38;5;12m|\u001b[0m\u001b[0m \u001b[0m\u001b[0m\u001b[1m\u001b[38;5;9m|\u001b[0m\u001b[0m \u001b[0m\u001b[0m                    Duration::from_secs(0),\u001b[0m\n\u001b[0m\u001b[1m\u001b[38;5;12m60\u001b[0m\u001b[0m \u001b[0m\u001b[0m\u001b[1m\u001b[38;5;12m|\u001b[0m\u001b[0m \u001b[0m\u001b[0m\u001b[1m\u001b[38;5;9m|\u001b[0m\u001b[0m \u001b[0m\u001b[0m                    vec![Box::new(\u001b[0m\n\u001b[0m\u001b[1m\u001b[38;5;12m61\u001b[0m\u001b[0m \u001b[0m\u001b[0m\u001b[1m\u001b[38;5;12m|\u001b[0m\u001b[0m \u001b[0m\u001b[0m\u001b[1m\u001b[38;5;9m|\u001b[0m\u001b[0m \u001b[0m\u001b[0m                        opentelemetry_sdk::resource::EnvResourceDetector::new(),\u001b[0m\n\u001b[0m\u001b[1m\u001b[38;5;12m62\u001b[0m\u001b[0m \u001b[0m\u001b[0m\u001b[1m\u001b[38;5;12m|\u001b[0m\u001b[0m \u001b[0m\u001b[0m\u001b[1m\u001b[38;5;9m|\u001b[0m\u001b[0m \u001b[0m\u001b[0m                    )], // Example basic detector\u001b[0m\n\u001b[0m\u001b[1m\u001b[38;5;12m63\u001b[0m\u001b[0m \u001b[0m\u001b[0m\u001b[1m\u001b[38;5;12m|\u001b[0m\u001b[0m \u001b[0m\u001b[0m\u001b[1m\u001b[38;5;9m|\u001b[0m\u001b[0m \u001b[0m\u001b[0m                ))\u001b[0m\n\u001b[0m   \u001b[0m\u001b[0m\u001b[1m\u001b[38;5;12m|\u001b[0m\u001b[0m \u001b[0m\u001b[0m\u001b[1m\u001b[38;5;9m|__________________^\u001b[0m\u001b[0m \u001b[0m\u001b[0m\u001b[1m\u001b[38;5;9mexpected `Cow<'_, Resource>`, found `Arc<Resource>`\u001b[0m\n\u001b[0m   \u001b[0m\u001b[0m\u001b[1m\u001b[38;5;12m|\u001b[0m\n\u001b[0m   \u001b[0m\u001b[0m\u001b[1m\u001b[38;5;12m= \u001b[0m\u001b[0m\u001b[1mnote\u001b[0m\u001b[0m: expected enum `\u001b[0m\u001b[0m\u001b[1m\u001b[35mCow<'_, Resource>\u001b[0m\u001b[0m`\u001b[0m\n\u001b[0m            found struct `\u001b[0m\u001b[0m\u001b[1m\u001b[35mArc<Resource>\u001b[0m\u001b[0m`\u001b[0m\n\n"}
{"$message_type":"diagnostic","message":"mismatched types","code":{"code":"E0308","explanation":"Expected type did not match the received type.\n\nErroneous code examples:\n\n```compile_fail,E0308\nfn plus_one(x: i32) -> i32 {\n    x + 1\n}\n\nplus_one(\"Not a number\");\n//       ^^^^^^^^^^^^^^ expected `i32`, found `&str`\n\nif \"Not a bool\" {\n// ^^^^^^^^^^^^ expected `bool`, found `&str`\n}\n\nlet x: f32 = \"Not a float\";\n//     ---   ^^^^^^^^^^^^^ expected `f32`, found `&str`\n//     |\n//     expected due to this\n```\n\nThis error occurs when an expression was used in a place where the compiler\nexpected an expression of a different type. It can occur in several cases, the\nmost common being when calling a function and passing an argument which has a\ndifferent type than the matching type in the function declaration.\n"},"level":"error","spans":[{"file_name":"src/exporter.rs","byte_start":2304,"byte_end":2802,"line_start":53,"line_end":64,"column_start":9,"column_end":15,"is_primary":true,"text":[{"text":"        batch","highlight_start":9,"highlight_end":14},{"text":"            .first()","highlight_start":1,"highlight_end":21},{"text":"            .map(|sd| sd.resource.clone())","highlight_start":1,"highlight_end":43},{"text":"            .unwrap_or_else(|| {","highlight_start":1,"highlight_end":33},{"text":"                // Fallback if batch is empty or resource isn't attached (shouldn't happen with SDK)","highlight_start":1,"highlight_end":101},{"text":"                Arc::new(Resource::from_detectors(","highlight_start":1,"highlight_end":51},{"text":"                    Duration::from_secs(0),","highlight_start":1,"highlight_end":44},{"text":"                    vec![Box::new(","highlight_start":1,"highlight_end":35},{"text":"                        opentelemetry_sdk::resource::EnvResourceDetector::new(),","highlight_start":1,"highlight_end":81},{"text":"                    )], // Example basic detector","highlight_start":1,"highlight_end":50},{"text":"                ))","highlight_start":1,"highlight_end":19},{"text":"            })","highlight_start":1,"highlight_end":15}],"label":"expected `Arc<Resource>`, found `Cow<'_, Resource>`","suggested_replacement":null,"suggestion_applicability":null,"expansion":null},{"file_name":"src/exporter.rs","byte_start":2280,"byte_end":2293,"line_start":52,"line_end":52,"column_start":62,"column_end":75,"is_primary":false,"text":[{"text":"    fn get_resource_from_batch(&self, batch: &[SpanData]) -> Arc<Resource> {","highlight_start":62,"highlight_end":75}],"label":"expected `Arc<Resource>` because of return type","suggested_replacement":null,"suggestion_applicability":null,"expansion":null}],"children":[{"message":"expected struct `Arc<Resource>`\n     found enum `Cow<'_, Resource>`","code":null,"level":"note","spans":[],"children":[],"rendered":null}],"rendered":"\u001b[0m\u001b[1m\u001b[38;5;9merror[E0308]\u001b[0m\u001b[0m\u001b[1m: mismatched types\u001b[0m\n\u001b[0m  \u001b[0m\u001b[0m\u001b[1m\u001b[38;5;12m--> \u001b[0m\u001b[0msrc/exporter.rs:53:9\u001b[0m\n\u001b[0m   \u001b[0m\u001b[0m\u001b[1m\u001b[38;5;12m|\u001b[0m\n\u001b[0m\u001b[1m\u001b[38;5;12m52\u001b[0m\u001b[0m \u001b[0m\u001b[0m\u001b[1m\u001b[38;5;12m|\u001b[0m\u001b[0m   \u001b[0m\u001b[0m    fn get_resource_from_batch(&self, batch: &[SpanData]) -> Arc<Resource> {\u001b[0m\n\u001b[0m   \u001b[0m\u001b[0m\u001b[1m\u001b[38;5;12m|\u001b[0m\u001b[0m                                                                \u001b[0m\u001b[0m\u001b[1m\u001b[38;5;12m-------------\u001b[0m\u001b[0m \u001b[0m\u001b[0m\u001b[1m\u001b[38;5;12mexpected `Arc<Resource>` because of return type\u001b[0m\n\u001b[0m\u001b[1m\u001b[38;5;12m53\u001b[0m\u001b[0m \u001b[0m\u001b[0m\u001b[1m\u001b[38;5;12m|\u001b[0m\u001b[0m \u001b[0m\u001b[0m\u001b[1m\u001b[38;5;9m/\u001b[0m\u001b[0m \u001b[0m\u001b[0m        batch\u001b[0m\n\u001b[0m\u001b[1m\u001b[38;5;12m54\u001b[0m\u001b[0m \u001b[0m\u001b[0m\u001b[1m\u001b[38;5;12m|\u001b[0m\u001b[0m \u001b[0m\u001b[0m\u001b[1m\u001b[38;5;9m|\u001b[0m\u001b[0m \u001b[0m\u001b[0m            .first()\u001b[0m\n\u001b[0m\u001b[1m\u001b[38;5;12m55\u001b[0m\u001b[0m \u001b[0m\u001b[0m\u001b[1m\u001b[38;5;12m|\u001b[0m\u001b[0m \u001b[0m\u001b[0m\u001b[1m\u001b[38;5;9m|\u001b[0m\u001b[0m \u001b[0m\u001b[0m            .map(|sd| sd.resource.clone())\u001b[0m\n\u001b[0m\u001b[1m\u001b[38;5;12m56\u001b[0m\u001b[0m \u001b[0m\u001b[0m\u001b[1m\u001b[38;5;12m|\u001b[0m\u001b[0m \u001b[0m\u001b[0m\u001b[1m\u001b[38;5;9m|\u001b[0m\u001b[0m \u001b[0m\u001b[0m            .unwrap_or_else(|| {\u001b[0m\n\u001b[0m\u001b[1m\u001b[38;5;12m...\u001b[0m\u001b[0m  \u001b[0m\u001b[0m\u001b[1m\u001b[38;5;9m|\u001b[0m\n\u001b[0m\u001b[1m\u001b[38;5;12m63\u001b[0m\u001b[0m \u001b[0m\u001b[0m\u001b[1m\u001b[38;5;12m|\u001b[0m\u001b[0m \u001b[0m\u001b[0m\u001b[1m\u001b[38;5;9m|\u001b[0m\u001b[0m \u001b[0m\u001b[0m                ))\u001b[0m\n\u001b[0m\u001b[1m\u001b[38;5;12m64\u001b[0m\u001b[0m \u001b[0m\u001b[0m\u001b[1m\u001b[38;5;12m|\u001b[0m\u001b[0m \u001b[0m\u001b[0m\u001b[1m\u001b[38;5;9m|\u001b[0m\u001b[0m \u001b[0m\u001b[0m            })\u001b[0m\n\u001b[0m   \u001b[0m\u001b[0m\u001b[1m\u001b[38;5;12m|\u001b[0m\u001b[0m \u001b[0m\u001b[0m\u001b[1m\u001b[38;5;9m|______________^\u001b[0m\u001b[0m \u001b[0m\u001b[0m\u001b[1m\u001b[38;5;9mexpected `Arc<Resource>`, found `Cow<'_, Resource>`\u001b[0m\n\u001b[0m   \u001b[0m\u001b[0m\u001b[1m\u001b[38;5;12m|\u001b[0m\n\u001b[0m   \u001b[0m\u001b[0m\u001b[1m\u001b[38;5;12m= \u001b[0m\u001b[0m\u001b[1mnote\u001b[0m\u001b[0m: expected struct `\u001b[0m\u001b[0m\u001b[1m\u001b[35mArc<Resource>\u001b[0m\u001b[0m`\u001b[0m\n\u001b[0m                found enum `\u001b[0m\u001b[0m\u001b[1m\u001b[35mCow<'_, Resource>\u001b[0m\u001b[0m`\u001b[0m\n\n"}
{"$message_type":"diagnostic","message":"this method takes 1 argument but 2 arguments were supplied","code":{"code":"E0061","explanation":"An invalid number of arguments was passed when calling a function.\n\nErroneous code example:\n\n```compile_fail,E0061\nfn f(u: i32) {}\n\nf(); // error!\n```\n\nThe number of arguments passed to a function must match the number of arguments\nspecified in the function signature.\n\nFor example, a function like:\n\n```\nfn f(a: u16, b: &str) {}\n```\n\nMust always be called with exactly two arguments, e.g., `f(2, \"test\")`.\n\nNote that Rust does not have a notion of optional function arguments or\nvariadic functions (except for its C-FFI).\n"},"level":"error","spans":[{"file_name":"src/exporter.rs","byte_start":4395,"byte_end":4404,"line_start":105,"line_end":105,"column_start":65,"column_end":74,"is_primary":false,"text":[{"text":"            let insert_result = self.client.insert(&table_name, span_rows).await; // `insert` takes ownership","highlight_start":65,"highlight_end":74}],"label":"unexpected argument #2 of type `Vec<SpanRow>`","suggested_replacement":null,"suggestion_applicability":null,"expansion":null},{"file_name":"src/exporter.rs","byte_start":4375,"byte_end":4381,"line_start":105,"line_end":105,"column_start":45,"column_end":51,"is_primary":true,"text":[{"text":"            let insert_result = self.client.insert(&table_name, span_rows).await; // `insert` takes ownership","highlight_start":45,"highlight_end":51}],"label":null,"suggested_replacement":null,"suggestion_applicability":null,"expansion":null}],"children":[{"message":"method defined here","code":null,"level":"note","spans":[{"file_name":"/home/user/.cargo/registry/src/index.crates.io-1949cf8c6b5b557f/clickhouse-0.2.0/src/lib.rs","byte_start":1646,"byte_end":1652,"line_start":76,"line_end":76,"column_start":12,"column_end":18,"is_primary":true,"text":[{"text":"    pub fn insert<T: Reflection>(&self, table: &str) -> Result<Insert<T>> {","highlight_start":12,"highlight_end":18}],"label":null,"suggested_replacement":null,"suggestion_applicability":null,"expansion":null}],"children":[],"rendered":null},{"message":"remove the extra argument","code":null,"level":"help","spans":[{"file_name":"src/exporter.rs","byte_start":4393,"byte_end":4404,"line_start":105,"line_end":105,"column_start":63,"column_end":74,"is_primary":true,"text":[{"text":"            let insert_result = self.client.insert(&table_name, span_rows).await; // `insert` takes ownership","highlight_start":63,"highlight_end":74}],"label":null,"suggested_replacement":"","suggestion_applicability":"HasPlaceholders","expansion":null}],"children":[],"rendered":null}],"rendered":"\u001b[0m\u001b[1m\u001b[38;5;9merror[E0061]\u001b[0m\u001b[0m\u001b[1m: this method takes 1 argument but 2 arguments were supplied\u001b[0m\n\u001b[0m   \u001b[0m\u001b[0m\u001b[1m\u001b[38;5;12m--> \u001b[0m\u001b[0msrc/exporter.rs:105:45\u001b[0m\n\u001b[0m    \u001b[0m\u001b[0m\u001b[1m\u001b[38;5;12m|\u001b[0m\n\u001b[0m\u001b[1m\u001b[38;5;12m105\u001b[0m\u001b[0m \u001b[0m\u001b[0m\u001b[1m\u001b[38;5;12m|\u001b[0m\u001b[0m \u001b[0m\u001b[0m            let insert_result = self.client.insert(&table_name, span_rows).await; // `insert` takes ownership\u001b[0m\n\u001b[0m    \u001b[0m\u001b[0m\u001b[1m\u001b[38;5;12m|\u001b[0m\u001b[0m                                             \u001b[0m\u001b[0m\u001b[1m\u001b[38;5;9m^^^^^^\u001b[0m\u001b[0m              \u001b[0m\u001b[0m\u001b[1m\u001b[38;5;12m---------\u001b[0m\u001b[0m \u001b[0m\u001b[0m\u001b[1m\u001b[38;5;12munexpected argument #2 of type `Vec<SpanRow>`\u001b[0m\n\u001b[0m    \u001b[0m\u001b[0m\u001b[1m\u001b[38;5;12m|\u001b[0m\n\u001b[0m\u001b[1m\u001b[38;5;10mnote\u001b[0m\u001b[0m: method defined here\u001b[0m\n\u001b[0m   \u001b[0m\u001b[0m\u001b[1m\u001b[38;5;12m--> \u001b[0m\u001b[0m/home/user/.cargo/registry/src/index.crates.io-1949cf8c6b5b557f/clickhouse-0.2.0/src/lib.rs:76:12\u001b[0m\n\u001b[0m    \u001b[0m\u001b[0m\u001b[1m\u001b[38;5;12m|\u001b[0m\n\u001b[0m\u001b[1m\u001b[38;5;12m76\u001b[0m\u001b[0m  \u001b[0m\u001b[0m\u001b[1m\u001b[38;5;12m|\u001b[0m\u001b[0m \u001b[0m\u001b[0m    pub fn insert<T: Reflection>(&self, table: &str) -> Result<Insert<T>> {\u001b[0m\n\u001b[0m    \u001b[0m\u001b[0m\u001b[1m\u001b[38;5;12m|\u001b[0m\u001b[0m            \u001b[0m\u001b[0m\u001b[1m\u001b[38;5;10m^^^^^^\u001b[0m\n\u001b[0m\u001b[1m\u001b[38;5;14mhelp\u001b[0m\u001b[0m: remove the extra argument\u001b[0m\n\u001b[0m    \u001b[0m\u001b[0m\u001b[1m\u001b[38;5;12m|\u001b[0m\n\u001b[0m\u001b[1m\u001b[38;5;12m105\u001b[0m\u001b[0m \u001b[0m\u001b[0m\u001b[38;5;9m- \u001b[0m\u001b[0m            let insert_result = self.client.insert(&table_name\u001b[0m\u001b[0m\u001b[38;5;9m, span_rows\u001b[0m\u001b[0m).await; // `insert` takes ownership\u001b[0m\n\u001b[0m\u001b[1m\u001b[38;5;12m105\u001b[0m\u001b[0m \u001b[0m\u001b[0m\u001b[38;5;10m+ \u001b[0m\u001b[0m            let insert_result = self.client.insert(&table_name).await; // `insert` takes ownership\u001b[0m\n\u001b[0m    \u001b[0m\u001b[0m\u001b[1m\u001b[38;5;12m|\u001b[0m\n\n"}
{"$message_type":"diagnostic","message":"`Result<Insert<_>, clickhouse::error::Error>` is not a future","code":{"code":"E0277","explanation":"You tried to use a type which doesn't implement some trait in a place which\nexpected that trait.\n\nErroneous code example:\n\n```compile_fail,E0277\n// here we declare the Foo trait with a bar method\ntrait Foo {\n    fn bar(&self);\n}\n\n// we now declare a function which takes an object implementing the Foo trait\nfn some_func<T: Foo>(foo: T) {\n    foo.bar();\n}\n\nfn main() {\n    // we now call the method with the i32 type, which doesn't implement\n    // the Foo trait\n    some_func(5i32); // error: the trait bound `i32 : Foo` is not satisfied\n}\n```\n\nIn order to fix this error, verify that the type you're using does implement\nthe trait. Example:\n\n```\ntrait Foo {\n    fn bar(&self);\n}\n\n// we implement the trait on the i32 type\nimpl Foo for i32 {\n    fn bar(&self) {}\n}\n\nfn some_func<T: Foo>(foo: T) {\n    foo.bar(); // we can now use this method since i32 implements the\n               // Foo trait\n}\n\nfn main() {\n    some_func(5i32); // ok!\n}\n```\n\nOr in a generic context, an erroneous code example would look like:\n\n```compile_fail,E0277\nfn some_func<T>(foo: T) {\n    println!(\"{:?}\", foo); // error: the trait `core::fmt::Debug` is not\n                           //        implemented for the type `T`\n}\n\nfn main() {\n    // We now call the method with the i32 type,\n    // which *does* implement the Debug trait.\n    some_func(5i32);\n}\n```\n\nNote that the error here is in the definition of the generic function. Although\nwe only call it with a parameter that does implement `Debug`, the compiler\nstill rejects the function. It must work with all possible input types. In\norder to make this example compile, we need to restrict the generic type we're\naccepting:\n\n```\nuse std::fmt;\n\n// Restrict the input type to types that implement Debug.\nfn some_func<T: fmt::Debug>(foo: T) {\n    println!(\"{:?}\", foo);\n}\n\nfn main() {\n    // Calling the method is still fine, as i32 implements Debug.\n    some_func(5i32);\n\n    // This would fail to compile now:\n    // struct WithoutDebug;\n    // some_func(WithoutDebug);\n}\n```\n\nRust only looks at the signature of the called function, as such it must\nalready specify all requirements that will be used for every type parameter.\n"},"level":"error","spans":[{"file_name":"src/exporter.rs","byte_start":4406,"byte_end":4411,"line_start":105,"line_end":105,"column_start":76,"column_end":81,"is_primary":true,"text":[{"text":"            let insert_result = self.client.insert(&table_name, span_rows).await; // `insert` takes ownership","highlight_start":76,"highlight_end":81}],"label":"`Result<Insert<_>, clickhouse::error::Error>` is not a future","suggested_replacement":null,"suggestion_applicability":null,"expansion":{"span":{"file_name":"src/exporter.rs","byte_start":4406,"byte_end":4411,"line_start":105,"line_end":105,"column_start":76,"column_end":81,"is_primary":false,"text":[{"text":"            let insert_result = self.client.insert(&table_name, span_rows).await; // `insert` takes ownership","highlight_start":76,"highlight_end":81}],"label":null,"suggested_replacement":null,"suggestion_applicability":null,"expansion":null},"macro_decl_name":"desugaring of `await` expression","def_site_span":{"file_name":"src/lib.rs","byte_start":0,"byte_end":0,"line_start":1,"line_end":1,"column_start":1,"column_end":1,"is_primary":false,"text":[],"label":null,"suggested_replacement":null,"suggestion_applicability":null,"expansion":null}}}],"children":[{"message":"the trait `Future` is not implemented for `Result<Insert<_>, clickhouse::error::Error>`","code":null,"level":"help","spans":[],"children":[],"rendered":null},{"message":"Result<Insert<_>, clickhouse::error::Error> must be a future or must implement `IntoFuture` to be awaited","code":null,"level":"note","spans":[],"children":[],"rendered":null},{"message":"required for `Result<Insert<_>, clickhouse::error::Error>` to implement `IntoFuture`","code":null,"level":"note","spans":[],"children":[],"rendered":null},{"message":"remove the `.await`","code":null,"level":"help","spans":[{"file_name":"src/exporter.rs","byte_start":4405,"byte_end":4411,"line_start":105,"line_end":105,"column_start":75,"column_end":81,"is_primary":true,"text":[{"text":"            let insert_result = self.client.insert(&table_name, span_rows).await; // `insert` takes ownership","highlight_start":75,"highlight_end":81}],"label":null,"suggested_replacement":"","suggestion_applicability":"MachineApplicable","expansion":null}],"children":[],"rendered":null}],"rendered":"\u001b[0m\u001b[1m\u001b[38;5;9merror[E0277]\u001b[0m\u001b[0m\u001b[1m: `Result<Insert<_>, clickhouse::error::Error>` is not a future\u001b[0m\n\u001b[0m   \u001b[0m\u001b[0m\u001b[1m\u001b[38;5;12m--> \u001b[0m\u001b[0msrc/exporter.rs:105:76\u001b[0m\n\u001b[0m    \u001b[0m\u001b[0m\u001b[1m\u001b[38;5;12m|\u001b[0m\n\u001b[0m\u001b[1m\u001b[38;5;12m105\u001b[0m\u001b[0m \u001b[0m\u001b[0m\u001b[1m\u001b[38;5;12m|\u001b[0m\u001b[0m \u001b[0m\u001b[0m            let insert_result = self.client.insert(&table_name, span_rows).await; // `insert` takes ownership\u001b[0m\n\u001b[0m    \u001b[0m\u001b[0m\u001b[1m\u001b[38;5;12m|\u001b[0m\u001b[0m                                                                           \u001b[0m\u001b[0m\u001b[1m\u001b[38;5;12m-\u001b[0m\u001b[0m\u001b[1m\u001b[38;5;9m^^^^^\u001b[0m\n\u001b[0m    \u001b[0m\u001b[0m\u001b[1m\u001b[38;5;12m|\u001b[0m\u001b[0m                                                                           \u001b[0m\u001b[0m\u001b[1m\u001b[38;5;12m|\u001b[0m\u001b[0m\u001b[1m\u001b[38;5;9m|\u001b[0m\n\u001b[0m    \u001b[0m\u001b[0m\u001b[1m\u001b[38;5;12m|\u001b[0m\u001b[0m                                                                           \u001b[0m\u001b[0m\u001b[1m\u001b[38;5;12m|\u001b[0m\u001b[0m\u001b[1m\u001b[38;5;9m`Result<Insert<_>, clickhouse::error::Error>` is not a future\u001b[0m\n\u001b[0m    \u001b[0m\u001b[0m\u001b[1m\u001b[38;5;12m|\u001b[0m\u001b[0m                                                                           \u001b[0m\u001b[0m\u001b[1m\u001b[38;5;12mhelp: remove the `.await`\u001b[0m\n\u001b[0m    \u001b[0m\u001b[0m\u001b[1m\u001b[38;5;12m|\u001b[0m\n\u001b[0m    \u001b[0m\u001b[0m\u001b[1m\u001b[38;5;12m= \u001b[0m\u001b[0m\u001b[1mhelp\u001b[0m\u001b[0m: the trait `Future` is not implemented for `Result<Insert<_>, clickhouse::error::Error>`\u001b[0m\n\u001b[0m    \u001b[0m\u001b[0m\u001b[1m\u001b[38;5;12m= \u001b[0m\u001b[0m\u001b[1mnote\u001b[0m\u001b[0m: Result<Insert<_>, clickhouse::error::Error> must be a future or must implement `IntoFuture` to be awaited\u001b[0m\n\u001b[0m    \u001b[0m\u001b[0m\u001b[1m\u001b[38;5;12m= \u001b[0m\u001b[0m\u001b[1mnote\u001b[0m\u001b[0m: required for `Result<Insert<_>, clickhouse::error::Error>` to implement `IntoFuture`\u001b[0m\n\n"}
{"$message_type":"diagnostic","message":"the trait bound `ClickhouseExporterError: Into<TraceError>` is not satisfied","code":{"code":"E0277","explanation":"You tried to use a type which doesn't implement some trait in a place which\nexpected that trait.\n\nErroneous code example:\n\n```compile_fail,E0277\n// here we declare the Foo trait with a bar method\ntrait Foo {\n    fn bar(&self);\n}\n\n// we now declare a function which takes an object implementing the Foo trait\nfn some_func<T: Foo>(foo: T) {\n    foo.bar();\n}\n\nfn main() {\n    // we now call the method with the i32 type, which doesn't implement\n    // the Foo trait\n    some_func(5i32); // error: the trait bound `i32 : Foo` is not satisfied\n}\n```\n\nIn order to fix this error, verify that the type you're using does implement\nthe trait. Example:\n\n```\ntrait Foo {\n    fn bar(&self);\n}\n\n// we implement the trait on the i32 type\nimpl Foo for i32 {\n    fn bar(&self) {}\n}\n\nfn some_func<T: Foo>(foo: T) {\n    foo.bar(); // we can now use this method since i32 implements the\n               // Foo trait\n}\n\nfn main() {\n    some_func(5i32); // ok!\n}\n```\n\nOr in a generic context, an erroneous code example would look like:\n\n```compile_fail,E0277\nfn some_func<T>(foo: T) {\n    println!(\"{:?}\", foo); // error: the trait `core::fmt::Debug` is not\n                           //        implemented for the type `T`\n}\n\nfn main() {\n    // We now call the method with the i32 type,\n    // which *does* implement the Debug trait.\n    some_func(5i32);\n}\n```\n\nNote that the error here is in the definition of the generic function. Although\nwe only call it with a parameter that does implement `Debug`, the compiler\nstill rejects the function. It must work with all possible input types. In\norder to make this example compile, we need to restrict the generic type we're\naccepting:\n\n```\nuse std::fmt;\n\n// Restrict the input type to types that implement Debug.\nfn some_func<T: fmt::Debug>(foo: T) {\n    println!(\"{:?}\", foo);\n}\n\nfn main() {\n    // Calling the method is still fine, as i32 implements Debug.\n    some_func(5i32);\n\n    // This would fail to compile now:\n    // struct WithoutDebug;\n    // some_func(WithoutDebug);\n}\n```\n\nRust only looks at the signature of the called function, as such it must\nalready specify all requirements that will be used for every type parameter.\n"},"level":"error","spans":[{"file_name":"src/exporter.rs","byte_start":4799,"byte_end":4803,"line_start":113,"line_end":113,"column_start":78,"column_end":82,"is_primary":true,"text":[{"text":"                return Err(ClickhouseExporterError::ClickhouseClientError(e).into());","highlight_start":78,"highlight_end":82}],"label":"the trait `ExportError` is not implemented for `ClickhouseExporterError`","suggested_replacement":null,"suggestion_applicability":null,"expansion":null}],"children":[{"message":"required for `TraceError` to implement `From<ClickhouseExporterError>`","code":null,"level":"note","spans":[],"children":[],"rendered":null},{"message":"required for `ClickhouseExporterError` to implement `Into<TraceError>`","code":null,"level":"note","spans":[],"children":[],"rendered":null}],"rendered":"\u001b[0m\u001b[1m\u001b[38;5;9merror[E0277]\u001b[0m\u001b[0m\u001b[1m: the trait bound `ClickhouseExporterError: Into<TraceError>` is not satisfied\u001b[0m\n\u001b[0m   \u001b[0m\u001b[0m\u001b[1m\u001b[38;5;12m--> \u001b[0m\u001b[0msrc/exporter.rs:113:78\u001b[0m\n\u001b[0m    \u001b[0m\u001b[0m\u001b[1m\u001b[38;5;12m|\u001b[0m\n\u001b[0m\u001b[1m\u001b[38;5;12m113\u001b[0m\u001b[0m \u001b[0m\u001b[0m\u001b[1m\u001b[38;5;12m|\u001b[0m\u001b[0m \u001b[0m\u001b[0m                return Err(ClickhouseExporterError::ClickhouseClientError(e).into());\u001b[0m\n\u001b[0m    \u001b[0m\u001b[0m\u001b[1m\u001b[38;5;12m|\u001b[0m\u001b[0m                                                                              \u001b[0m\u001b[0m\u001b[1m\u001b[38;5;9m^^^^\u001b[0m\u001b[0m \u001b[0m\u001b[0m\u001b[1m\u001b[38;5;9mthe trait `ExportError` is not implemented for `ClickhouseExporterError`\u001b[0m\n\u001b[0m    \u001b[0m\u001b[0m\u001b[1m\u001b[38;5;12m|\u001b[0m\n\u001b[0m    \u001b[0m\u001b[0m\u001b[1m\u001b[38;5;12m= \u001b[0m\u001b[0m\u001b[1mnote\u001b[0m\u001b[0m: required for `TraceError` to implement `From<ClickhouseExporterError>`\u001b[0m\n\u001b[0m    \u001b[0m\u001b[0m\u001b[1m\u001b[38;5;12m= \u001b[0m\u001b[0m\u001b[1mnote\u001b[0m\u001b[0m: required for `ClickhouseExporterError` to implement `Into<TraceError>`\u001b[0m\n\n"}
{"$message_type":"diagnostic","message":"this method takes 1 argument but 2 arguments were supplied","code":{"code":"E0061","explanation":"An invalid number of arguments was passed when calling a function.\n\nErroneous code example:\n\n```compile_fail,E0061\nfn f(u: i32) {}\n\nf(); // error!\n```\n\nThe number of arguments passed to a function must match the number of arguments\nspecified in the function signature.\n\nFor example, a function like:\n\n```\nfn f(a: u16, b: &str) {}\n```\n\nMust always be called with exactly two arguments, e.g., `f(2, \"test\")`.\n\nNote that Rust does not have a notion of optional function arguments or\nvariadic functions (except for its C-FFI).\n"},"level":"error","spans":[{"file_name":"src/exporter.rs","byte_start":5355,"byte_end":5365,"line_start":127,"line_end":127,"column_start":65,"column_end":75,"is_primary":false,"text":[{"text":"            let insert_result = self.client.insert(&table_name, error_rows).await;","highlight_start":65,"highlight_end":75}],"label":"unexpected argument #2 of type `Vec<ErrorRow>`","suggested_replacement":null,"suggestion_applicability":null,"expansion":null},{"file_name":"src/exporter.rs","byte_start":5335,"byte_end":5341,"line_start":127,"line_end":127,"column_start":45,"column_end":51,"is_primary":true,"text":[{"text":"            let insert_result = self.client.insert(&table_name, error_rows).await;","highlight_start":45,"highlight_end":51}],"label":null,"suggested_replacement":null,"suggestion_applicability":null,"expansion":null}],"children":[{"message":"method defined here","code":null,"level":"note","spans":[{"file_name":"/home/user/.cargo/registry/src/index.crates.io-1949cf8c6b5b557f/clickhouse-0.2.0/src/lib.rs","byte_start":1646,"byte_end":1652,"line_start":76,"line_end":76,"column_start":12,"column_end":18,"is_primary":true,"text":[{"text":"    pub fn insert<T: Reflection>(&self, table: &str) -> Result<Insert<T>> {","highlight_start":12,"highlight_end":18}],"label":null,"suggested_replacement":null,"suggestion_applicability":null,"expansion":null}],"children":[],"rendered":null},{"message":"remove the extra argument","code":null,"level":"help","spans":[{"file_name":"src/exporter.rs","byte_start":5353,"byte_end":5365,"line_start":127,"line_end":127,"column_start":63,"column_end":75,"is_primary":true,"text":[{"text":"            let insert_result = self.client.insert(&table_name, error_rows).await;","highlight_start":63,"highlight_end":75}],"label":null,"suggested_replacement":"","suggestion_applicability":"HasPlaceholders","expansion":null}],"children":[],"rendered":null}],"rendered":"\u001b[0m\u001b[1m\u001b[38;5;9merror[E0061]\u001b[0m\u001b[0m\u001b[1m: this method takes 1 argument but 2 arguments were supplied\u001b[0m\n\u001b[0m   \u001b[0m\u001b[0m\u001b[1m\u001b[38;5;12m--> \u001b[0m\u001b[0msrc/exporter.rs:127:45\u001b[0m\n\u001b[0m    \u001b[0m\u001b[0m\u001b[1m\u001b[38;5;12m|\u001b[0m\n\u001b[0m\u001b[1m\u001b[38;5;12m127\u001b[0m\u001b[0m \u001b[0m\u001b[0m\u001b[1m\u001b[38;5;12m|\u001b[0m\u001b[0m \u001b[0m\u001b[0m            let insert_result = self.client.insert(&table_name, error_rows).await;\u001b[0m\n\u001b[0m    \u001b[0m\u001b[0m\u001b[1m\u001b[38;5;12m|\u001b[0m\u001b[0m                                             \u001b[0m\u001b[0m\u001b[1m\u001b[38;5;9m^^^^^^\u001b[0m\u001b[0m              \u001b[0m\u001b[0m\u001b[1m\u001b[38;5;12m----------\u001b[0m\u001b[0m \u001b[0m\u001b[0m\u001b[1m\u001b[38;5;12munexpected argument #2 of type `Vec<ErrorRow>`\u001b[0m\n\u001b[0m    \u001b[0m\u001b[0m\u001b[1m\u001b[38;5;12m|\u001b[0m\n\u001b[0m\u001b[1m\u001b[38;5;10mnote\u001b[0m\u001b[0m: method defined here\u001b[0m\n\u001b[0m   \u001b[0m\u001b[0m\u001b[1m\u001b[38;5;12m--> \u001b[0m\u001b[0m/home/user/.cargo/registry/src/index.crates.io-1949cf8c6b5b557f/clickhouse-0.2.0/src/lib.rs:76:12\u001b[0m\n\u001b[0m    \u001b[0m\u001b[0m\u001b[1m\u001b[38;5;12m|\u001b[0m\n\u001b[0m\u001b[1m\u001b[38;5;12m76\u001b[0m\u001b[0m  \u001b[0m\u001b[0m\u001b[1m\u001b[38;5;12m|\u001b[0m\u001b[0m \u001b[0m\u001b[0m    pub fn insert<T: Reflection>(&self, table: &str) -> Result<Insert<T>> {\u001b[0m\n\u001b[0m    \u001b[0m\u001b[0m\u001b[1m\u001b[38;5;12m|\u001b[0m\u001b[0m            \u001b[0m\u001b[0m\u001b[1m\u001b[38;5;10m^^^^^^\u001b[0m\n\u001b[0m\u001b[1m\u001b[38;5;14mhelp\u001b[0m\u001b[0m: remove the extra argument\u001b[0m\n\u001b[0m    \u001b[0m\u001b[0m\u001b[1m\u001b[38;5;12m|\u001b[0m\n\u001b[0m\u001b[1m\u001b[38;5;12m127\u001b[0m\u001b[0m \u001b[0m\u001b[0m\u001b[38;5;9m- \u001b[0m\u001b[0m            let insert_result = self.client.insert(&table_name\u001b[0m\u001b[0m\u001b[38;5;9m, error_rows\u001b[0m\u001b[0m).await;\u001b[0m\n\u001b[0m\u001b[1m\u001b[38;5;12m127\u001b[0m\u001b[0m \u001b[0m\u001b[0m\u001b[38;5;10m+ \u001b[0m\u001b[0m            let insert_result = self.client.insert(&table_name).await;\u001b[0m\n\u001b[0m    \u001b[0m\u001b[0m\u001b[1m\u001b[38;5;12m|\u001b[0m\n\n"}
{"$message_type":"diagnostic","message":"`Result<Insert<_>, clickhouse::error::Error>` is not a future","code":{"code":"E0277","explanation":"You tried to use a type which doesn't implement some trait in a place which\nexpected that trait.\n\nErroneous code example:\n\n```compile_fail,E0277\n// here we declare the Foo trait with a bar method\ntrait Foo {\n    fn bar(&self);\n}\n\n// we now declare a function which takes an object implementing the Foo trait\nfn some_func<T: Foo>(foo: T) {\n    foo.bar();\n}\n\nfn main() {\n    // we now call the method with the i32 type, which doesn't implement\n    // the Foo trait\n    some_func(5i32); // error: the trait bound `i32 : Foo` is not satisfied\n}\n```\n\nIn order to fix this error, verify that the type you're using does implement\nthe trait. Example:\n\n```\ntrait Foo {\n    fn bar(&self);\n}\n\n// we implement the trait on the i32 type\nimpl Foo for i32 {\n    fn bar(&self) {}\n}\n\nfn some_func<T: Foo>(foo: T) {\n    foo.bar(); // we can now use this method since i32 implements the\n               // Foo trait\n}\n\nfn main() {\n    some_func(5i32); // ok!\n}\n```\n\nOr in a generic context, an erroneous code example would look like:\n\n```compile_fail,E0277\nfn some_func<T>(foo: T) {\n    println!(\"{:?}\", foo); // error: the trait `core::fmt::Debug` is not\n                           //        implemented for the type `T`\n}\n\nfn main() {\n    // We now call the method with the i32 type,\n    // which *does* implement the Debug trait.\n    some_func(5i32);\n}\n```\n\nNote that the error here is in the definition of the generic function. Although\nwe only call it with a parameter that does implement `Debug`, the compiler\nstill rejects the function. It must work with all possible input types. In\norder to make this example compile, we need to restrict the generic type we're\naccepting:\n\n```\nuse std::fmt;\n\n// Restrict the input type to types that implement Debug.\nfn some_func<T: fmt::Debug>(foo: T) {\n    println!(\"{:?}\", foo);\n}\n\nfn main() {\n    // Calling the method is still fine, as i32 implements Debug.\n    some_func(5i32);\n\n    // This would fail to compile now:\n    // struct WithoutDebug;\n    // some_func(WithoutDebug);\n}\n```\n\nRust only looks at the signature of the called function, as such it must\nalready specify all requirements that will be used for every type parameter.\n"},"level":"error","spans":[{"file_name":"src/exporter.rs","byte_start":5367,"byte_end":5372,"line_start":127,"line_end":127,"column_start":77,"column_end":82,"is_primary":true,"text":[{"text":"            let insert_result = self.client.insert(&table_name, error_rows).await;","highlight_start":77,"highlight_end":82}],"label":"`Result<Insert<_>, clickhouse::error::Error>` is not a future","suggested_replacement":null,"suggestion_applicability":null,"expansion":{"span":{"file_name":"src/exporter.rs","byte_start":5367,"byte_end":5372,"line_start":127,"line_end":127,"column_start":77,"column_end":82,"is_primary":false,"text":[{"text":"            let insert_result = self.client.insert(&table_name, error_rows).await;","highlight_start":77,"highlight_end":82}],"label":null,"suggested_replacement":null,"suggestion_applicability":null,"expansion":null},"macro_decl_name":"desugaring of `await` expression","def_site_span":{"file_name":"src/lib.rs","byte_start":0,"byte_end":0,"line_start":1,"line_end":1,"column_start":1,"column_end":1,"is_primary":false,"text":[],"label":null,"suggested_replacement":null,"suggestion_applicability":null,"expansion":null}}}],"children":[{"message":"the trait `Future` is not implemented for `Result<Insert<_>, clickhouse::error::Error>`","code":null,"level":"help","spans":[],"children":[],"rendered":null},{"message":"Result<Insert<_>, clickhouse::error::Error> must be a future or must implement `IntoFuture` to be awaited","code":null,"level":"note","spans":[],"children":[],"rendered":null},{"message":"required for `Result<Insert<_>, clickhouse::error::Error>` to implement `IntoFuture`","code":null,"level":"note","spans":[],"children":[],"rendered":null},{"message":"remove the `.await`","code":null,"level":"help","spans":[{"file_name":"src/exporter.rs","byte_start":5366,"byte_end":5372,"line_start":127,"line_end":127,"column_start":76,"column_end":82,"is_primary":true,"text":[{"text":"            let insert_result = self.client.insert(&table_name, error_rows).await;","highlight_start":76,"highlight_end":82}],"label":null,"suggested_replacement":"","suggestion_applicability":"MachineApplicable","expansion":null}],"children":[],"rendered":null}],"rendered":"\u001b[0m\u001b[1m\u001b[38;5;9merror[E0277]\u001b[0m\u001b[0m\u001b[1m: `Result<Insert<_>, clickhouse::error::Error>` is not a future\u001b[0m\n\u001b[0m   \u001b[0m\u001b[0m\u001b[1m\u001b[38;5;12m--> \u001b[0m\u001b[0msrc/exporter.rs:127:77\u001b[0m\n\u001b[0m    \u001b[0m\u001b[0m\u001b[1m\u001b[38;5;12m|\u001b[0m\n\u001b[0m\u001b[1m\u001b[38;5;12m127\u001b[0m\u001b[0m \u001b[0m\u001b[0m\u001b[1m\u001b[38;5;12m|\u001b[0m\u001b[0m \u001b[0m\u001b[0m            let insert_result = self.client.insert(&table_name, error_rows).await;\u001b[0m\n\u001b[0m    \u001b[0m\u001b[0m\u001b[1m\u001b[38;5;12m|\u001b[0m\u001b[0m                                                                            \u001b[0m\u001b[0m\u001b[1m\u001b[38;5;12m-\u001b[0m\u001b[0m\u001b[1m\u001b[38;5;9m^^^^^\u001b[0m\n\u001b[0m    \u001b[0m\u001b[0m\u001b[1m\u001b[38;5;12m|\u001b[0m\u001b[0m                                                                            \u001b[0m\u001b[0m\u001b[1m\u001b[38;5;12m|\u001b[0m\u001b[0m\u001b[1m\u001b[38;5;9m|\u001b[0m\n\u001b[0m    \u001b[0m\u001b[0m\u001b[1m\u001b[38;5;12m|\u001b[0m\u001b[0m                                                                            \u001b[0m\u001b[0m\u001b[1m\u001b[38;5;12m|\u001b[0m\u001b[0m\u001b[1m\u001b[38;5;9m`Result<Insert<_>, clickhouse::error::Error>` is not a future\u001b[0m\n\u001b[0m    \u001b[0m\u001b[0m\u001b[1m\u001b[38;5;12m|\u001b[0m\u001b[0m                                                                            \u001b[0m\u001b[0m\u001b[1m\u001b[38;5;12mhelp: remove the `.await`\u001b[0m\n\u001b[0m    \u001b[0m\u001b[0m\u001b[1m\u001b[38;5;12m|\u001b[0m\n\u001b[0m    \u001b[0m\u001b[0m\u001b[1m\u001b[38;5;12m= \u001b[0m\u001b[0m\u001b[1mhelp\u001b[0m\u001b[0m: the trait `Future` is not implemented for `Result<Insert<_>, clickhouse::error::Error>`\u001b[0m\n\u001b[0m    \u001b[0m\u001b[0m\u001b[1m\u001b[38;5;12m= \u001b[0m\u001b[0m\u001b[1mnote\u001b[0m\u001b[0m: Result<Insert<_>, clickhouse::error::Error> must be a future or must implement `IntoFuture` to be awaited\u001b[0m\n\u001b[0m    \u001b[0m\u001b[0m\u001b[1m\u001b[38;5;12m= \u001b[0m\u001b[0m\u001b[1mnote\u001b[0m\u001b[0m: required for `Result<Insert<_>, clickhouse::error::Error>` to implement `IntoFuture`\u001b[0m\n\n"}
{"$message_type":"diagnostic","message":"no method named `unwrap_or_default` found for enum `LocalResult` in the current scope","code":{"code":"E0599","explanation":"This error occurs when a method is used on a type which doesn't implement it:\n\nErroneous code example:\n\n```compile_fail,E0599\nstruct Mouth;\n\nlet x = Mouth;\nx.chocolate(); // error: no method named `chocolate` found for type `Mouth`\n               //        in the current scope\n```\n\nIn this case, you need to implement the `chocolate` method to fix the error:\n\n```\nstruct Mouth;\n\nimpl Mouth {\n    fn chocolate(&self) { // We implement the `chocolate` method here.\n        println!(\"Hmmm! I love chocolate!\");\n    }\n}\n\nlet x = Mouth;\nx.chocolate(); // ok!\n```\n"},"level":"error","spans":[{"file_name":"src/model.rs","byte_start":645,"byte_end":755,"line_start":16,"line_end":20,"column_start":5,"column_end":6,"is_primary":false,"text":[{"text":"    Utc.timestamp_opt(","highlight_start":5,"highlight_end":23},{"text":"        epoch_duration.as_secs() as i64,","highlight_start":1,"highlight_end":41},{"text":"        epoch_duration.subsec_nanos(),","highlight_start":1,"highlight_end":39},{"text":"    )","highlight_start":1,"highlight_end":6},{"text":"    .unwrap_or_default() // Should not fail for valid SystemTime","highlight_start":1,"highlight_end":6}],"label":"","suggested_replacement":null,"suggestion_applicability":null,"expansion":null},{"file_name":"src/model.rs","byte_start":755,"byte_end":772,"line_start":20,"line_end":20,"column_start":6,"column_end":23,"is_primary":true,"text":[{"text":"    .unwrap_or_default() // Should not fail for valid SystemTime","highlight_start":6,"highlight_end":23}],"label":"method not found in `LocalResult<DateTime<Utc>>`","suggested_replacement":null,"suggestion_applicability":null,"expansion":null}],"children":[],"rendered":"\u001b[0m\u001b[1m\u001b[38;5;9merror[E0599]\u001b[0m\u001b[0m\u001b[1m: no method named `unwrap_or_default` found for enum `LocalResult` in the current scope\u001b[0m\n\u001b[0m  \u001b[0m\u001b[0m\u001b[1m\u001b[38;5;12m--> \u001b[0m\u001b[0msrc/model.rs:20:6\u001b[0m\n\u001b[0m   \u001b[0m\u001b[0m\u001b[1m\u001b[38;5;12m|\u001b[0m\n\u001b[0m\u001b[1m\u001b[38;5;12m16\u001b[0m\u001b[0m \u001b[0m\u001b[0m\u001b[1m\u001b[38;5;12m|\u001b[0m\u001b[0m \u001b[0m\u001b[0m\u001b[1m\u001b[38;5;12m/\u001b[0m\u001b[0m \u001b[0m\u001b[0m    Utc.timestamp_opt(\u001b[0m\n\u001b[0m\u001b[1m\u001b[38;5;12m17\u001b[0m\u001b[0m \u001b[0m\u001b[0m\u001b[1m\u001b[38;5;12m|\u001b[0m\u001b[0m \u001b[0m\u001b[0m\u001b[1m\u001b[38;5;12m|\u001b[0m\u001b[0m \u001b[0m\u001b[0m        epoch_duration.as_secs() as i64,\u001b[0m\n\u001b[0m\u001b[1m\u001b[38;5;12m18\u001b[0m\u001b[0m \u001b[0m\u001b[0m\u001b[1m\u001b[38;5;12m|\u001b[0m\u001b[0m \u001b[0m\u001b[0m\u001b[1m\u001b[38;5;12m|\u001b[0m\u001b[0m \u001b[0m\u001b[0m        epoch_duration.subsec_nanos(),\u001b[0m\n\u001b[0m\u001b[1m\u001b[38;5;12m19\u001b[0m\u001b[0m \u001b[0m\u001b[0m\u001b[1m\u001b[38;5;12m|\u001b[0m\u001b[0m \u001b[0m\u001b[0m\u001b[1m\u001b[38;5;12m|\u001b[0m\u001b[0m \u001b[0m\u001b[0m    )\u001b[0m\n\u001b[0m\u001b[1m\u001b[38;5;12m20\u001b[0m\u001b[0m \u001b[0m\u001b[0m\u001b[1m\u001b[38;5;12m|\u001b[0m\u001b[0m \u001b[0m\u001b[0m\u001b[1m\u001b[38;5;12m|\u001b[0m\u001b[0m \u001b[0m\u001b[0m    .unwrap_or_default() // Should not fail for valid SystemTime\u001b[0m\n\u001b[0m   \u001b[0m\u001b[0m\u001b[1m\u001b[38;5;12m|\u001b[0m\u001b[0m \u001b[0m\u001b[0m\u001b[1m\u001b[38;5;12m|\u001b[0m\u001b[0m     \u001b[0m\u001b[0m\u001b[1m\u001b[38;5;12m-\u001b[0m\u001b[0m\u001b[1m\u001b[38;5;9m^^^^^^^^^^^^^^^^^\u001b[0m\u001b[0m \u001b[0m\u001b[0m\u001b[1m\u001b[38;5;9mmethod not found in `LocalResult<DateTime<Utc>>`\u001b[0m\n\u001b[0m   \u001b[0m\u001b[0m\u001b[1m\u001b[38;5;12m|\u001b[0m\u001b[0m \u001b[0m\u001b[0m\u001b[1m\u001b[38;5;12m|_____|\u001b[0m\n\u001b[0m   \u001b[0m\u001b[0m\u001b[1m\u001b[38;5;12m|\u001b[0m\n\n"}
{"$message_type":"diagnostic","message":"the trait bound `DateTime<Utc>: Serialize` is not satisfied","code":{"code":"E0277","explanation":"You tried to use a type which doesn't implement some trait in a place which\nexpected that trait.\n\nErroneous code example:\n\n```compile_fail,E0277\n// here we declare the Foo trait with a bar method\ntrait Foo {\n    fn bar(&self);\n}\n\n// we now declare a function which takes an object implementing the Foo trait\nfn some_func<T: Foo>(foo: T) {\n    foo.bar();\n}\n\nfn main() {\n    // we now call the method with the i32 type, which doesn't implement\n    // the Foo trait\n    some_func(5i32); // error: the trait bound `i32 : Foo` is not satisfied\n}\n```\n\nIn order to fix this error, verify that the type you're using does implement\nthe trait. Example:\n\n```\ntrait Foo {\n    fn bar(&self);\n}\n\n// we implement the trait on the i32 type\nimpl Foo for i32 {\n    fn bar(&self) {}\n}\n\nfn some_func<T: Foo>(foo: T) {\n    foo.bar(); // we can now use this method since i32 implements the\n               // Foo trait\n}\n\nfn main() {\n    some_func(5i32); // ok!\n}\n```\n\nOr in a generic context, an erroneous code example would look like:\n\n```compile_fail,E0277\nfn some_func<T>(foo: T) {\n    println!(\"{:?}\", foo); // error: the trait `core::fmt::Debug` is not\n                           //        implemented for the type `T`\n}\n\nfn main() {\n    // We now call the method with the i32 type,\n    // which *does* implement the Debug trait.\n    some_func(5i32);\n}\n```\n\nNote that the error here is in the definition of the generic function. Although\nwe only call it with a parameter that does implement `Debug`, the compiler\nstill rejects the function. It must work with all possible input types. In\norder to make this example compile, we need to restrict the generic type we're\naccepting:\n\n```\nuse std::fmt;\n\n// Restrict the input type to types that implement Debug.\nfn some_func<T: fmt::Debug>(foo: T) {\n    println!(\"{:?}\", foo);\n}\n\nfn main() {\n    // Calling the method is still fine, as i32 implements Debug.\n    some_func(5i32);\n\n    // This would fail to compile now:\n    // struct WithoutDebug;\n    // some_func(WithoutDebug);\n}\n```\n\nRust only looks at the signature of the called function, as such it must\nalready specify all requirements that will be used for every type parameter.\n"},"level":"error","spans":[{"file_name":"src/model.rs","byte_start":2021,"byte_end":2030,"line_start":56,"line_end":56,"column_start":27,"column_end":36,"is_primary":true,"text":[{"text":"#[derive(clickhouse::Row, Serialize, Debug, Clone)]","highlight_start":27,"highlight_end":36}],"label":"the trait `Serialize` is not implemented for `DateTime<Utc>`","suggested_replacement":null,"suggestion_applicability":null,"expansion":{"span":{"file_name":"src/model.rs","byte_start":2021,"byte_end":2030,"line_start":56,"line_end":56,"column_start":27,"column_end":36,"is_primary":false,"text":[{"text":"#[derive(clickhouse::Row, Serialize, Debug, Clone)]","highlight_start":27,"highlight_end":36}],"label":null,"suggested_replacement":null,"suggestion_applicability":null,"expansion":null},"macro_decl_name":"#[derive(Serialize)]","def_site_span":{"file_name":"/home/user/.cargo/registry/src/index.crates.io-1949cf8c6b5b557f/serde_derive-1.0.219/src/lib.rs","byte_start":2584,"byte_end":2642,"line_start":92,"line_end":92,"column_start":1,"column_end":59,"is_primary":false,"text":[{"text":"pub fn derive_serialize(input: TokenStream) -> TokenStream {","highlight_start":1,"highlight_end":59}],"label":null,"suggested_replacement":null,"suggestion_applicability":null,"expansion":null}}},{"file_name":"src/model.rs","byte_start":2079,"byte_end":2080,"line_start":58,"line_end":58,"column_start":5,"column_end":6,"is_primary":false,"text":[{"text":"    #[serde(rename = \"Timestamp\")]","highlight_start":5,"highlight_end":6}],"label":"required by a bound introduced by this call","suggested_replacement":null,"suggestion_applicability":null,"expansion":null}],"children":[{"message":"for local types consider adding `#[derive(serde::Serialize)]` to your `DateTime<Utc>` type","code":null,"level":"note","spans":[],"children":[],"rendered":null},{"message":"for types from other crates check whether the crate offers a `serde` feature flag","code":null,"level":"note","spans":[],"children":[],"rendered":null},{"message":"the following other types implement trait `Serialize`:\n  &'a T\n  &'a mut T\n  ()\n  (T,)\n  (T0, T1)\n  (T0, T1, T2)\n  (T0, T1, T2, T3)\n  (T0, T1, T2, T3, T4)\nand 132 others","code":null,"level":"help","spans":[],"children":[],"rendered":null},{"message":"required by a bound in `model::_::_serde::ser::SerializeStruct::serialize_field`","code":null,"level":"note","spans":[{"file_name":"/home/user/.cargo/registry/src/index.crates.io-1949cf8c6b5b557f/serde-1.0.219/src/ser/mod.rs","byte_start":60780,"byte_end":60795,"line_start":1864,"line_end":1864,"column_start":8,"column_end":23,"is_primary":false,"text":[{"text":"    fn serialize_field<T>(&mut self, key: &'static str, value: &T) -> Result<(), Self::Error>","highlight_start":8,"highlight_end":23}],"label":"required by a bound in this associated function","suggested_replacement":null,"suggestion_applicability":null,"expansion":null},{"file_name":"/home/user/.cargo/registry/src/index.crates.io-1949cf8c6b5b557f/serde-1.0.219/src/ser/mod.rs","byte_start":60897,"byte_end":60906,"line_start":1866,"line_end":1866,"column_start":21,"column_end":30,"is_primary":true,"text":[{"text":"        T: ?Sized + Serialize;","highlight_start":21,"highlight_end":30}],"label":"required by this bound in `SerializeStruct::serialize_field`","suggested_replacement":null,"suggestion_applicability":null,"expansion":null}],"children":[],"rendered":null}],"rendered":"\u001b[0m\u001b[1m\u001b[38;5;9merror[E0277]\u001b[0m\u001b[0m\u001b[1m: the trait bound `DateTime<Utc>: Serialize` is not satisfied\u001b[0m\n\u001b[0m    \u001b[0m\u001b[0m\u001b[1m\u001b[38;5;12m--> \u001b[0m\u001b[0msrc/model.rs:56:27\u001b[0m\n\u001b[0m     \u001b[0m\u001b[0m\u001b[1m\u001b[38;5;12m|\u001b[0m\n\u001b[0m\u001b[1m\u001b[38;5;12m56\u001b[0m\u001b[0m   \u001b[0m\u001b[0m\u001b[1m\u001b[38;5;12m|\u001b[0m\u001b[0m \u001b[0m\u001b[0m#[derive(clickhouse::Row, Serialize, Debug, Clone)]\u001b[0m\n\u001b[0m     \u001b[0m\u001b[0m\u001b[1m\u001b[38;5;12m|\u001b[0m\u001b[0m                           \u001b[0m\u001b[0m\u001b[1m\u001b[38;5;9m^^^^^^^^^\u001b[0m\u001b[0m \u001b[0m\u001b[0m\u001b[1m\u001b[38;5;9mthe trait `Serialize` is not implemented for `DateTime<Utc>`\u001b[0m\n\u001b[0m\u001b[1m\u001b[38;5;12m57\u001b[0m\u001b[0m   \u001b[0m\u001b[0m\u001b[1m\u001b[38;5;12m|\u001b[0m\u001b[0m \u001b[0m\u001b[0mpub(crate) struct SpanRow {\u001b[0m\n\u001b[0m\u001b[1m\u001b[38;5;12m58\u001b[0m\u001b[0m   \u001b[0m\u001b[0m\u001b[1m\u001b[38;5;12m|\u001b[0m\u001b[0m \u001b[0m\u001b[0m    #[serde(rename = \"Timestamp\")]\u001b[0m\n\u001b[0m     \u001b[0m\u001b[0m\u001b[1m\u001b[38;5;12m|\u001b[0m\u001b[0m     \u001b[0m\u001b[0m\u001b[1m\u001b[38;5;12m-\u001b[0m\u001b[0m \u001b[0m\u001b[0m\u001b[1m\u001b[38;5;12mrequired by a bound introduced by this call\u001b[0m\n\u001b[0m     \u001b[0m\u001b[0m\u001b[1m\u001b[38;5;12m|\u001b[0m\n\u001b[0m     \u001b[0m\u001b[0m\u001b[1m\u001b[38;5;12m= \u001b[0m\u001b[0m\u001b[1mnote\u001b[0m\u001b[0m: for local types consider adding `#[derive(serde::Serialize)]` to your `DateTime<Utc>` type\u001b[0m\n\u001b[0m     \u001b[0m\u001b[0m\u001b[1m\u001b[38;5;12m= \u001b[0m\u001b[0m\u001b[1mnote\u001b[0m\u001b[0m: for types from other crates check whether the crate offers a `serde` feature flag\u001b[0m\n\u001b[0m     \u001b[0m\u001b[0m\u001b[1m\u001b[38;5;12m= \u001b[0m\u001b[0m\u001b[1mhelp\u001b[0m\u001b[0m: the following other types implement trait `Serialize`:\u001b[0m\n\u001b[0m               &'a T\u001b[0m\n\u001b[0m               &'a mut T\u001b[0m\n\u001b[0m               ()\u001b[0m\n\u001b[0m               (T,)\u001b[0m\n\u001b[0m               (T0, T1)\u001b[0m\n\u001b[0m               (T0, T1, T2)\u001b[0m\n\u001b[0m               (T0, T1, T2, T3)\u001b[0m\n\u001b[0m               (T0, T1, T2, T3, T4)\u001b[0m\n\u001b[0m             and 132 others\u001b[0m\n\u001b[0m\u001b[1m\u001b[38;5;10mnote\u001b[0m\u001b[0m: required by a bound in `model::_::_serde::ser::SerializeStruct::serialize_field`\u001b[0m\n\u001b[0m    \u001b[0m\u001b[0m\u001b[1m\u001b[38;5;12m--> \u001b[0m\u001b[0m/home/user/.cargo/registry/src/index.crates.io-1949cf8c6b5b557f/serde-1.0.219/src/ser/mod.rs:1866:21\u001b[0m\n\u001b[0m     \u001b[0m\u001b[0m\u001b[1m\u001b[38;5;12m|\u001b[0m\n\u001b[0m\u001b[1m\u001b[38;5;12m1864\u001b[0m\u001b[0m \u001b[0m\u001b[0m\u001b[1m\u001b[38;5;12m|\u001b[0m\u001b[0m \u001b[0m\u001b[0m    fn serialize_field<T>(&mut self, key: &'static str, value: &T) -> Result<(), Self::Error>\u001b[0m\n\u001b[0m     \u001b[0m\u001b[0m\u001b[1m\u001b[38;5;12m|\u001b[0m\u001b[0m        \u001b[0m\u001b[0m\u001b[1m\u001b[38;5;12m---------------\u001b[0m\u001b[0m \u001b[0m\u001b[0m\u001b[1m\u001b[38;5;12mrequired by a bound in this associated function\u001b[0m\n\u001b[0m\u001b[1m\u001b[38;5;12m1865\u001b[0m\u001b[0m \u001b[0m\u001b[0m\u001b[1m\u001b[38;5;12m|\u001b[0m\u001b[0m \u001b[0m\u001b[0m    where\u001b[0m\n\u001b[0m\u001b[1m\u001b[38;5;12m1866\u001b[0m\u001b[0m \u001b[0m\u001b[0m\u001b[1m\u001b[38;5;12m|\u001b[0m\u001b[0m \u001b[0m\u001b[0m        T: ?Sized + Serialize;\u001b[0m\n\u001b[0m     \u001b[0m\u001b[0m\u001b[1m\u001b[38;5;12m|\u001b[0m\u001b[0m                     \u001b[0m\u001b[0m\u001b[1m\u001b[38;5;10m^^^^^^^^^\u001b[0m\u001b[0m \u001b[0m\u001b[0m\u001b[1m\u001b[38;5;10mrequired by this bound in `SerializeStruct::serialize_field`\u001b[0m\n\u001b[0m     \u001b[0m\u001b[0m\u001b[1m\u001b[38;5;12m= \u001b[0m\u001b[0m\u001b[1mnote\u001b[0m\u001b[0m: this error originates in the derive macro `Serialize` (in Nightly builds, run with -Z macro-backtrace for more info)\u001b[0m\n\n"}
{"$message_type":"diagnostic","message":"the trait bound `DateTime<Utc>: Serialize` is not satisfied","code":{"code":"E0277","explanation":"You tried to use a type which doesn't implement some trait in a place which\nexpected that trait.\n\nErroneous code example:\n\n```compile_fail,E0277\n// here we declare the Foo trait with a bar method\ntrait Foo {\n    fn bar(&self);\n}\n\n// we now declare a function which takes an object implementing the Foo trait\nfn some_func<T: Foo>(foo: T) {\n    foo.bar();\n}\n\nfn main() {\n    // we now call the method with the i32 type, which doesn't implement\n    // the Foo trait\n    some_func(5i32); // error: the trait bound `i32 : Foo` is not satisfied\n}\n```\n\nIn order to fix this error, verify that the type you're using does implement\nthe trait. Example:\n\n```\ntrait Foo {\n    fn bar(&self);\n}\n\n// we implement the trait on the i32 type\nimpl Foo for i32 {\n    fn bar(&self) {}\n}\n\nfn some_func<T: Foo>(foo: T) {\n    foo.bar(); // we can now use this method since i32 implements the\n               // Foo trait\n}\n\nfn main() {\n    some_func(5i32); // ok!\n}\n```\n\nOr in a generic context, an erroneous code example would look like:\n\n```compile_fail,E0277\nfn some_func<T>(foo: T) {\n    println!(\"{:?}\", foo); // error: the trait `core::fmt::Debug` is not\n                           //        implemented for the type `T`\n}\n\nfn main() {\n    // We now call the method with the i32 type,\n    // which *does* implement the Debug trait.\n    some_func(5i32);\n}\n```\n\nNote that the error here is in the definition of the generic function. Although\nwe only call it with a parameter that does implement `Debug`, the compiler\nstill rejects the function. It must work with all possible input types. In\norder to make this example compile, we need to restrict the generic type we're\naccepting:\n\n```\nuse std::fmt;\n\n// Restrict the input type to types that implement Debug.\nfn some_func<T: fmt::Debug>(foo: T) {\n    println!(\"{:?}\", foo);\n}\n\nfn main() {\n    // Calling the method is still fine, as i32 implements Debug.\n    some_func(5i32);\n\n    // This would fail to compile now:\n    // struct WithoutDebug;\n    // some_func(WithoutDebug);\n}\n```\n\nRust only looks at the signature of the called function, as such it must\nalready specify all requirements that will be used for every type parameter.\n"},"level":"error","spans":[{"file_name":"src/model.rs","byte_start":3268,"byte_end":3277,"line_start":94,"line_end":94,"column_start":27,"column_end":36,"is_primary":true,"text":[{"text":"#[derive(clickhouse::Row, Serialize, Debug, Clone)]","highlight_start":27,"highlight_end":36}],"label":"the trait `Serialize` is not implemented for `DateTime<Utc>`","suggested_replacement":null,"suggestion_applicability":null,"expansion":{"span":{"file_name":"src/model.rs","byte_start":3268,"byte_end":3277,"line_start":94,"line_end":94,"column_start":27,"column_end":36,"is_primary":false,"text":[{"text":"#[derive(clickhouse::Row, Serialize, Debug, Clone)]","highlight_start":27,"highlight_end":36}],"label":null,"suggested_replacement":null,"suggestion_applicability":null,"expansion":null},"macro_decl_name":"#[derive(Serialize)]","def_site_span":{"file_name":"/home/user/.cargo/registry/src/index.crates.io-1949cf8c6b5b557f/serde_derive-1.0.219/src/lib.rs","byte_start":2584,"byte_end":2642,"line_start":92,"line_end":92,"column_start":1,"column_end":59,"is_primary":false,"text":[{"text":"pub fn derive_serialize(input: TokenStream) -> TokenStream {","highlight_start":1,"highlight_end":59}],"label":null,"suggested_replacement":null,"suggestion_applicability":null,"expansion":null}}},{"file_name":"src/model.rs","byte_start":3327,"byte_end":3328,"line_start":96,"line_end":96,"column_start":5,"column_end":6,"is_primary":false,"text":[{"text":"    #[serde(rename = \"Timestamp\")]","highlight_start":5,"highlight_end":6}],"label":"required by a bound introduced by this call","suggested_replacement":null,"suggestion_applicability":null,"expansion":null}],"children":[{"message":"for local types consider adding `#[derive(serde::Serialize)]` to your `DateTime<Utc>` type","code":null,"level":"note","spans":[],"children":[],"rendered":null},{"message":"for types from other crates check whether the crate offers a `serde` feature flag","code":null,"level":"note","spans":[],"children":[],"rendered":null},{"message":"the following other types implement trait `Serialize`:\n  &'a T\n  &'a mut T\n  ()\n  (T,)\n  (T0, T1)\n  (T0, T1, T2)\n  (T0, T1, T2, T3)\n  (T0, T1, T2, T3, T4)\nand 132 others","code":null,"level":"help","spans":[],"children":[],"rendered":null},{"message":"required by a bound in `model::_::_serde::ser::SerializeStruct::serialize_field`","code":null,"level":"note","spans":[{"file_name":"/home/user/.cargo/registry/src/index.crates.io-1949cf8c6b5b557f/serde-1.0.219/src/ser/mod.rs","byte_start":60780,"byte_end":60795,"line_start":1864,"line_end":1864,"column_start":8,"column_end":23,"is_primary":false,"text":[{"text":"    fn serialize_field<T>(&mut self, key: &'static str, value: &T) -> Result<(), Self::Error>","highlight_start":8,"highlight_end":23}],"label":"required by a bound in this associated function","suggested_replacement":null,"suggestion_applicability":null,"expansion":null},{"file_name":"/home/user/.cargo/registry/src/index.crates.io-1949cf8c6b5b557f/serde-1.0.219/src/ser/mod.rs","byte_start":60897,"byte_end":60906,"line_start":1866,"line_end":1866,"column_start":21,"column_end":30,"is_primary":true,"text":[{"text":"        T: ?Sized + Serialize;","highlight_start":21,"highlight_end":30}],"label":"required by this bound in `SerializeStruct::serialize_field`","suggested_replacement":null,"suggestion_applicability":null,"expansion":null}],"children":[],"rendered":null}],"rendered":"\u001b[0m\u001b[1m\u001b[38;5;9merror[E0277]\u001b[0m\u001b[0m\u001b[1m: the trait bound `DateTime<Utc>: Serialize` is not satisfied\u001b[0m\n\u001b[0m    \u001b[0m\u001b[0m\u001b[1m\u001b[38;5;12m--> \u001b[0m\u001b[0msrc/model.rs:94:27\u001b[0m\n\u001b[0m     \u001b[0m\u001b[0m\u001b[1m\u001b[38;5;12m|\u001b[0m\n\u001b[0m\u001b[1m\u001b[38;5;12m94\u001b[0m\u001b[0m   \u001b[0m\u001b[0m\u001b[1m\u001b[38;5;12m|\u001b[0m\u001b[0m \u001b[0m\u001b[0m#[derive(clickhouse::Row, Serialize, Debug, Clone)]\u001b[0m\n\u001b[0m     \u001b[0m\u001b[0m\u001b[1m\u001b[38;5;12m|\u001b[0m\u001b[0m                           \u001b[0m\u001b[0m\u001b[1m\u001b[38;5;9m^^^^^^^^^\u001b[0m\u001b[0m \u001b[0m\u001b[0m\u001b[1m\u001b[38;5;9mthe trait `Serialize` is not implemented for `DateTime<Utc>`\u001b[0m\n\u001b[0m\u001b[1m\u001b[38;5;12m95\u001b[0m\u001b[0m   \u001b[0m\u001b[0m\u001b[1m\u001b[38;5;12m|\u001b[0m\u001b[0m \u001b[0m\u001b[0mpub(crate) struct EventRow {\u001b[0m\n\u001b[0m\u001b[1m\u001b[38;5;12m96\u001b[0m\u001b[0m   \u001b[0m\u001b[0m\u001b[1m\u001b[38;5;12m|\u001b[0m\u001b[0m \u001b[0m\u001b[0m    #[serde(rename = \"Timestamp\")]\u001b[0m\n\u001b[0m     \u001b[0m\u001b[0m\u001b[1m\u001b[38;5;12m|\u001b[0m\u001b[0m     \u001b[0m\u001b[0m\u001b[1m\u001b[38;5;12m-\u001b[0m\u001b[0m \u001b[0m\u001b[0m\u001b[1m\u001b[38;5;12mrequired by a bound introduced by this call\u001b[0m\n\u001b[0m     \u001b[0m\u001b[0m\u001b[1m\u001b[38;5;12m|\u001b[0m\n\u001b[0m     \u001b[0m\u001b[0m\u001b[1m\u001b[38;5;12m= \u001b[0m\u001b[0m\u001b[1mnote\u001b[0m\u001b[0m: for local types consider adding `#[derive(serde::Serialize)]` to your `DateTime<Utc>` type\u001b[0m\n\u001b[0m     \u001b[0m\u001b[0m\u001b[1m\u001b[38;5;12m= \u001b[0m\u001b[0m\u001b[1mnote\u001b[0m\u001b[0m: for types from other crates check whether the crate offers a `serde` feature flag\u001b[0m\n\u001b[0m     \u001b[0m\u001b[0m\u001b[1m\u001b[38;5;12m= \u001b[0m\u001b[0m\u001b[1mhelp\u001b[0m\u001b[0m: the following other types implement trait `Serialize`:\u001b[0m\n\u001b[0m               &'a T\u001b[0m\n\u001b[0m               &'a mut T\u001b[0m\n\u001b[0m               ()\u001b[0m\n\u001b[0m               (T,)\u001b[0m\n\u001b[0m               (T0, T1)\u001b[0m\n\u001b[0m               (T0, T1, T2)\u001b[0m\n\u001b[0m               (T0, T1, T2, T3)\u001b[0m\n\u001b[0m               (T0, T1, T2, T3, T4)\u001b[0m\n\u001b[0m             and 132 others\u001b[0m\n\u001b[0m\u001b[1m\u001b[38;5;10mnote\u001b[0m\u001b[0m: required by a bound in `model::_::_serde::ser::SerializeStruct::serialize_field`\u001b[0m\n\u001b[0m    \u001b[0m\u001b[0m\u001b[1m\u001b[38;5;12m--> \u001b[0m\u001b[0m/home/user/.cargo/registry/src/index.crates.io-1949cf8c6b5b557f/serde-1.0.219/src/ser/mod.rs:1866:21\u001b[0m\n\u001b[0m     \u001b[0m\u001b[0m\u001b[1m\u001b[38;5;12m|\u001b[0m\n\u001b[0m\u001b[1m\u001b[38;5;12m1864\u001b[0m\u001b[0m \u001b[0m\u001b[0m\u001b[1m\u001b[38;5;12m|\u001b[0m\u001b[0m \u001b[0m\u001b[0m    fn serialize_field<T>(&mut self, key: &'static str, value: &T) -> Result<(), Self::Error>\u001b[0m\n\u001b[0m     \u001b[0m\u001b[0m\u001b[1m\u001b[38;5;12m|\u001b[0m\u001b[0m        \u001b[0m\u001b[0m\u001b[1m\u001b[38;5;12m---------------\u001b[0m\u001b[0m \u001b[0m\u001b[0m\u001b[1m\u001b[38;5;12mrequired by a bound in this associated function\u001b[0m\n\u001b[0m\u001b[1m\u001b[38;5;12m1865\u001b[0m\u001b[0m \u001b[0m\u001b[0m\u001b[1m\u001b[38;5;12m|\u001b[0m\u001b[0m \u001b[0m\u001b[0m    where\u001b[0m\n\u001b[0m\u001b[1m\u001b[38;5;12m1866\u001b[0m\u001b[0m \u001b[0m\u001b[0m\u001b[1m\u001b[38;5;12m|\u001b[0m\u001b[0m \u001b[0m\u001b[0m        T: ?Sized + Serialize;\u001b[0m\n\u001b[0m     \u001b[0m\u001b[0m\u001b[1m\u001b[38;5;12m|\u001b[0m\u001b[0m                     \u001b[0m\u001b[0m\u001b[1m\u001b[38;5;10m^^^^^^^^^\u001b[0m\u001b[0m \u001b[0m\u001b[0m\u001b[1m\u001b[38;5;10mrequired by this bound in `SerializeStruct::serialize_field`\u001b[0m\n\u001b[0m     \u001b[0m\u001b[0m\u001b[1m\u001b[38;5;12m= \u001b[0m\u001b[0m\u001b[1mnote\u001b[0m\u001b[0m: this error originates in the derive macro `Serialize` (in Nightly builds, run with -Z macro-backtrace for more info)\u001b[0m\n\n"}
{"$message_type":"diagnostic","message":"the trait bound `DateTime<Utc>: Serialize` is not satisfied","code":{"code":"E0277","explanation":"You tried to use a type which doesn't implement some trait in a place which\nexpected that trait.\n\nErroneous code example:\n\n```compile_fail,E0277\n// here we declare the Foo trait with a bar method\ntrait Foo {\n    fn bar(&self);\n}\n\n// we now declare a function which takes an object implementing the Foo trait\nfn some_func<T: Foo>(foo: T) {\n    foo.bar();\n}\n\nfn main() {\n    // we now call the method with the i32 type, which doesn't implement\n    // the Foo trait\n    some_func(5i32); // error: the trait bound `i32 : Foo` is not satisfied\n}\n```\n\nIn order to fix this error, verify that the type you're using does implement\nthe trait. Example:\n\n```\ntrait Foo {\n    fn bar(&self);\n}\n\n// we implement the trait on the i32 type\nimpl Foo for i32 {\n    fn bar(&self) {}\n}\n\nfn some_func<T: Foo>(foo: T) {\n    foo.bar(); // we can now use this method since i32 implements the\n               // Foo trait\n}\n\nfn main() {\n    some_func(5i32); // ok!\n}\n```\n\nOr in a generic context, an erroneous code example would look like:\n\n```compile_fail,E0277\nfn some_func<T>(foo: T) {\n    println!(\"{:?}\", foo); // error: the trait `core::fmt::Debug` is not\n                           //        implemented for the type `T`\n}\n\nfn main() {\n    // We now call the method with the i32 type,\n    // which *does* implement the Debug trait.\n    some_func(5i32);\n}\n```\n\nNote that the error here is in the definition of the generic function. Although\nwe only call it with a parameter that does implement `Debug`, the compiler\nstill rejects the function. It must work with all possible input types. In\norder to make this example compile, we need to restrict the generic type we're\naccepting:\n\n```\nuse std::fmt;\n\n// Restrict the input type to types that implement Debug.\nfn some_func<T: fmt::Debug>(foo: T) {\n    println!(\"{:?}\", foo);\n}\n\nfn main() {\n    // Calling the method is still fine, as i32 implements Debug.\n    some_func(5i32);\n\n    // This would fail to compile now:\n    // struct WithoutDebug;\n    // some_func(WithoutDebug);\n}\n```\n\nRust only looks at the signature of the called function, as such it must\nalready specify all requirements that will be used for every type parameter.\n"},"level":"error","spans":[{"file_name":"src/model.rs","byte_start":3871,"byte_end":3880,"line_start":116,"line_end":116,"column_start":27,"column_end":36,"is_primary":true,"text":[{"text":"#[derive(clickhouse::Row, Serialize, Debug, Clone)]","highlight_start":27,"highlight_end":36}],"label":"the trait `Serialize` is not implemented for `DateTime<Utc>`","suggested_replacement":null,"suggestion_applicability":null,"expansion":{"span":{"file_name":"src/model.rs","byte_start":3871,"byte_end":3880,"line_start":116,"line_end":116,"column_start":27,"column_end":36,"is_primary":false,"text":[{"text":"#[derive(clickhouse::Row, Serialize, Debug, Clone)]","highlight_start":27,"highlight_end":36}],"label":null,"suggested_replacement":null,"suggestion_applicability":null,"expansion":null},"macro_decl_name":"#[derive(Serialize)]","def_site_span":{"file_name":"/home/user/.cargo/registry/src/index.crates.io-1949cf8c6b5b557f/serde_derive-1.0.219/src/lib.rs","byte_start":2584,"byte_end":2642,"line_start":92,"line_end":92,"column_start":1,"column_end":59,"is_primary":false,"text":[{"text":"pub fn derive_serialize(input: TokenStream) -> TokenStream {","highlight_start":1,"highlight_end":59}],"label":null,"suggested_replacement":null,"suggestion_applicability":null,"expansion":null}}},{"file_name":"src/model.rs","byte_start":3930,"byte_end":3931,"line_start":118,"line_end":118,"column_start":5,"column_end":6,"is_primary":false,"text":[{"text":"    #[serde(rename = \"Timestamp\")]","highlight_start":5,"highlight_end":6}],"label":"required by a bound introduced by this call","suggested_replacement":null,"suggestion_applicability":null,"expansion":null}],"children":[{"message":"for local types consider adding `#[derive(serde::Serialize)]` to your `DateTime<Utc>` type","code":null,"level":"note","spans":[],"children":[],"rendered":null},{"message":"for types from other crates check whether the crate offers a `serde` feature flag","code":null,"level":"note","spans":[],"children":[],"rendered":null},{"message":"the following other types implement trait `Serialize`:\n  &'a T\n  &'a mut T\n  ()\n  (T,)\n  (T0, T1)\n  (T0, T1, T2)\n  (T0, T1, T2, T3)\n  (T0, T1, T2, T3, T4)\nand 132 others","code":null,"level":"help","spans":[],"children":[],"rendered":null},{"message":"required by a bound in `model::_::_serde::ser::SerializeStruct::serialize_field`","code":null,"level":"note","spans":[{"file_name":"/home/user/.cargo/registry/src/index.crates.io-1949cf8c6b5b557f/serde-1.0.219/src/ser/mod.rs","byte_start":60780,"byte_end":60795,"line_start":1864,"line_end":1864,"column_start":8,"column_end":23,"is_primary":false,"text":[{"text":"    fn serialize_field<T>(&mut self, key: &'static str, value: &T) -> Result<(), Self::Error>","highlight_start":8,"highlight_end":23}],"label":"required by a bound in this associated function","suggested_replacement":null,"suggestion_applicability":null,"expansion":null},{"file_name":"/home/user/.cargo/registry/src/index.crates.io-1949cf8c6b5b557f/serde-1.0.219/src/ser/mod.rs","byte_start":60897,"byte_end":60906,"line_start":1866,"line_end":1866,"column_start":21,"column_end":30,"is_primary":true,"text":[{"text":"        T: ?Sized + Serialize;","highlight_start":21,"highlight_end":30}],"label":"required by this bound in `SerializeStruct::serialize_field`","suggested_replacement":null,"suggestion_applicability":null,"expansion":null}],"children":[],"rendered":null}],"rendered":"\u001b[0m\u001b[1m\u001b[38;5;9merror[E0277]\u001b[0m\u001b[0m\u001b[1m: the trait bound `DateTime<Utc>: Serialize` is not satisfied\u001b[0m\n\u001b[0m    \u001b[0m\u001b[0m\u001b[1m\u001b[38;5;12m--> \u001b[0m\u001b[0msrc/model.rs:116:27\u001b[0m\n\u001b[0m     \u001b[0m\u001b[0m\u001b[1m\u001b[38;5;12m|\u001b[0m\n\u001b[0m\u001b[1m\u001b[38;5;12m116\u001b[0m\u001b[0m  \u001b[0m\u001b[0m\u001b[1m\u001b[38;5;12m|\u001b[0m\u001b[0m \u001b[0m\u001b[0m#[derive(clickhouse::Row, Serialize, Debug, Clone)]\u001b[0m\n\u001b[0m     \u001b[0m\u001b[0m\u001b[1m\u001b[38;5;12m|\u001b[0m\u001b[0m                           \u001b[0m\u001b[0m\u001b[1m\u001b[38;5;9m^^^^^^^^^\u001b[0m\u001b[0m \u001b[0m\u001b[0m\u001b[1m\u001b[38;5;9mthe trait `Serialize` is not implemented for `DateTime<Utc>`\u001b[0m\n\u001b[0m\u001b[1m\u001b[38;5;12m117\u001b[0m\u001b[0m  \u001b[0m\u001b[0m\u001b[1m\u001b[38;5;12m|\u001b[0m\u001b[0m \u001b[0m\u001b[0mpub(crate) struct ErrorRow {\u001b[0m\n\u001b[0m\u001b[1m\u001b[38;5;12m118\u001b[0m\u001b[0m  \u001b[0m\u001b[0m\u001b[1m\u001b[38;5;12m|\u001b[0m\u001b[0m \u001b[0m\u001b[0m    #[serde(rename = \"Timestamp\")]\u001b[0m\n\u001b[0m     \u001b[0m\u001b[0m\u001b[1m\u001b[38;5;12m|\u001b[0m\u001b[0m     \u001b[0m\u001b[0m\u001b[1m\u001b[38;5;12m-\u001b[0m\u001b[0m \u001b[0m\u001b[0m\u001b[1m\u001b[38;5;12mrequired by a bound introduced by this call\u001b[0m\n\u001b[0m     \u001b[0m\u001b[0m\u001b[1m\u001b[38;5;12m|\u001b[0m\n\u001b[0m     \u001b[0m\u001b[0m\u001b[1m\u001b[38;5;12m= \u001b[0m\u001b[0m\u001b[1mnote\u001b[0m\u001b[0m: for local types consider adding `#[derive(serde::Serialize)]` to your `DateTime<Utc>` type\u001b[0m\n\u001b[0m     \u001b[0m\u001b[0m\u001b[1m\u001b[38;5;12m= \u001b[0m\u001b[0m\u001b[1mnote\u001b[0m\u001b[0m: for types from other crates check whether the crate offers a `serde` feature flag\u001b[0m\n\u001b[0m     \u001b[0m\u001b[0m\u001b[1m\u001b[38;5;12m= \u001b[0m\u001b[0m\u001b[1mhelp\u001b[0m\u001b[0m: the following other types implement trait `Serialize`:\u001b[0m\n\u001b[0m               &'a T\u001b[0m\n\u001b[0m               &'a mut T\u001b[0m\n\u001b[0m               ()\u001b[0m\n\u001b[0m               (T,)\u001b[0m\n\u001b[0m               (T0, T1)\u001b[0m\n\u001b[0m               (T0, T1, T2)\u001b[0m\n\u001b[0m               (T0, T1, T2, T3)\u001b[0m\n\u001b[0m               (T0, T1, T2, T3, T4)\u001b[0m\n\u001b[0m             and 132 others\u001b[0m\n\u001b[0m\u001b[1m\u001b[38;5;10mnote\u001b[0m\u001b[0m: required by a bound in `model::_::_serde::ser::SerializeStruct::serialize_field`\u001b[0m\n\u001b[0m    \u001b[0m\u001b[0m\u001b[1m\u001b[38;5;12m--> \u001b[0m\u001b[0m/home/user/.cargo/registry/src/index.crates.io-1949cf8c6b5b557f/serde-1.0.219/src/ser/mod.rs:1866:21\u001b[0m\n\u001b[0m     \u001b[0m\u001b[0m\u001b[1m\u001b[38;5;12m|\u001b[0m\n\u001b[0m\u001b[1m\u001b[38;5;12m1864\u001b[0m\u001b[0m \u001b[0m\u001b[0m\u001b[1m\u001b[38;5;12m|\u001b[0m\u001b[0m \u001b[0m\u001b[0m    fn serialize_field<T>(&mut self, key: &'static str, value: &T) -> Result<(), Self::Error>\u001b[0m\n\u001b[0m     \u001b[0m\u001b[0m\u001b[1m\u001b[38;5;12m|\u001b[0m\u001b[0m        \u001b[0m\u001b[0m\u001b[1m\u001b[38;5;12m---------------\u001b[0m\u001b[0m \u001b[0m\u001b[0m\u001b[1m\u001b[38;5;12mrequired by a bound in this associated function\u001b[0m\n\u001b[0m\u001b[1m\u001b[38;5;12m1865\u001b[0m\u001b[0m \u001b[0m\u001b[0m\u001b[1m\u001b[38;5;12m|\u001b[0m\u001b[0m \u001b[0m\u001b[0m    where\u001b[0m\n\u001b[0m\u001b[1m\u001b[38;5;12m1866\u001b[0m\u001b[0m \u001b[0m\u001b[0m\u001b[1m\u001b[38;5;12m|\u001b[0m\u001b[0m \u001b[0m\u001b[0m        T: ?Sized + Serialize;\u001b[0m\n\u001b[0m     \u001b[0m\u001b[0m\u001b[1m\u001b[38;5;12m|\u001b[0m\u001b[0m                     \u001b[0m\u001b[0m\u001b[1m\u001b[38;5;10m^^^^^^^^^\u001b[0m\u001b[0m \u001b[0m\u001b[0m\u001b[1m\u001b[38;5;10mrequired by this bound in `SerializeStruct::serialize_field`\u001b[0m\n\u001b[0m     \u001b[0m\u001b[0m\u001b[1m\u001b[38;5;12m= \u001b[0m\u001b[0m\u001b[1mnote\u001b[0m\u001b[0m: this error originates in the derive macro `Serialize` (in Nightly builds, run with -Z macro-backtrace for more info)\u001b[0m\n\n"}
{"$message_type":"diagnostic","message":"mismatched types","code":{"code":"E0308","explanation":"Expected type did not match the received type.\n\nErroneous code examples:\n\n```compile_fail,E0308\nfn plus_one(x: i32) -> i32 {\n    x + 1\n}\n\nplus_one(\"Not a number\");\n//       ^^^^^^^^^^^^^^ expected `i32`, found `&str`\n\nif \"Not a bool\" {\n// ^^^^^^^^^^^^ expected `bool`, found `&str`\n}\n\nlet x: f32 = \"Not a float\";\n//     ---   ^^^^^^^^^^^^^ expected `f32`, found `&str`\n//     |\n//     expected due to this\n```\n\nThis error occurs when an expression was used in a place where the compiler\nexpected an expression of a different type. It can occur in several cases, the\nmost common being when calling a function and passing an argument which has a\ndifferent type than the matching type in the function declaration.\n"},"level":"error","spans":[{"file_name":"src/model.rs","byte_start":5481,"byte_end":5495,"line_start":161,"line_end":161,"column_start":43,"column_end":57,"is_primary":true,"text":[{"text":"            attributes: attributes_to_map(&ev.attributes),","highlight_start":43,"highlight_end":57}],"label":"expected `&[(Key, Value)]`, found `&Vec<KeyValue>`","suggested_replacement":null,"suggestion_applicability":null,"expansion":null},{"file_name":"src/model.rs","byte_start":5463,"byte_end":5480,"line_start":161,"line_end":161,"column_start":25,"column_end":42,"is_primary":false,"text":[{"text":"            attributes: attributes_to_map(&ev.attributes),","highlight_start":25,"highlight_end":42}],"label":"arguments to this function are incorrect","suggested_replacement":null,"suggestion_applicability":null,"expansion":null}],"children":[{"message":"expected reference `&[(Key, opentelemetry::Value)]`\n   found reference `&Vec<KeyValue>`","code":null,"level":"note","spans":[],"children":[],"rendered":null},{"message":"function defined here","code":null,"level":"note","spans":[{"file_name":"src/model.rs","byte_start":1626,"byte_end":1648,"line_start":45,"line_end":45,"column_start":22,"column_end":44,"is_primary":false,"text":[{"text":"fn attributes_to_map(attrs: &[(Key, Value)]) -> HashMap<String, String> {","highlight_start":22,"highlight_end":44}],"label":"","suggested_replacement":null,"suggestion_applicability":null,"expansion":null},{"file_name":"src/model.rs","byte_start":1608,"byte_end":1625,"line_start":45,"line_end":45,"column_start":4,"column_end":21,"is_primary":true,"text":[{"text":"fn attributes_to_map(attrs: &[(Key, Value)]) -> HashMap<String, String> {","highlight_start":4,"highlight_end":21}],"label":null,"suggested_replacement":null,"suggestion_applicability":null,"expansion":null}],"children":[],"rendered":null}],"rendered":"\u001b[0m\u001b[1m\u001b[38;5;9merror[E0308]\u001b[0m\u001b[0m\u001b[1m: mismatched types\u001b[0m\n\u001b[0m   \u001b[0m\u001b[0m\u001b[1m\u001b[38;5;12m--> \u001b[0m\u001b[0msrc/model.rs:161:43\u001b[0m\n\u001b[0m    \u001b[0m\u001b[0m\u001b[1m\u001b[38;5;12m|\u001b[0m\n\u001b[0m\u001b[1m\u001b[38;5;12m161\u001b[0m\u001b[0m \u001b[0m\u001b[0m\u001b[1m\u001b[38;5;12m|\u001b[0m\u001b[0m \u001b[0m\u001b[0m            attributes: attributes_to_map(&ev.attributes),\u001b[0m\n\u001b[0m    \u001b[0m\u001b[0m\u001b[1m\u001b[38;5;12m|\u001b[0m\u001b[0m                         \u001b[0m\u001b[0m\u001b[1m\u001b[38;5;12m-----------------\u001b[0m\u001b[0m \u001b[0m\u001b[0m\u001b[1m\u001b[38;5;9m^^^^^^^^^^^^^^\u001b[0m\u001b[0m \u001b[0m\u001b[0m\u001b[1m\u001b[38;5;9mexpected `&[(Key, Value)]`, found `&Vec<KeyValue>`\u001b[0m\n\u001b[0m    \u001b[0m\u001b[0m\u001b[1m\u001b[38;5;12m|\u001b[0m\u001b[0m                         \u001b[0m\u001b[0m\u001b[1m\u001b[38;5;12m|\u001b[0m\n\u001b[0m    \u001b[0m\u001b[0m\u001b[1m\u001b[38;5;12m|\u001b[0m\u001b[0m                         \u001b[0m\u001b[0m\u001b[1m\u001b[38;5;12marguments to this function are incorrect\u001b[0m\n\u001b[0m    \u001b[0m\u001b[0m\u001b[1m\u001b[38;5;12m|\u001b[0m\n\u001b[0m    \u001b[0m\u001b[0m\u001b[1m\u001b[38;5;12m= \u001b[0m\u001b[0m\u001b[1mnote\u001b[0m\u001b[0m: expected reference `&\u001b[0m\u001b[0m\u001b[1m\u001b[35m[(Key, opentelemetry::Value)]\u001b[0m\u001b[0m`\u001b[0m\n\u001b[0m               found reference `&\u001b[0m\u001b[0m\u001b[1m\u001b[35mVec<KeyValue>\u001b[0m\u001b[0m`\u001b[0m\n\u001b[0m\u001b[1m\u001b[38;5;10mnote\u001b[0m\u001b[0m: function defined here\u001b[0m\n\u001b[0m   \u001b[0m\u001b[0m\u001b[1m\u001b[38;5;12m--> \u001b[0m\u001b[0msrc/model.rs:45:4\u001b[0m\n\u001b[0m    \u001b[0m\u001b[0m\u001b[1m\u001b[38;5;12m|\u001b[0m\n\u001b[0m\u001b[1m\u001b[38;5;12m45\u001b[0m\u001b[0m  \u001b[0m\u001b[0m\u001b[1m\u001b[38;5;12m|\u001b[0m\u001b[0m \u001b[0m\u001b[0mfn attributes_to_map(attrs: &[(Key, Value)]) -> HashMap<String, String> {\u001b[0m\n\u001b[0m    \u001b[0m\u001b[0m\u001b[1m\u001b[38;5;12m|\u001b[0m\u001b[0m    \u001b[0m\u001b[0m\u001b[1m\u001b[38;5;10m^^^^^^^^^^^^^^^^^\u001b[0m\u001b[0m \u001b[0m\u001b[0m\u001b[1m\u001b[38;5;12m----------------------\u001b[0m\n\n"}
{"$message_type":"diagnostic","message":"no method named `span_context` found for reference `&Link` in the current scope","code":{"code":"E0599","explanation":"This error occurs when a method is used on a type which doesn't implement it:\n\nErroneous code example:\n\n```compile_fail,E0599\nstruct Mouth;\n\nlet x = Mouth;\nx.chocolate(); // error: no method named `chocolate` found for type `Mouth`\n               //        in the current scope\n```\n\nIn this case, you need to implement the `chocolate` method to fix the error:\n\n```\nstruct Mouth;\n\nimpl Mouth {\n    fn chocolate(&self) { // We implement the `chocolate` method here.\n        println!(\"Hmmm! I love chocolate!\");\n    }\n}\n\nlet x = Mouth;\nx.chocolate(); // ok!\n```\n"},"level":"error","spans":[{"file_name":"src/model.rs","byte_start":5658,"byte_end":5670,"line_start":169,"line_end":169,"column_start":28,"column_end":40,"is_primary":true,"text":[{"text":"            trace_id: link.span_context().trace_id().to_string(),","highlight_start":28,"highlight_end":40}],"label":"field, not a method","suggested_replacement":null,"suggestion_applicability":null,"expansion":null}],"children":[{"message":"there is a method `with_context` with a similar name, but with different arguments","code":null,"level":"help","spans":[{"file_name":"/home/user/.cargo/registry/src/index.crates.io-1949cf8c6b5b557f/opentelemetry-0.23.0/src/trace/context.rs","byte_start":15320,"byte_end":15380,"line_start":445,"line_end":445,"column_start":5,"column_end":65,"is_primary":true,"text":[{"text":"    fn with_context(self, otel_cx: Context) -> WithContext<Self> {","highlight_start":5,"highlight_end":65}],"label":null,"suggested_replacement":null,"suggestion_applicability":null,"expansion":null}],"children":[],"rendered":null},{"message":"remove the arguments","code":null,"level":"help","spans":[{"file_name":"src/model.rs","byte_start":5670,"byte_end":5672,"line_start":169,"line_end":169,"column_start":40,"column_end":42,"is_primary":true,"text":[{"text":"            trace_id: link.span_context().trace_id().to_string(),","highlight_start":40,"highlight_end":42}],"label":null,"suggested_replacement":"","suggestion_applicability":"MaybeIncorrect","expansion":null}],"children":[],"rendered":null}],"rendered":"\u001b[0m\u001b[1m\u001b[38;5;9merror[E0599]\u001b[0m\u001b[0m\u001b[1m: no method named `span_context` found for reference `&Link` in the current scope\u001b[0m\n\u001b[0m   \u001b[0m\u001b[0m\u001b[1m\u001b[38;5;12m--> \u001b[0m\u001b[0msrc/model.rs:169:28\u001b[0m\n\u001b[0m    \u001b[0m\u001b[0m\u001b[1m\u001b[38;5;12m|\u001b[0m\n\u001b[0m\u001b[1m\u001b[38;5;12m169\u001b[0m\u001b[0m \u001b[0m\u001b[0m\u001b[1m\u001b[38;5;12m|\u001b[0m\u001b[0m \u001b[0m\u001b[0m            trace_id: link.span_context().trace_id().to_string(),\u001b[0m\n\u001b[0m    \u001b[0m\u001b[0m\u001b[1m\u001b[38;5;12m|\u001b[0m\u001b[0m                            \u001b[0m\u001b[0m\u001b[1m\u001b[38;5;9m^^^^^^^^^^^^\u001b[0m\u001b[0m\u001b[1m\u001b[38;5;12m--\u001b[0m\u001b[0m \u001b[0m\u001b[0m\u001b[1m\u001b[38;5;12mhelp: remove the arguments\u001b[0m\n\u001b[0m    \u001b[0m\u001b[0m\u001b[1m\u001b[38;5;12m|\u001b[0m\u001b[0m                            \u001b[0m\u001b[0m\u001b[1m\u001b[38;5;9m|\u001b[0m\n\u001b[0m    \u001b[0m\u001b[0m\u001b[1m\u001b[38;5;12m|\u001b[0m\u001b[0m                            \u001b[0m\u001b[0m\u001b[1m\u001b[38;5;9mfield, not a method\u001b[0m\n\u001b[0m    \u001b[0m\u001b[0m\u001b[1m\u001b[38;5;12m|\u001b[0m\n\u001b[0m\u001b[1m\u001b[38;5;14mhelp\u001b[0m\u001b[0m: there is a method `with_context` with a similar name, but with different arguments\u001b[0m\n\u001b[0m   \u001b[0m\u001b[0m\u001b[1m\u001b[38;5;12m--> \u001b[0m\u001b[0m/home/user/.cargo/registry/src/index.crates.io-1949cf8c6b5b557f/opentelemetry-0.23.0/src/trace/context.rs:445:5\u001b[0m\n\u001b[0m    \u001b[0m\u001b[0m\u001b[1m\u001b[38;5;12m|\u001b[0m\n\u001b[0m\u001b[1m\u001b[38;5;12m445\u001b[0m\u001b[0m \u001b[0m\u001b[0m\u001b[1m\u001b[38;5;12m|\u001b[0m\u001b[0m \u001b[0m\u001b[0m    fn with_context(self, otel_cx: Context) -> WithContext<Self> {\u001b[0m\n\u001b[0m    \u001b[0m\u001b[0m\u001b[1m\u001b[38;5;12m|\u001b[0m\u001b[0m     \u001b[0m\u001b[0m\u001b[1m\u001b[38;5;14m^^^^^^^^^^^^^^^^^^^^^^^^^^^^^^^^^^^^^^^^^^^^^^^^^^^^^^^^^^^^\u001b[0m\n\n"}
{"$message_type":"diagnostic","message":"no method named `span_context` found for reference `&Link` in the current scope","code":{"code":"E0599","explanation":"This error occurs when a method is used on a type which doesn't implement it:\n\nErroneous code example:\n\n```compile_fail,E0599\nstruct Mouth;\n\nlet x = Mouth;\nx.chocolate(); // error: no method named `chocolate` found for type `Mouth`\n               //        in the current scope\n```\n\nIn this case, you need to implement the `chocolate` method to fix the error:\n\n```\nstruct Mouth;\n\nimpl Mouth {\n    fn chocolate(&self) { // We implement the `chocolate` method here.\n        println!(\"Hmmm! I love chocolate!\");\n    }\n}\n\nlet x = Mouth;\nx.chocolate(); // ok!\n```\n"},"level":"error","spans":[{"file_name":"src/model.rs","byte_start":5723,"byte_end":5735,"line_start":170,"line_end":170,"column_start":27,"column_end":39,"is_primary":true,"text":[{"text":"            span_id: link.span_context().span_id().to_string(),","highlight_start":27,"highlight_end":39}],"label":"field, not a method","suggested_replacement":null,"suggestion_applicability":null,"expansion":null}],"children":[{"message":"there is a method `with_context` with a similar name, but with different arguments","code":null,"level":"help","spans":[{"file_name":"/home/user/.cargo/registry/src/index.crates.io-1949cf8c6b5b557f/opentelemetry-0.23.0/src/trace/context.rs","byte_start":15320,"byte_end":15380,"line_start":445,"line_end":445,"column_start":5,"column_end":65,"is_primary":true,"text":[{"text":"    fn with_context(self, otel_cx: Context) -> WithContext<Self> {","highlight_start":5,"highlight_end":65}],"label":null,"suggested_replacement":null,"suggestion_applicability":null,"expansion":null}],"children":[],"rendered":null},{"message":"remove the arguments","code":null,"level":"help","spans":[{"file_name":"src/model.rs","byte_start":5735,"byte_end":5737,"line_start":170,"line_end":170,"column_start":39,"column_end":41,"is_primary":true,"text":[{"text":"            span_id: link.span_context().span_id().to_string(),","highlight_start":39,"highlight_end":41}],"label":null,"suggested_replacement":"","suggestion_applicability":"MaybeIncorrect","expansion":null}],"children":[],"rendered":null}],"rendered":"\u001b[0m\u001b[1m\u001b[38;5;9merror[E0599]\u001b[0m\u001b[0m\u001b[1m: no method named `span_context` found for reference `&Link` in the current scope\u001b[0m\n\u001b[0m   \u001b[0m\u001b[0m\u001b[1m\u001b[38;5;12m--> \u001b[0m\u001b[0msrc/model.rs:170:27\u001b[0m\n\u001b[0m    \u001b[0m\u001b[0m\u001b[1m\u001b[38;5;12m|\u001b[0m\n\u001b[0m\u001b[1m\u001b[38;5;12m170\u001b[0m\u001b[0m \u001b[0m\u001b[0m\u001b[1m\u001b[38;5;12m|\u001b[0m\u001b[0m \u001b[0m\u001b[0m            span_id: link.span_context().span_id().to_string(),\u001b[0m\n\u001b[0m    \u001b[0m\u001b[0m\u001b[1m\u001b[38;5;12m|\u001b[0m\u001b[0m                           \u001b[0m\u001b[0m\u001b[1m\u001b[38;5;9m^^^^^^^^^^^^\u001b[0m\u001b[0m\u001b[1m\u001b[38;5;12m--\u001b[0m\u001b[0m \u001b[0m\u001b[0m\u001b[1m\u001b[38;5;12mhelp: remove the arguments\u001b[0m\n\u001b[0m    \u001b[0m\u001b[0m\u001b[1m\u001b[38;5;12m|\u001b[0m\u001b[0m                           \u001b[0m\u001b[0m\u001b[1m\u001b[38;5;9m|\u001b[0m\n\u001b[0m    \u001b[0m\u001b[0m\u001b[1m\u001b[38;5;12m|\u001b[0m\u001b[0m                           \u001b[0m\u001b[0m\u001b[1m\u001b[38;5;9mfield, not a method\u001b[0m\n\u001b[0m    \u001b[0m\u001b[0m\u001b[1m\u001b[38;5;12m|\u001b[0m\n\u001b[0m\u001b[1m\u001b[38;5;14mhelp\u001b[0m\u001b[0m: there is a method `with_context` with a similar name, but with different arguments\u001b[0m\n\u001b[0m   \u001b[0m\u001b[0m\u001b[1m\u001b[38;5;12m--> \u001b[0m\u001b[0m/home/user/.cargo/registry/src/index.crates.io-1949cf8c6b5b557f/opentelemetry-0.23.0/src/trace/context.rs:445:5\u001b[0m\n\u001b[0m    \u001b[0m\u001b[0m\u001b[1m\u001b[38;5;12m|\u001b[0m\n\u001b[0m\u001b[1m\u001b[38;5;12m445\u001b[0m\u001b[0m \u001b[0m\u001b[0m\u001b[1m\u001b[38;5;12m|\u001b[0m\u001b[0m \u001b[0m\u001b[0m    fn with_context(self, otel_cx: Context) -> WithContext<Self> {\u001b[0m\n\u001b[0m    \u001b[0m\u001b[0m\u001b[1m\u001b[38;5;12m|\u001b[0m\u001b[0m     \u001b[0m\u001b[0m\u001b[1m\u001b[38;5;14m^^^^^^^^^^^^^^^^^^^^^^^^^^^^^^^^^^^^^^^^^^^^^^^^^^^^^^^^^^^^\u001b[0m\n\n"}
{"$message_type":"diagnostic","message":"no method named `span_context` found for reference `&Link` in the current scope","code":{"code":"E0599","explanation":"This error occurs when a method is used on a type which doesn't implement it:\n\nErroneous code example:\n\n```compile_fail,E0599\nstruct Mouth;\n\nlet x = Mouth;\nx.chocolate(); // error: no method named `chocolate` found for type `Mouth`\n               //        in the current scope\n```\n\nIn this case, you need to implement the `chocolate` method to fix the error:\n\n```\nstruct Mouth;\n\nimpl Mouth {\n    fn chocolate(&self) { // We implement the `chocolate` method here.\n        println!(\"Hmmm! I love chocolate!\");\n    }\n}\n\nlet x = Mouth;\nx.chocolate(); // ok!\n```\n"},"level":"error","spans":[{"file_name":"src/model.rs","byte_start":5791,"byte_end":5803,"line_start":171,"line_end":171,"column_start":31,"column_end":43,"is_primary":true,"text":[{"text":"            trace_state: link.span_context().trace_state().header(),","highlight_start":31,"highlight_end":43}],"label":"field, not a method","suggested_replacement":null,"suggestion_applicability":null,"expansion":null}],"children":[{"message":"there is a method `with_context` with a similar name, but with different arguments","code":null,"level":"help","spans":[{"file_name":"/home/user/.cargo/registry/src/index.crates.io-1949cf8c6b5b557f/opentelemetry-0.23.0/src/trace/context.rs","byte_start":15320,"byte_end":15380,"line_start":445,"line_end":445,"column_start":5,"column_end":65,"is_primary":true,"text":[{"text":"    fn with_context(self, otel_cx: Context) -> WithContext<Self> {","highlight_start":5,"highlight_end":65}],"label":null,"suggested_replacement":null,"suggestion_applicability":null,"expansion":null}],"children":[],"rendered":null},{"message":"remove the arguments","code":null,"level":"help","spans":[{"file_name":"src/model.rs","byte_start":5803,"byte_end":5805,"line_start":171,"line_end":171,"column_start":43,"column_end":45,"is_primary":true,"text":[{"text":"            trace_state: link.span_context().trace_state().header(),","highlight_start":43,"highlight_end":45}],"label":null,"suggested_replacement":"","suggestion_applicability":"MaybeIncorrect","expansion":null}],"children":[],"rendered":null}],"rendered":"\u001b[0m\u001b[1m\u001b[38;5;9merror[E0599]\u001b[0m\u001b[0m\u001b[1m: no method named `span_context` found for reference `&Link` in the current scope\u001b[0m\n\u001b[0m   \u001b[0m\u001b[0m\u001b[1m\u001b[38;5;12m--> \u001b[0m\u001b[0msrc/model.rs:171:31\u001b[0m\n\u001b[0m    \u001b[0m\u001b[0m\u001b[1m\u001b[38;5;12m|\u001b[0m\n\u001b[0m\u001b[1m\u001b[38;5;12m171\u001b[0m\u001b[0m \u001b[0m\u001b[0m\u001b[1m\u001b[38;5;12m|\u001b[0m\u001b[0m \u001b[0m\u001b[0m            trace_state: link.span_context().trace_state().header(),\u001b[0m\n\u001b[0m    \u001b[0m\u001b[0m\u001b[1m\u001b[38;5;12m|\u001b[0m\u001b[0m                               \u001b[0m\u001b[0m\u001b[1m\u001b[38;5;9m^^^^^^^^^^^^\u001b[0m\u001b[0m\u001b[1m\u001b[38;5;12m--\u001b[0m\u001b[0m \u001b[0m\u001b[0m\u001b[1m\u001b[38;5;12mhelp: remove the arguments\u001b[0m\n\u001b[0m    \u001b[0m\u001b[0m\u001b[1m\u001b[38;5;12m|\u001b[0m\u001b[0m                               \u001b[0m\u001b[0m\u001b[1m\u001b[38;5;9m|\u001b[0m\n\u001b[0m    \u001b[0m\u001b[0m\u001b[1m\u001b[38;5;12m|\u001b[0m\u001b[0m                               \u001b[0m\u001b[0m\u001b[1m\u001b[38;5;9mfield, not a method\u001b[0m\n\u001b[0m    \u001b[0m\u001b[0m\u001b[1m\u001b[38;5;12m|\u001b[0m\n\u001b[0m\u001b[1m\u001b[38;5;14mhelp\u001b[0m\u001b[0m: there is a method `with_context` with a similar name, but with different arguments\u001b[0m\n\u001b[0m   \u001b[0m\u001b[0m\u001b[1m\u001b[38;5;12m--> \u001b[0m\u001b[0m/home/user/.cargo/registry/src/index.crates.io-1949cf8c6b5b557f/opentelemetry-0.23.0/src/trace/context.rs:445:5\u001b[0m\n\u001b[0m    \u001b[0m\u001b[0m\u001b[1m\u001b[38;5;12m|\u001b[0m\n\u001b[0m\u001b[1m\u001b[38;5;12m445\u001b[0m\u001b[0m \u001b[0m\u001b[0m\u001b[1m\u001b[38;5;12m|\u001b[0m\u001b[0m \u001b[0m\u001b[0m    fn with_context(self, otel_cx: Context) -> WithContext<Self> {\u001b[0m\n\u001b[0m    \u001b[0m\u001b[0m\u001b[1m\u001b[38;5;12m|\u001b[0m\u001b[0m     \u001b[0m\u001b[0m\u001b[1m\u001b[38;5;14m^^^^^^^^^^^^^^^^^^^^^^^^^^^^^^^^^^^^^^^^^^^^^^^^^^^^^^^^^^^^\u001b[0m\n\n"}
{"$message_type":"diagnostic","message":"no method named `attributes` found for reference `&Link` in the current scope","code":{"code":"E0599","explanation":"This error occurs when a method is used on a type which doesn't implement it:\n\nErroneous code example:\n\n```compile_fail,E0599\nstruct Mouth;\n\nlet x = Mouth;\nx.chocolate(); // error: no method named `chocolate` found for type `Mouth`\n               //        in the current scope\n```\n\nIn this case, you need to implement the `chocolate` method to fix the error:\n\n```\nstruct Mouth;\n\nimpl Mouth {\n    fn chocolate(&self) { // We implement the `chocolate` method here.\n        println!(\"Hmmm! I love chocolate!\");\n    }\n}\n\nlet x = Mouth;\nx.chocolate(); // ok!\n```\n"},"level":"error","spans":[{"file_name":"src/model.rs","byte_start":5878,"byte_end":5888,"line_start":172,"line_end":172,"column_start":49,"column_end":59,"is_primary":true,"text":[{"text":"            attributes: attributes_to_map(&link.attributes()),","highlight_start":49,"highlight_end":59}],"label":"field, not a method","suggested_replacement":null,"suggestion_applicability":null,"expansion":null}],"children":[{"message":"remove the arguments","code":null,"level":"help","spans":[{"file_name":"src/model.rs","byte_start":5888,"byte_end":5890,"line_start":172,"line_end":172,"column_start":59,"column_end":61,"is_primary":true,"text":[{"text":"            attributes: attributes_to_map(&link.attributes()),","highlight_start":59,"highlight_end":61}],"label":null,"suggested_replacement":"","suggestion_applicability":"MaybeIncorrect","expansion":null}],"children":[],"rendered":null}],"rendered":"\u001b[0m\u001b[1m\u001b[38;5;9merror[E0599]\u001b[0m\u001b[0m\u001b[1m: no method named `attributes` found for reference `&Link` in the current scope\u001b[0m\n\u001b[0m   \u001b[0m\u001b[0m\u001b[1m\u001b[38;5;12m--> \u001b[0m\u001b[0msrc/model.rs:172:49\u001b[0m\n\u001b[0m    \u001b[0m\u001b[0m\u001b[1m\u001b[38;5;12m|\u001b[0m\n\u001b[0m\u001b[1m\u001b[38;5;12m172\u001b[0m\u001b[0m \u001b[0m\u001b[0m\u001b[1m\u001b[38;5;12m|\u001b[0m\u001b[0m \u001b[0m\u001b[0m            attributes: attributes_to_map(&link.attributes()),\u001b[0m\n\u001b[0m    \u001b[0m\u001b[0m\u001b[1m\u001b[38;5;12m|\u001b[0m\u001b[0m                                                 \u001b[0m\u001b[0m\u001b[1m\u001b[38;5;9m^^^^^^^^^^\u001b[0m\u001b[0m\u001b[1m\u001b[38;5;12m--\u001b[0m\u001b[0m \u001b[0m\u001b[0m\u001b[1m\u001b[38;5;12mhelp: remove the arguments\u001b[0m\n\u001b[0m    \u001b[0m\u001b[0m\u001b[1m\u001b[38;5;12m|\u001b[0m\u001b[0m                                                 \u001b[0m\u001b[0m\u001b[1m\u001b[38;5;9m|\u001b[0m\n\u001b[0m    \u001b[0m\u001b[0m\u001b[1m\u001b[38;5;12m|\u001b[0m\u001b[0m                                                 \u001b[0m\u001b[0m\u001b[1m\u001b[38;5;9mfield, not a method\u001b[0m\n\n"}
{"$message_type":"diagnostic","message":"`SpanId` is not an iterator","code":{"code":"E0599","explanation":"This error occurs when a method is used on a type which doesn't implement it:\n\nErroneous code example:\n\n```compile_fail,E0599\nstruct Mouth;\n\nlet x = Mouth;\nx.chocolate(); // error: no method named `chocolate` found for type `Mouth`\n               //        in the current scope\n```\n\nIn this case, you need to implement the `chocolate` method to fix the error:\n\n```\nstruct Mouth;\n\nimpl Mouth {\n    fn chocolate(&self) { // We implement the `chocolate` method here.\n        println!(\"Hmmm! I love chocolate!\");\n    }\n}\n\nlet x = Mouth;\nx.chocolate(); // ok!\n```\n"},"level":"error","spans":[{"file_name":"src/model.rs","byte_start":6417,"byte_end":6468,"line_start":188,"line_end":190,"column_start":25,"column_end":14,"is_primary":false,"text":[{"text":"        parent_span_id: span_data","highlight_start":25,"highlight_end":34},{"text":"            .parent_span_id","highlight_start":1,"highlight_end":28},{"text":"            .map(|id| id.to_string())","highlight_start":1,"highlight_end":14}],"label":"","suggested_replacement":null,"suggestion_applicability":null,"expansion":null},{"file_name":"src/model.rs","byte_start":6468,"byte_end":6471,"line_start":190,"line_end":190,"column_start":14,"column_end":17,"is_primary":true,"text":[{"text":"            .map(|id| id.to_string())","highlight_start":14,"highlight_end":17}],"label":"`SpanId` is not an iterator","suggested_replacement":null,"suggestion_applicability":null,"expansion":null},{"file_name":"/home/user/.cargo/registry/src/index.crates.io-1949cf8c6b5b557f/opentelemetry-0.23.0/src/trace/span_context.rs","byte_start":4372,"byte_end":4389,"line_start":159,"line_end":159,"column_start":1,"column_end":18,"is_primary":false,"text":[{"text":"pub struct SpanId(u64);","highlight_start":1,"highlight_end":18}],"label":"doesn't satisfy `SpanId: Iterator`","suggested_replacement":null,"suggestion_applicability":null,"expansion":null}],"children":[{"message":"the following trait bounds were not satisfied:\n`SpanId: Iterator`\nwhich is required by `&mut SpanId: Iterator`","code":null,"level":"note","spans":[],"children":[],"rendered":null}],"rendered":"\u001b[0m\u001b[1m\u001b[38;5;9merror[E0599]\u001b[0m\u001b[0m\u001b[1m: `SpanId` is not an iterator\u001b[0m\n\u001b[0m   \u001b[0m\u001b[0m\u001b[1m\u001b[38;5;12m--> \u001b[0m\u001b[0msrc/model.rs:190:14\u001b[0m\n\u001b[0m    \u001b[0m\u001b[0m\u001b[1m\u001b[38;5;12m|\u001b[0m\n\u001b[0m\u001b[1m\u001b[38;5;12m188\u001b[0m\u001b[0m \u001b[0m\u001b[0m\u001b[1m\u001b[38;5;12m|\u001b[0m\u001b[0m   \u001b[0m\u001b[0m        parent_span_id: span_data\u001b[0m\n\u001b[0m    \u001b[0m\u001b[0m\u001b[1m\u001b[38;5;12m|\u001b[0m\u001b[0m \u001b[0m\u001b[0m\u001b[1m\u001b[38;5;12m _________________________-\u001b[0m\n\u001b[0m\u001b[1m\u001b[38;5;12m189\u001b[0m\u001b[0m \u001b[0m\u001b[0m\u001b[1m\u001b[38;5;12m|\u001b[0m\u001b[0m \u001b[0m\u001b[0m\u001b[1m\u001b[38;5;12m|\u001b[0m\u001b[0m \u001b[0m\u001b[0m            .parent_span_id\u001b[0m\n\u001b[0m\u001b[1m\u001b[38;5;12m190\u001b[0m\u001b[0m \u001b[0m\u001b[0m\u001b[1m\u001b[38;5;12m|\u001b[0m\u001b[0m \u001b[0m\u001b[0m\u001b[1m\u001b[38;5;12m|\u001b[0m\u001b[0m \u001b[0m\u001b[0m            .map(|id| id.to_string())\u001b[0m\n\u001b[0m    \u001b[0m\u001b[0m\u001b[1m\u001b[38;5;12m|\u001b[0m\u001b[0m \u001b[0m\u001b[0m\u001b[1m\u001b[38;5;12m|\u001b[0m\u001b[0m             \u001b[0m\u001b[0m\u001b[1m\u001b[38;5;12m-\u001b[0m\u001b[0m\u001b[1m\u001b[38;5;9m^^^\u001b[0m\u001b[0m \u001b[0m\u001b[0m\u001b[1m\u001b[38;5;9m`SpanId` is not an iterator\u001b[0m\n\u001b[0m    \u001b[0m\u001b[0m\u001b[1m\u001b[38;5;12m|\u001b[0m\u001b[0m \u001b[0m\u001b[0m\u001b[1m\u001b[38;5;12m|_____________|\u001b[0m\n\u001b[0m    \u001b[0m\u001b[0m\u001b[1m\u001b[38;5;12m|\u001b[0m\n\u001b[0m    \u001b[0m\u001b[0m\u001b[1m\u001b[38;5;12m|\u001b[0m\n\u001b[0m   \u001b[0m\u001b[0m\u001b[1m\u001b[38;5;12m::: \u001b[0m\u001b[0m/home/user/.cargo/registry/src/index.crates.io-1949cf8c6b5b557f/opentelemetry-0.23.0/src/trace/span_context.rs:159:1\u001b[0m\n\u001b[0m    \u001b[0m\u001b[0m\u001b[1m\u001b[38;5;12m|\u001b[0m\n\u001b[0m\u001b[1m\u001b[38;5;12m159\u001b[0m\u001b[0m \u001b[0m\u001b[0m\u001b[1m\u001b[38;5;12m|\u001b[0m\u001b[0m   \u001b[0m\u001b[0mpub struct SpanId(u64);\u001b[0m\n\u001b[0m    \u001b[0m\u001b[0m\u001b[1m\u001b[38;5;12m|\u001b[0m\u001b[0m   \u001b[0m\u001b[0m\u001b[1m\u001b[38;5;12m-----------------\u001b[0m\u001b[0m \u001b[0m\u001b[0m\u001b[1m\u001b[38;5;12mdoesn't satisfy `SpanId: Iterator`\u001b[0m\n\u001b[0m    \u001b[0m\u001b[0m\u001b[1m\u001b[38;5;12m|\u001b[0m\n\u001b[0m    \u001b[0m\u001b[0m\u001b[1m\u001b[38;5;12m= \u001b[0m\u001b[0m\u001b[1mnote\u001b[0m\u001b[0m: the following trait bounds were not satisfied:\u001b[0m\n\u001b[0m            `SpanId: Iterator`\u001b[0m\n\u001b[0m            which is required by `&mut SpanId: Iterator`\u001b[0m\n\n"}
{"$message_type":"diagnostic","message":"no field `kind` on type `&SpanData`","code":{"code":"E0609","explanation":"Attempted to access a nonexistent field in a struct.\n\nErroneous code example:\n\n```compile_fail,E0609\nstruct StructWithFields {\n    x: u32,\n}\n\nlet s = StructWithFields { x: 0 };\nprintln!(\"{}\", s.foo); // error: no field `foo` on type `StructWithFields`\n```\n\nTo fix this error, check that you didn't misspell the field's name or that the\nfield actually exists. Example:\n\n```\nstruct StructWithFields {\n    x: u32,\n}\n\nlet s = StructWithFields { x: 0 };\nprintln!(\"{}\", s.x); // ok!\n```\n"},"level":"error","spans":[{"file_name":"src/model.rs","byte_start":6691,"byte_end":6695,"line_start":194,"line_end":194,"column_start":50,"column_end":54,"is_primary":true,"text":[{"text":"        span_kind: span_kind_to_string(span_data.kind),","highlight_start":50,"highlight_end":54}],"label":"unknown field","suggested_replacement":null,"suggestion_applicability":null,"expansion":null}],"children":[{"message":"available fields are: `span_context`, `parent_span_id`, `span_kind`, `name`, `start_time` ... and 8 others","code":null,"level":"note","spans":[],"children":[],"rendered":null}],"rendered":"\u001b[0m\u001b[1m\u001b[38;5;9merror[E0609]\u001b[0m\u001b[0m\u001b[1m: no field `kind` on type `&SpanData`\u001b[0m\n\u001b[0m   \u001b[0m\u001b[0m\u001b[1m\u001b[38;5;12m--> \u001b[0m\u001b[0msrc/model.rs:194:50\u001b[0m\n\u001b[0m    \u001b[0m\u001b[0m\u001b[1m\u001b[38;5;12m|\u001b[0m\n\u001b[0m\u001b[1m\u001b[38;5;12m194\u001b[0m\u001b[0m \u001b[0m\u001b[0m\u001b[1m\u001b[38;5;12m|\u001b[0m\u001b[0m \u001b[0m\u001b[0m        span_kind: span_kind_to_string(span_data.kind),\u001b[0m\n\u001b[0m    \u001b[0m\u001b[0m\u001b[1m\u001b[38;5;12m|\u001b[0m\u001b[0m                                                  \u001b[0m\u001b[0m\u001b[1m\u001b[38;5;9m^^^^\u001b[0m\u001b[0m \u001b[0m\u001b[0m\u001b[1m\u001b[38;5;9munknown field\u001b[0m\n\u001b[0m    \u001b[0m\u001b[0m\u001b[1m\u001b[38;5;12m|\u001b[0m\n\u001b[0m    \u001b[0m\u001b[0m\u001b[1m\u001b[38;5;12m= \u001b[0m\u001b[0m\u001b[1mnote\u001b[0m\u001b[0m: available fields are: `span_context`, `parent_span_id`, `span_kind`, `name`, `start_time` ... and 8 others\u001b[0m\n\n"}
{"$message_type":"diagnostic","message":"no field `instrumentation_library` on type `&SpanData`","code":{"code":"E0609","explanation":"Attempted to access a nonexistent field in a struct.\n\nErroneous code example:\n\n```compile_fail,E0609\nstruct StructWithFields {\n    x: u32,\n}\n\nlet s = StructWithFields { x: 0 };\nprintln!(\"{}\", s.foo); // error: no field `foo` on type `StructWithFields`\n```\n\nTo fix this error, check that you didn't misspell the field's name or that the\nfield actually exists. Example:\n\n```\nstruct StructWithFields {\n    x: u32,\n}\n\nlet s = StructWithFields { x: 0 };\nprintln!(\"{}\", s.x); // ok!\n```\n"},"level":"error","spans":[{"file_name":"src/model.rs","byte_start":6943,"byte_end":6966,"line_start":200,"line_end":200,"column_start":31,"column_end":54,"is_primary":true,"text":[{"text":"        scope_name: span_data.instrumentation_library.name.to_string(),","highlight_start":31,"highlight_end":54}],"label":"unknown field","suggested_replacement":null,"suggestion_applicability":null,"expansion":null}],"children":[{"message":"a field with a similar name exists","code":null,"level":"help","spans":[{"file_name":"src/model.rs","byte_start":6943,"byte_end":6966,"line_start":200,"line_end":200,"column_start":31,"column_end":54,"is_primary":true,"text":[{"text":"        scope_name: span_data.instrumentation_library.name.to_string(),","highlight_start":31,"highlight_end":54}],"label":null,"suggested_replacement":"instrumentation_lib","suggestion_applicability":"MaybeIncorrect","expansion":null}],"children":[],"rendered":null}],"rendered":"\u001b[0m\u001b[1m\u001b[38;5;9merror[E0609]\u001b[0m\u001b[0m\u001b[1m: no field `instrumentation_library` on type `&SpanData`\u001b[0m\n\u001b[0m   \u001b[0m\u001b[0m\u001b[1m\u001b[38;5;12m--> \u001b[0m\u001b[0msrc/model.rs:200:31\u001b[0m\n\u001b[0m    \u001b[0m\u001b[0m\u001b[1m\u001b[38;5;12m|\u001b[0m\n\u001b[0m\u001b[1m\u001b[38;5;12m200\u001b[0m\u001b[0m \u001b[0m\u001b[0m\u001b[1m\u001b[38;5;12m|\u001b[0m\u001b[0m \u001b[0m\u001b[0m        scope_name: span_data.instrumentation_library.name.to_string(),\u001b[0m\n\u001b[0m    \u001b[0m\u001b[0m\u001b[1m\u001b[38;5;12m|\u001b[0m\u001b[0m                               \u001b[0m\u001b[0m\u001b[1m\u001b[38;5;9m^^^^^^^^^^^^^^^^^^^^^^^\u001b[0m\u001b[0m \u001b[0m\u001b[0m\u001b[1m\u001b[38;5;9munknown field\u001b[0m\n\u001b[0m    \u001b[0m\u001b[0m\u001b[1m\u001b[38;5;12m|\u001b[0m\n\u001b[0m\u001b[1m\u001b[38;5;14mhelp\u001b[0m\u001b[0m: a field with a similar name exists\u001b[0m\n\u001b[0m    \u001b[0m\u001b[0m\u001b[1m\u001b[38;5;12m|\u001b[0m\n\u001b[0m\u001b[1m\u001b[38;5;12m200\u001b[0m\u001b[0m \u001b[0m\u001b[0m\u001b[38;5;9m- \u001b[0m\u001b[0m        scope_name: span_data.\u001b[0m\u001b[0m\u001b[38;5;9minstrumentation_library\u001b[0m\u001b[0m.name.to_string(),\u001b[0m\n\u001b[0m\u001b[1m\u001b[38;5;12m200\u001b[0m\u001b[0m \u001b[0m\u001b[0m\u001b[38;5;10m+ \u001b[0m\u001b[0m        scope_name: span_data.\u001b[0m\u001b[0m\u001b[38;5;10minstrumentation_lib\u001b[0m\u001b[0m.name.to_string(),\u001b[0m\n\u001b[0m    \u001b[0m\u001b[0m\u001b[1m\u001b[38;5;12m|\u001b[0m\n\n"}
{"$message_type":"diagnostic","message":"no field `instrumentation_library` on type `&SpanData`","code":{"code":"E0609","explanation":"Attempted to access a nonexistent field in a struct.\n\nErroneous code example:\n\n```compile_fail,E0609\nstruct StructWithFields {\n    x: u32,\n}\n\nlet s = StructWithFields { x: 0 };\nprintln!(\"{}\", s.foo); // error: no field `foo` on type `StructWithFields`\n```\n\nTo fix this error, check that you didn't misspell the field's name or that the\nfield actually exists. Example:\n\n```\nstruct StructWithFields {\n    x: u32,\n}\n\nlet s = StructWithFields { x: 0 };\nprintln!(\"{}\", s.x); // ok!\n```\n"},"level":"error","spans":[{"file_name":"src/model.rs","byte_start":7031,"byte_end":7054,"line_start":202,"line_end":202,"column_start":14,"column_end":37,"is_primary":true,"text":[{"text":"            .instrumentation_library","highlight_start":14,"highlight_end":37}],"label":"unknown field","suggested_replacement":null,"suggestion_applicability":null,"expansion":null}],"children":[{"message":"a field with a similar name exists","code":null,"level":"help","spans":[{"file_name":"src/model.rs","byte_start":7031,"byte_end":7054,"line_start":202,"line_end":202,"column_start":14,"column_end":37,"is_primary":true,"text":[{"text":"            .instrumentation_library","highlight_start":14,"highlight_end":37}],"label":null,"suggested_replacement":"instrumentation_lib","suggestion_applicability":"MaybeIncorrect","expansion":null}],"children":[],"rendered":null}],"rendered":"\u001b[0m\u001b[1m\u001b[38;5;9merror[E0609]\u001b[0m\u001b[0m\u001b[1m: no field `instrumentation_library` on type `&SpanData`\u001b[0m\n\u001b[0m   \u001b[0m\u001b[0m\u001b[1m\u001b[38;5;12m--> \u001b[0m\u001b[0msrc/model.rs:202:14\u001b[0m\n\u001b[0m    \u001b[0m\u001b[0m\u001b[1m\u001b[38;5;12m|\u001b[0m\n\u001b[0m\u001b[1m\u001b[38;5;12m202\u001b[0m\u001b[0m \u001b[0m\u001b[0m\u001b[1m\u001b[38;5;12m|\u001b[0m\u001b[0m \u001b[0m\u001b[0m            .instrumentation_library\u001b[0m\n\u001b[0m    \u001b[0m\u001b[0m\u001b[1m\u001b[38;5;12m|\u001b[0m\u001b[0m              \u001b[0m\u001b[0m\u001b[1m\u001b[38;5;9m^^^^^^^^^^^^^^^^^^^^^^^\u001b[0m\u001b[0m \u001b[0m\u001b[0m\u001b[1m\u001b[38;5;9munknown field\u001b[0m\n\u001b[0m    \u001b[0m\u001b[0m\u001b[1m\u001b[38;5;12m|\u001b[0m\n\u001b[0m\u001b[1m\u001b[38;5;14mhelp\u001b[0m\u001b[0m: a field with a similar name exists\u001b[0m\n\u001b[0m    \u001b[0m\u001b[0m\u001b[1m\u001b[38;5;12m|\u001b[0m\n\u001b[0m\u001b[1m\u001b[38;5;12m202\u001b[0m\u001b[0m \u001b[0m\u001b[0m\u001b[38;5;9m- \u001b[0m\u001b[0m            .\u001b[0m\u001b[0m\u001b[38;5;9minstrumentation_library\u001b[0m\n\u001b[0m\u001b[1m\u001b[38;5;12m202\u001b[0m\u001b[0m \u001b[0m\u001b[0m\u001b[38;5;10m+ \u001b[0m\u001b[0m            .\u001b[0m\u001b[0m\u001b[38;5;10minstrumentation_lib\u001b[0m\n\u001b[0m    \u001b[0m\u001b[0m\u001b[1m\u001b[38;5;12m|\u001b[0m\n\n"}
{"$message_type":"diagnostic","message":"mismatched types","code":{"code":"E0308","explanation":"Expected type did not match the received type.\n\nErroneous code examples:\n\n```compile_fail,E0308\nfn plus_one(x: i32) -> i32 {\n    x + 1\n}\n\nplus_one(\"Not a number\");\n//       ^^^^^^^^^^^^^^ expected `i32`, found `&str`\n\nif \"Not a bool\" {\n// ^^^^^^^^^^^^ expected `bool`, found `&str`\n}\n\nlet x: f32 = \"Not a float\";\n//     ---   ^^^^^^^^^^^^^ expected `f32`, found `&str`\n//     |\n//     expected due to this\n```\n\nThis error occurs when an expression was used in a place where the compiler\nexpected an expression of a different type. It can occur in several cases, the\nmost common being when calling a function and passing an argument which has a\ndifferent type than the matching type in the function declaration.\n"},"level":"error","spans":[{"file_name":"src/model.rs","byte_start":7211,"byte_end":7232,"line_start":207,"line_end":207,"column_start":44,"column_end":65,"is_primary":true,"text":[{"text":"        span_attributes: attributes_to_map(&span_data.attributes),","highlight_start":44,"highlight_end":65}],"label":"expected `&[(Key, Value)]`, found `&Vec<KeyValue>`","suggested_replacement":null,"suggestion_applicability":null,"expansion":null},{"file_name":"src/model.rs","byte_start":7193,"byte_end":7210,"line_start":207,"line_end":207,"column_start":26,"column_end":43,"is_primary":false,"text":[{"text":"        span_attributes: attributes_to_map(&span_data.attributes),","highlight_start":26,"highlight_end":43}],"label":"arguments to this function are incorrect","suggested_replacement":null,"suggestion_applicability":null,"expansion":null}],"children":[{"message":"expected reference `&[(Key, opentelemetry::Value)]`\n   found reference `&Vec<KeyValue>`","code":null,"level":"note","spans":[],"children":[],"rendered":null},{"message":"function defined here","code":null,"level":"note","spans":[{"file_name":"src/model.rs","byte_start":1626,"byte_end":1648,"line_start":45,"line_end":45,"column_start":22,"column_end":44,"is_primary":false,"text":[{"text":"fn attributes_to_map(attrs: &[(Key, Value)]) -> HashMap<String, String> {","highlight_start":22,"highlight_end":44}],"label":"","suggested_replacement":null,"suggestion_applicability":null,"expansion":null},{"file_name":"src/model.rs","byte_start":1608,"byte_end":1625,"line_start":45,"line_end":45,"column_start":4,"column_end":21,"is_primary":true,"text":[{"text":"fn attributes_to_map(attrs: &[(Key, Value)]) -> HashMap<String, String> {","highlight_start":4,"highlight_end":21}],"label":null,"suggested_replacement":null,"suggestion_applicability":null,"expansion":null}],"children":[],"rendered":null}],"rendered":"\u001b[0m\u001b[1m\u001b[38;5;9merror[E0308]\u001b[0m\u001b[0m\u001b[1m: mismatched types\u001b[0m\n\u001b[0m   \u001b[0m\u001b[0m\u001b[1m\u001b[38;5;12m--> \u001b[0m\u001b[0msrc/model.rs:207:44\u001b[0m\n\u001b[0m    \u001b[0m\u001b[0m\u001b[1m\u001b[38;5;12m|\u001b[0m\n\u001b[0m\u001b[1m\u001b[38;5;12m207\u001b[0m\u001b[0m \u001b[0m\u001b[0m\u001b[1m\u001b[38;5;12m|\u001b[0m\u001b[0m \u001b[0m\u001b[0m        span_attributes: attributes_to_map(&span_data.attributes),\u001b[0m\n\u001b[0m    \u001b[0m\u001b[0m\u001b[1m\u001b[38;5;12m|\u001b[0m\u001b[0m                          \u001b[0m\u001b[0m\u001b[1m\u001b[38;5;12m-----------------\u001b[0m\u001b[0m \u001b[0m\u001b[0m\u001b[1m\u001b[38;5;9m^^^^^^^^^^^^^^^^^^^^^\u001b[0m\u001b[0m \u001b[0m\u001b[0m\u001b[1m\u001b[38;5;9mexpected `&[(Key, Value)]`, found `&Vec<KeyValue>`\u001b[0m\n\u001b[0m    \u001b[0m\u001b[0m\u001b[1m\u001b[38;5;12m|\u001b[0m\u001b[0m                          \u001b[0m\u001b[0m\u001b[1m\u001b[38;5;12m|\u001b[0m\n\u001b[0m    \u001b[0m\u001b[0m\u001b[1m\u001b[38;5;12m|\u001b[0m\u001b[0m                          \u001b[0m\u001b[0m\u001b[1m\u001b[38;5;12marguments to this function are incorrect\u001b[0m\n\u001b[0m    \u001b[0m\u001b[0m\u001b[1m\u001b[38;5;12m|\u001b[0m\n\u001b[0m    \u001b[0m\u001b[0m\u001b[1m\u001b[38;5;12m= \u001b[0m\u001b[0m\u001b[1mnote\u001b[0m\u001b[0m: expected reference `&\u001b[0m\u001b[0m\u001b[1m\u001b[35m[(Key, opentelemetry::Value)]\u001b[0m\u001b[0m`\u001b[0m\n\u001b[0m               found reference `&\u001b[0m\u001b[0m\u001b[1m\u001b[35mVec<KeyValue>\u001b[0m\u001b[0m`\u001b[0m\n\u001b[0m\u001b[1m\u001b[38;5;10mnote\u001b[0m\u001b[0m: function defined here\u001b[0m\n\u001b[0m   \u001b[0m\u001b[0m\u001b[1m\u001b[38;5;12m--> \u001b[0m\u001b[0msrc/model.rs:45:4\u001b[0m\n\u001b[0m    \u001b[0m\u001b[0m\u001b[1m\u001b[38;5;12m|\u001b[0m\n\u001b[0m\u001b[1m\u001b[38;5;12m45\u001b[0m\u001b[0m  \u001b[0m\u001b[0m\u001b[1m\u001b[38;5;12m|\u001b[0m\u001b[0m \u001b[0m\u001b[0mfn attributes_to_map(attrs: &[(Key, Value)]) -> HashMap<String, String> {\u001b[0m\n\u001b[0m    \u001b[0m\u001b[0m\u001b[1m\u001b[38;5;12m|\u001b[0m\u001b[0m    \u001b[0m\u001b[0m\u001b[1m\u001b[38;5;10m^^^^^^^^^^^^^^^^^\u001b[0m\u001b[0m \u001b[0m\u001b[0m\u001b[1m\u001b[38;5;12m----------------------\u001b[0m\n\n"}
{"$message_type":"diagnostic","message":"no method named `code` found for enum `Status` in the current scope","code":{"code":"E0599","explanation":"This error occurs when a method is used on a type which doesn't implement it:\n\nErroneous code example:\n\n```compile_fail,E0599\nstruct Mouth;\n\nlet x = Mouth;\nx.chocolate(); // error: no method named `chocolate` found for type `Mouth`\n               //        in the current scope\n```\n\nIn this case, you need to implement the `chocolate` method to fix the error:\n\n```\nstruct Mouth;\n\nimpl Mouth {\n    fn chocolate(&self) { // We implement the `chocolate` method here.\n        println!(\"Hmmm! I love chocolate!\");\n    }\n}\n\nlet x = Mouth;\nx.chocolate(); // ok!\n```\n"},"level":"error","spans":[{"file_name":"src/model.rs","byte_start":7329,"byte_end":7333,"line_start":209,"line_end":209,"column_start":61,"column_end":65,"is_primary":true,"text":[{"text":"        status_code: status_code_to_string(span_data.status.code()),","highlight_start":61,"highlight_end":65}],"label":"method not found in `Status`","suggested_replacement":null,"suggestion_applicability":null,"expansion":null}],"children":[],"rendered":"\u001b[0m\u001b[1m\u001b[38;5;9merror[E0599]\u001b[0m\u001b[0m\u001b[1m: no method named `code` found for enum `Status` in the current scope\u001b[0m\n\u001b[0m   \u001b[0m\u001b[0m\u001b[1m\u001b[38;5;12m--> \u001b[0m\u001b[0msrc/model.rs:209:61\u001b[0m\n\u001b[0m    \u001b[0m\u001b[0m\u001b[1m\u001b[38;5;12m|\u001b[0m\n\u001b[0m\u001b[1m\u001b[38;5;12m209\u001b[0m\u001b[0m \u001b[0m\u001b[0m\u001b[1m\u001b[38;5;12m|\u001b[0m\u001b[0m \u001b[0m\u001b[0m        status_code: status_code_to_string(span_data.status.code()),\u001b[0m\n\u001b[0m    \u001b[0m\u001b[0m\u001b[1m\u001b[38;5;12m|\u001b[0m\u001b[0m                                                             \u001b[0m\u001b[0m\u001b[1m\u001b[38;5;9m^^^^\u001b[0m\u001b[0m \u001b[0m\u001b[0m\u001b[1m\u001b[38;5;9mmethod not found in `Status`\u001b[0m\n\n"}
{"$message_type":"diagnostic","message":"no method named `description` found for enum `Status` in the current scope","code":{"code":"E0599","explanation":"This error occurs when a method is used on a type which doesn't implement it:\n\nErroneous code example:\n\n```compile_fail,E0599\nstruct Mouth;\n\nlet x = Mouth;\nx.chocolate(); // error: no method named `chocolate` found for type `Mouth`\n               //        in the current scope\n```\n\nIn this case, you need to implement the `chocolate` method to fix the error:\n\n```\nstruct Mouth;\n\nimpl Mouth {\n    fn chocolate(&self) { // We implement the `chocolate` method here.\n        println!(\"Hmmm! I love chocolate!\");\n    }\n}\n\nlet x = Mouth;\nx.chocolate(); // ok!\n```\n"},"level":"error","spans":[{"file_name":"src/model.rs","byte_start":7379,"byte_end":7390,"line_start":210,"line_end":210,"column_start":42,"column_end":53,"is_primary":true,"text":[{"text":"        status_message: span_data.status.description().to_string(),","highlight_start":42,"highlight_end":53}],"label":"method not found in `Status`","suggested_replacement":null,"suggestion_applicability":null,"expansion":null}],"children":[],"rendered":"\u001b[0m\u001b[1m\u001b[38;5;9merror[E0599]\u001b[0m\u001b[0m\u001b[1m: no method named `description` found for enum `Status` in the current scope\u001b[0m\n\u001b[0m   \u001b[0m\u001b[0m\u001b[1m\u001b[38;5;12m--> \u001b[0m\u001b[0msrc/model.rs:210:42\u001b[0m\n\u001b[0m    \u001b[0m\u001b[0m\u001b[1m\u001b[38;5;12m|\u001b[0m\n\u001b[0m\u001b[1m\u001b[38;5;12m210\u001b[0m\u001b[0m \u001b[0m\u001b[0m\u001b[1m\u001b[38;5;12m|\u001b[0m\u001b[0m \u001b[0m\u001b[0m        status_message: span_data.status.description().to_string(),\u001b[0m\n\u001b[0m    \u001b[0m\u001b[0m\u001b[1m\u001b[38;5;12m|\u001b[0m\u001b[0m                                          \u001b[0m\u001b[0m\u001b[1m\u001b[38;5;9m^^^^^^^^^^^\u001b[0m\u001b[0m \u001b[0m\u001b[0m\u001b[1m\u001b[38;5;9mmethod not found in `Status`\u001b[0m\n\n"}
{"$message_type":"diagnostic","message":"mismatched types","code":{"code":"E0308","explanation":"Expected type did not match the received type.\n\nErroneous code examples:\n\n```compile_fail,E0308\nfn plus_one(x: i32) -> i32 {\n    x + 1\n}\n\nplus_one(\"Not a number\");\n//       ^^^^^^^^^^^^^^ expected `i32`, found `&str`\n\nif \"Not a bool\" {\n// ^^^^^^^^^^^^ expected `bool`, found `&str`\n}\n\nlet x: f32 = \"Not a float\";\n//     ---   ^^^^^^^^^^^^^ expected `f32`, found `&str`\n//     |\n//     expected due to this\n```\n\nThis error occurs when an expression was used in a place where the compiler\nexpected an expression of a different type. It can occur in several cases, the\nmost common being when calling a function and passing an argument which has a\ndifferent type than the matching type in the function declaration.\n"},"level":"error","spans":[{"file_name":"src/model.rs","byte_start":8088,"byte_end":8100,"line_start":229,"line_end":229,"column_start":17,"column_end":29,"is_primary":true,"text":[{"text":"            for (key, value) in &ev.attributes {","highlight_start":17,"highlight_end":29}],"label":"expected `KeyValue`, found `(_, _)`","suggested_replacement":null,"suggestion_applicability":null,"expansion":null},{"file_name":"src/model.rs","byte_start":8104,"byte_end":8118,"line_start":229,"line_end":229,"column_start":33,"column_end":47,"is_primary":false,"text":[{"text":"            for (key, value) in &ev.attributes {","highlight_start":33,"highlight_end":47}],"label":"this is an iterator with items of type `&KeyValue`","suggested_replacement":null,"suggestion_applicability":null,"expansion":{"span":{"file_name":"src/model.rs","byte_start":8104,"byte_end":8118,"line_start":229,"line_end":229,"column_start":33,"column_end":47,"is_primary":false,"text":[{"text":"            for (key, value) in &ev.attributes {","highlight_start":33,"highlight_end":47}],"label":null,"suggested_replacement":null,"suggestion_applicability":null,"expansion":null},"macro_decl_name":"desugaring of `for` loop","def_site_span":{"file_name":"src/lib.rs","byte_start":0,"byte_end":0,"line_start":1,"line_end":1,"column_start":1,"column_end":1,"is_primary":false,"text":[],"label":null,"suggested_replacement":null,"suggestion_applicability":null,"expansion":null}}}],"children":[{"message":"expected struct `KeyValue`\n    found tuple `(_, _)`","code":null,"level":"note","spans":[],"children":[],"rendered":null}],"rendered":"\u001b[0m\u001b[1m\u001b[38;5;9merror[E0308]\u001b[0m\u001b[0m\u001b[1m: mismatched types\u001b[0m\n\u001b[0m   \u001b[0m\u001b[0m\u001b[1m\u001b[38;5;12m--> \u001b[0m\u001b[0msrc/model.rs:229:17\u001b[0m\n\u001b[0m    \u001b[0m\u001b[0m\u001b[1m\u001b[38;5;12m|\u001b[0m\n\u001b[0m\u001b[1m\u001b[38;5;12m229\u001b[0m\u001b[0m \u001b[0m\u001b[0m\u001b[1m\u001b[38;5;12m|\u001b[0m\u001b[0m \u001b[0m\u001b[0m            for (key, value) in &ev.attributes {\u001b[0m\n\u001b[0m    \u001b[0m\u001b[0m\u001b[1m\u001b[38;5;12m|\u001b[0m\u001b[0m                 \u001b[0m\u001b[0m\u001b[1m\u001b[38;5;9m^^^^^^^^^^^^\u001b[0m\u001b[0m    \u001b[0m\u001b[0m\u001b[1m\u001b[38;5;12m--------------\u001b[0m\u001b[0m \u001b[0m\u001b[0m\u001b[1m\u001b[38;5;12mthis is an iterator with items of type `&KeyValue`\u001b[0m\n\u001b[0m    \u001b[0m\u001b[0m\u001b[1m\u001b[38;5;12m|\u001b[0m\u001b[0m                 \u001b[0m\u001b[0m\u001b[1m\u001b[38;5;9m|\u001b[0m\n\u001b[0m    \u001b[0m\u001b[0m\u001b[1m\u001b[38;5;12m|\u001b[0m\u001b[0m                 \u001b[0m\u001b[0m\u001b[1m\u001b[38;5;9mexpected `KeyValue`, found `(_, _)`\u001b[0m\n\u001b[0m    \u001b[0m\u001b[0m\u001b[1m\u001b[38;5;12m|\u001b[0m\n\u001b[0m    \u001b[0m\u001b[0m\u001b[1m\u001b[38;5;12m= \u001b[0m\u001b[0m\u001b[1mnote\u001b[0m\u001b[0m: expected struct `\u001b[0m\u001b[0m\u001b[1m\u001b[35mKeyValue\u001b[0m\u001b[0m`\u001b[0m\n\u001b[0m                found tuple `\u001b[0m\u001b[0m\u001b[1m\u001b[35m(_, _)\u001b[0m\u001b[0m`\u001b[0m\n\n"}
{"$message_type":"diagnostic","message":"aborting due to 42 previous errors; 1 warning emitted","code":null,"level":"error","spans":[],"children":[],"rendered":"\u001b[0m\u001b[1m\u001b[38;5;9merror\u001b[0m\u001b[0m\u001b[1m: aborting due to 42 previous errors; 1 warning emitted\u001b[0m\n\n"}
{"$message_type":"diagnostic","message":"Some errors have detailed explanations: E0061, E0195, E0277, E0308, E0412, E0432, E0433, E0583, E0599...","code":null,"level":"failure-note","spans":[],"children":[],"rendered":"\u001b[0m\u001b[1mSome errors have detailed explanations: E0061, E0195, E0277, E0308, E0412, E0432, E0433, E0583, E0599...\u001b[0m\n"}
{"$message_type":"diagnostic","message":"For more information about an error, try `rustc --explain E0061`.","code":null,"level":"failure-note","spans":[],"children":[],"rendered":"\u001b[0m\u001b[1mFor more information about an error, try `rustc --explain E0061`.\u001b[0m\n"}
